{"/home/user/model-editor/docs/config.js": {"path":"/home/user/model-editor/docs/config.js","statementMap":{"0":{"start":{"line":1,"column":25},"end":{"line":1,"column":31}}},"fnMap":{},"branchMap":{},"s":{"0":26},"f":{},"b":{}}
,"/home/user/model-editor/docs/src/exampleFiles.js": {"path":"/home/user/model-editor/docs/src/exampleFiles.js","statementMap":{"0":{"start":{"line":1,"column":28},"end":{"line":11,"column":1}}},"fnMap":{},"branchMap":{},"s":{"0":2},"f":{},"b":{}}
,"/home/user/model-editor/docs/src/ui.js": {"path":"/home/user/model-editor/docs/src/ui.js","statementMap":{"0":{"start":{"line":1,"column":18},"end":{"line":47,"column":1}}},"fnMap":{},"branchMap":{},"s":{"0":2},"f":{},"b":{}}
,"/home/user/model-editor/docs/src/applications/exampleApp.js": {"path":"/home/user/model-editor/docs/src/applications/exampleApp.js","statementMap":{"0":{"start":{"line":7,"column":2},"end":{"line":7,"column":null}},"1":{"start":{"line":13,"column":24},"end":{"line":13,"column":75}},"2":{"start":{"line":13,"column":49},"end":{"line":13,"column":74}},"3":{"start":{"line":14,"column":21},"end":{"line":14,"column":69}},"4":{"start":{"line":14,"column":46},"end":{"line":14,"column":68}},"5":{"start":{"line":16,"column":44},"end":{"line":19,"column":4}},"6":{"start":{"line":17,"column":39},"end":{"line":17,"column":58}},"7":{"start":{"line":18,"column":36},"end":{"line":18,"column":55}},"8":{"start":{"line":21,"column":2},"end":{"line":21,"column":null}},"9":{"start":{"line":21,"column":53},"end":{"line":21,"column":70}},"10":{"start":{"line":22,"column":2},"end":{"line":22,"column":null}},"11":{"start":{"line":22,"column":47},"end":{"line":22,"column":65}},"12":{"start":{"line":24,"column":2},"end":{"line":26,"column":null}},"13":{"start":{"line":25,"column":4},"end":{"line":25,"column":null}},"14":{"start":{"line":27,"column":2},"end":{"line":31,"column":null}},"15":{"start":{"line":28,"column":4},"end":{"line":28,"column":null}},"16":{"start":{"line":30,"column":4},"end":{"line":30,"column":null}},"17":{"start":{"line":36,"column":2},"end":{"line":41,"column":null}},"18":{"start":{"line":37,"column":16},"end":{"line":37,"column":66}},"19":{"start":{"line":38,"column":4},"end":{"line":38,"column":null}},"20":{"start":{"line":40,"column":4},"end":{"line":40,"column":null}},"21":{"start":{"line":45,"column":2},"end":{"line":45,"column":null}},"22":{"start":{"line":46,"column":22},"end":{"line":46,"column":24}},"23":{"start":{"line":47,"column":19},"end":{"line":47,"column":21}},"24":{"start":{"line":49,"column":2},"end":{"line":62,"column":null}},"25":{"start":{"line":50,"column":4},"end":{"line":50,"column":null}},"26":{"start":{"line":50,"column":40},"end":{"line":50,"column":null}},"27":{"start":{"line":51,"column":4},"end":{"line":51,"column":null}},"28":{"start":{"line":52,"column":17},"end":{"line":52,"column":49}},"29":{"start":{"line":53,"column":4},"end":{"line":61,"column":null}},"30":{"start":{"line":54,"column":18},"end":{"line":54,"column":53}},"31":{"start":{"line":55,"column":6},"end":{"line":55,"column":null}},"32":{"start":{"line":55,"column":19},"end":{"line":55,"column":null}},"33":{"start":{"line":56,"column":19},"end":{"line":56,"column":35}},"34":{"start":{"line":57,"column":6},"end":{"line":57,"column":null}},"35":{"start":{"line":58,"column":6},"end":{"line":58,"column":null}},"36":{"start":{"line":60,"column":6},"end":{"line":60,"column":null}},"37":{"start":{"line":64,"column":2},"end":{"line":76,"column":null}},"38":{"start":{"line":65,"column":4},"end":{"line":65,"column":null}},"39":{"start":{"line":65,"column":37},"end":{"line":65,"column":null}},"40":{"start":{"line":66,"column":4},"end":{"line":66,"column":null}},"41":{"start":{"line":67,"column":17},"end":{"line":67,"column":43}},"42":{"start":{"line":68,"column":4},"end":{"line":75,"column":null}},"43":{"start":{"line":69,"column":18},"end":{"line":69,"column":53}},"44":{"start":{"line":70,"column":6},"end":{"line":70,"column":null}},"45":{"start":{"line":70,"column":19},"end":{"line":70,"column":null}},"46":{"start":{"line":71,"column":19},"end":{"line":71,"column":35}},"47":{"start":{"line":72,"column":6},"end":{"line":72,"column":null}},"48":{"start":{"line":74,"column":6},"end":{"line":74,"column":null}}},"fnMap":{"0":{"name":"toFetchPath","decl":{"start":{"line":6,"column":9},"end":{"line":6,"column":20}},"loc":{"start":{"line":6,"column":27},"end":{"line":8,"column":null}}},"1":{"name":"refreshExampleVisibility","decl":{"start":{"line":12,"column":22},"end":{"line":12,"column":46}},"loc":{"start":{"line":12,"column":48},"end":{"line":33,"column":null}}},"2":{"name":"(anonymous_2)","decl":{"start":{"line":13,"column":44},"end":{"line":13,"column":45}},"loc":{"start":{"line":13,"column":49},"end":{"line":13,"column":74}}},"3":{"name":"(anonymous_3)","decl":{"start":{"line":14,"column":41},"end":{"line":14,"column":42}},"loc":{"start":{"line":14,"column":46},"end":{"line":14,"column":68}}},"4":{"name":"(anonymous_4)","decl":{"start":{"line":17,"column":34},"end":{"line":17,"column":35}},"loc":{"start":{"line":17,"column":39},"end":{"line":17,"column":58}}},"5":{"name":"(anonymous_5)","decl":{"start":{"line":18,"column":31},"end":{"line":18,"column":32}},"loc":{"start":{"line":18,"column":36},"end":{"line":18,"column":55}}},"6":{"name":"(anonymous_6)","decl":{"start":{"line":21,"column":43},"end":{"line":21,"column":44}},"loc":{"start":{"line":21,"column":53},"end":{"line":21,"column":70}}},"7":{"name":"(anonymous_7)","decl":{"start":{"line":22,"column":37},"end":{"line":22,"column":38}},"loc":{"start":{"line":22,"column":47},"end":{"line":22,"column":65}}},"8":{"name":"isAvailable","decl":{"start":{"line":35,"column":15},"end":{"line":35,"column":26}},"loc":{"start":{"line":35,"column":33},"end":{"line":42,"column":null}}},"9":{"name":"wireExampleHandlers","decl":{"start":{"line":44,"column":22},"end":{"line":44,"column":41}},"loc":{"start":{"line":44,"column":44},"end":{"line":77,"column":null}}},"10":{"name":"(anonymous_10)","decl":{"start":{"line":49,"column":47},"end":{"line":49,"column":52}},"loc":{"start":{"line":49,"column":59},"end":{"line":62,"column":3}}},"11":{"name":"(anonymous_11)","decl":{"start":{"line":64,"column":44},"end":{"line":64,"column":49}},"loc":{"start":{"line":64,"column":56},"end":{"line":76,"column":3}}}},"branchMap":{"0":{"loc":{"start":{"line":24,"column":2},"end":{"line":26,"column":null}},"type":"if","locations":[{"start":{"line":24,"column":2},"end":{"line":26,"column":null}},{"start":{},"end":{}}]},"1":{"loc":{"start":{"line":27,"column":2},"end":{"line":31,"column":null}},"type":"if","locations":[{"start":{"line":27,"column":2},"end":{"line":31,"column":null}},{"start":{"line":29,"column":9},"end":{"line":31,"column":null}}]},"2":{"loc":{"start":{"line":27,"column":6},"end":{"line":27,"column":51}},"type":"binary-expr","locations":[{"start":{"line":27,"column":6},"end":{"line":27,"column":22}},{"start":{"line":27,"column":26},"end":{"line":27,"column":51}}]},"3":{"loc":{"start":{"line":50,"column":4},"end":{"line":50,"column":null}},"type":"if","locations":[{"start":{"line":50,"column":4},"end":{"line":50,"column":null}},{"start":{},"end":{}}]},"4":{"loc":{"start":{"line":55,"column":6},"end":{"line":55,"column":null}},"type":"if","locations":[{"start":{"line":55,"column":6},"end":{"line":55,"column":null}},{"start":{},"end":{}}]},"5":{"loc":{"start":{"line":65,"column":4},"end":{"line":65,"column":null}},"type":"if","locations":[{"start":{"line":65,"column":4},"end":{"line":65,"column":null}},{"start":{},"end":{}}]},"6":{"loc":{"start":{"line":70,"column":6},"end":{"line":70,"column":null}},"type":"if","locations":[{"start":{"line":70,"column":6},"end":{"line":70,"column":null}},{"start":{},"end":{}}]}},"s":{"0":0,"1":0,"2":0,"3":0,"4":0,"5":0,"6":0,"7":0,"8":0,"9":0,"10":0,"11":0,"12":0,"13":0,"14":0,"15":0,"16":0,"17":0,"18":0,"19":0,"20":0,"21":0,"22":0,"23":0,"24":0,"25":0,"26":0,"27":0,"28":0,"29":0,"30":0,"31":0,"32":0,"33":0,"34":0,"35":0,"36":0,"37":0,"38":0,"39":0,"40":0,"41":0,"42":0,"43":0,"44":0,"45":0,"46":0,"47":0,"48":0},"f":{"0":0,"1":0,"2":0,"3":0,"4":0,"5":0,"6":0,"7":0,"8":0,"9":0,"10":0,"11":0},"b":{"0":[0,0],"1":[0,0],"2":[0,0],"3":[0,0],"4":[0,0],"5":[0,0],"6":[0,0]}}
,"/home/user/model-editor/docs/src/applications/graphApp.js": {"path":"/home/user/model-editor/docs/src/applications/graphApp.js","statementMap":{"0":{"start":{"line":14,"column":2},"end":{"line":16,"column":null}},"1":{"start":{"line":15,"column":4},"end":{"line":15,"column":null}},"2":{"start":{"line":18,"column":2},"end":{"line":25,"column":null}},"3":{"start":{"line":19,"column":16},"end":{"line":19,"column":25}},"4":{"start":{"line":20,"column":16},"end":{"line":20,"column":49}},"5":{"start":{"line":21,"column":4},"end":{"line":21,"column":null}},"6":{"start":{"line":23,"column":4},"end":{"line":23,"column":null}},"7":{"start":{"line":24,"column":4},"end":{"line":24,"column":null}},"8":{"start":{"line":32,"column":19},"end":{"line":32,"column":32}},"9":{"start":{"line":33,"column":2},"end":{"line":35,"column":null}},"10":{"start":{"line":34,"column":4},"end":{"line":34,"column":null}},"11":{"start":{"line":38,"column":27},"end":{"line":38,"column":49}},"12":{"start":{"line":41,"column":2},"end":{"line":41,"column":null}},"13":{"start":{"line":44,"column":20},"end":{"line":44,"column":65}},"14":{"start":{"line":47,"column":2},"end":{"line":49,"column":null}},"15":{"start":{"line":48,"column":4},"end":{"line":48,"column":null}},"16":{"start":{"line":53,"column":2},"end":{"line":58,"column":null}},"17":{"start":{"line":54,"column":19},"end":{"line":54,"column":51}},"18":{"start":{"line":55,"column":4},"end":{"line":55,"column":null}},"19":{"start":{"line":56,"column":4},"end":{"line":56,"column":null}},"20":{"start":{"line":57,"column":4},"end":{"line":57,"column":null}},"21":{"start":{"line":61,"column":2},"end":{"line":63,"column":null}},"22":{"start":{"line":62,"column":4},"end":{"line":62,"column":null}},"23":{"start":{"line":66,"column":2},"end":{"line":66,"column":null}},"24":{"start":{"line":67,"column":2},"end":{"line":67,"column":null}},"25":{"start":{"line":74,"column":2},"end":{"line":74,"column":null}},"26":{"start":{"line":75,"column":2},"end":{"line":80,"column":null}},"27":{"start":{"line":75,"column":15},"end":{"line":75,"column":16}},"28":{"start":{"line":76,"column":19},"end":{"line":76,"column":51}},"29":{"start":{"line":77,"column":4},"end":{"line":77,"column":null}},"30":{"start":{"line":78,"column":4},"end":{"line":78,"column":null}},"31":{"start":{"line":79,"column":4},"end":{"line":79,"column":null}},"32":{"start":{"line":82,"column":2},"end":{"line":82,"column":null}},"33":{"start":{"line":89,"column":22},"end":{"line":89,"column":49}},"34":{"start":{"line":90,"column":2},"end":{"line":94,"column":null}},"35":{"start":{"line":91,"column":4},"end":{"line":91,"column":null}},"36":{"start":{"line":93,"column":4},"end":{"line":93,"column":null}},"37":{"start":{"line":101,"column":2},"end":{"line":101,"column":null}},"38":{"start":{"line":102,"column":2},"end":{"line":102,"column":null}},"39":{"start":{"line":109,"column":2},"end":{"line":109,"column":null}},"40":{"start":{"line":110,"column":2},"end":{"line":110,"column":null}},"41":{"start":{"line":117,"column":2},"end":{"line":117,"column":null}},"42":{"start":{"line":124,"column":2},"end":{"line":124,"column":null}},"43":{"start":{"line":131,"column":2},"end":{"line":133,"column":null}},"44":{"start":{"line":132,"column":4},"end":{"line":132,"column":null}},"45":{"start":{"line":135,"column":2},"end":{"line":138,"column":null}},"46":{"start":{"line":145,"column":2},"end":{"line":145,"column":null}},"47":{"start":{"line":147,"column":21},"end":{"line":147,"column":53}},"48":{"start":{"line":148,"column":2},"end":{"line":150,"column":null}},"49":{"start":{"line":149,"column":4},"end":{"line":149,"column":null}},"50":{"start":{"line":153,"column":18},"end":{"line":153,"column":67}},"51":{"start":{"line":154,"column":15},"end":{"line":154,"column":75}},"52":{"start":{"line":155,"column":14},"end":{"line":155,"column":39}},"53":{"start":{"line":158,"column":15},"end":{"line":158,"column":42}},"54":{"start":{"line":159,"column":2},"end":{"line":159,"column":null}},"55":{"start":{"line":160,"column":19},"end":{"line":160,"column":59}},"56":{"start":{"line":161,"column":2},"end":{"line":161,"column":null}},"57":{"start":{"line":162,"column":2},"end":{"line":162,"column":null}},"58":{"start":{"line":163,"column":2},"end":{"line":163,"column":null}},"59":{"start":{"line":164,"column":2},"end":{"line":164,"column":null}},"60":{"start":{"line":165,"column":2},"end":{"line":165,"column":null}},"61":{"start":{"line":172,"column":2},"end":{"line":172,"column":null}},"62":{"start":{"line":174,"column":21},"end":{"line":174,"column":53}},"63":{"start":{"line":175,"column":2},"end":{"line":177,"column":null}},"64":{"start":{"line":176,"column":4},"end":{"line":176,"column":null}},"65":{"start":{"line":180,"column":17},"end":{"line":180,"column":49}},"66":{"start":{"line":181,"column":14},"end":{"line":181,"column":37}},"67":{"start":{"line":186,"column":2},"end":{"line":211,"column":null}},"68":{"start":{"line":187,"column":4},"end":{"line":205,"column":null}},"69":{"start":{"line":191,"column":6},"end":{"line":191,"column":null}},"70":{"start":{"line":192,"column":6},"end":{"line":192,"column":null}},"71":{"start":{"line":193,"column":11},"end":{"line":205,"column":null}},"72":{"start":{"line":198,"column":6},"end":{"line":198,"column":null}},"73":{"start":{"line":199,"column":6},"end":{"line":199,"column":null}},"74":{"start":{"line":202,"column":22},"end":{"line":202,"column":56}},"75":{"start":{"line":203,"column":6},"end":{"line":203,"column":38}},"76":{"start":{"line":204,"column":6},"end":{"line":204,"column":40}},"77":{"start":{"line":208,"column":20},"end":{"line":208,"column":54}},"78":{"start":{"line":209,"column":4},"end":{"line":209,"column":null}},"79":{"start":{"line":210,"column":4},"end":{"line":210,"column":null}},"80":{"start":{"line":214,"column":2},"end":{"line":214,"column":null}},"81":{"start":{"line":215,"column":2},"end":{"line":215,"column":null}},"82":{"start":{"line":218,"column":18},"end":{"line":218,"column":67}},"83":{"start":{"line":219,"column":14},"end":{"line":219,"column":25}},"84":{"start":{"line":220,"column":15},"end":{"line":220,"column":75}},"85":{"start":{"line":221,"column":14},"end":{"line":221,"column":39}},"86":{"start":{"line":223,"column":2},"end":{"line":239,"column":null}},"87":{"start":{"line":224,"column":4},"end":{"line":224,"column":null}},"88":{"start":{"line":225,"column":4},"end":{"line":225,"column":null}},"89":{"start":{"line":228,"column":4},"end":{"line":238,"column":null}},"90":{"start":{"line":229,"column":21},"end":{"line":229,"column":49}},"91":{"start":{"line":230,"column":19},"end":{"line":230,"column":46}},"92":{"start":{"line":231,"column":6},"end":{"line":231,"column":null}},"93":{"start":{"line":232,"column":23},"end":{"line":232,"column":63}},"94":{"start":{"line":233,"column":6},"end":{"line":233,"column":null}},"95":{"start":{"line":234,"column":6},"end":{"line":234,"column":null}},"96":{"start":{"line":235,"column":6},"end":{"line":235,"column":null}},"97":{"start":{"line":236,"column":6},"end":{"line":236,"column":null}},"98":{"start":{"line":237,"column":6},"end":{"line":237,"column":null}},"99":{"start":{"line":241,"column":2},"end":{"line":241,"column":null}},"100":{"start":{"line":248,"column":19},"end":{"line":248,"column":32}},"101":{"start":{"line":249,"column":2},"end":{"line":255,"column":null}},"102":{"start":{"line":250,"column":4},"end":{"line":250,"column":null}},"103":{"start":{"line":251,"column":4},"end":{"line":251,"column":null}},"104":{"start":{"line":252,"column":4},"end":{"line":252,"column":null}},"105":{"start":{"line":253,"column":4},"end":{"line":253,"column":null}},"106":{"start":{"line":254,"column":4},"end":{"line":254,"column":null}},"107":{"start":{"line":257,"column":19},"end":{"line":257,"column":41}},"108":{"start":{"line":258,"column":2},"end":{"line":264,"column":null}},"109":{"start":{"line":259,"column":4},"end":{"line":259,"column":null}},"110":{"start":{"line":260,"column":4},"end":{"line":260,"column":null}},"111":{"start":{"line":261,"column":4},"end":{"line":261,"column":null}},"112":{"start":{"line":262,"column":4},"end":{"line":262,"column":null}},"113":{"start":{"line":263,"column":4},"end":{"line":263,"column":null}},"114":{"start":{"line":266,"column":16},"end":{"line":266,"column":49}},"115":{"start":{"line":268,"column":2},"end":{"line":294,"column":null}},"116":{"start":{"line":270,"column":18},"end":{"line":270,"column":73}},"117":{"start":{"line":273,"column":22},"end":{"line":273,"column":50}},"118":{"start":{"line":274,"column":4},"end":{"line":274,"column":null}},"119":{"start":{"line":275,"column":4},"end":{"line":275,"column":null}},"120":{"start":{"line":278,"column":4},"end":{"line":288,"column":null}},"121":{"start":{"line":279,"column":18},"end":{"line":279,"column":49}},"122":{"start":{"line":280,"column":6},"end":{"line":280,"column":null}},"123":{"start":{"line":282,"column":6},"end":{"line":282,"column":null}},"124":{"start":{"line":284,"column":6},"end":{"line":284,"column":null}},"125":{"start":{"line":286,"column":6},"end":{"line":286,"column":null}},"126":{"start":{"line":287,"column":6},"end":{"line":287,"column":null}},"127":{"start":{"line":290,"column":4},"end":{"line":290,"column":null}},"128":{"start":{"line":291,"column":4},"end":{"line":291,"column":null}},"129":{"start":{"line":292,"column":4},"end":{"line":292,"column":null}},"130":{"start":{"line":293,"column":4},"end":{"line":293,"column":null}},"131":{"start":{"line":302,"column":2},"end":{"line":302,"column":null}},"132":{"start":{"line":305,"column":2},"end":{"line":309,"column":null}},"133":{"start":{"line":306,"column":4},"end":{"line":308,"column":null}},"134":{"start":{"line":307,"column":6},"end":{"line":307,"column":null}},"135":{"start":{"line":311,"column":2},"end":{"line":315,"column":null}},"136":{"start":{"line":312,"column":4},"end":{"line":314,"column":null}},"137":{"start":{"line":313,"column":6},"end":{"line":313,"column":null}},"138":{"start":{"line":318,"column":2},"end":{"line":318,"column":null}},"139":{"start":{"line":321,"column":2},"end":{"line":323,"column":null}},"140":{"start":{"line":322,"column":4},"end":{"line":322,"column":null}},"141":{"start":{"line":326,"column":2},"end":{"line":326,"column":null}},"142":{"start":{"line":327,"column":2},"end":{"line":327,"column":null}},"143":{"start":{"line":330,"column":2},"end":{"line":338,"column":null}},"144":{"start":{"line":331,"column":4},"end":{"line":334,"column":null}},"145":{"start":{"line":332,"column":6},"end":{"line":332,"column":null}},"146":{"start":{"line":333,"column":6},"end":{"line":333,"column":null}},"147":{"start":{"line":335,"column":4},"end":{"line":337,"column":null}},"148":{"start":{"line":336,"column":6},"end":{"line":336,"column":null}},"149":{"start":{"line":342,"column":2},"end":{"line":348,"column":null}},"150":{"start":{"line":343,"column":4},"end":{"line":343,"column":null}},"151":{"start":{"line":344,"column":4},"end":{"line":344,"column":null}},"152":{"start":{"line":345,"column":4},"end":{"line":345,"column":null}},"153":{"start":{"line":346,"column":4},"end":{"line":346,"column":null}},"154":{"start":{"line":347,"column":4},"end":{"line":347,"column":null}}},"fnMap":{"0":{"name":"renderDotToSvg","decl":{"start":{"line":12,"column":15},"end":{"line":12,"column":29}},"loc":{"start":{"line":12,"column":41},"end":{"line":26,"column":null}}},"1":{"name":"populateVariableDropdown","decl":{"start":{"line":31,"column":9},"end":{"line":31,"column":33}},"loc":{"start":{"line":31,"column":36},"end":{"line":68,"column":null}}},"2":{"name":"populateDepthDropdown","decl":{"start":{"line":73,"column":9},"end":{"line":73,"column":30}},"loc":{"start":{"line":73,"column":33},"end":{"line":83,"column":null}}},"3":{"name":"applyFitToScreen","decl":{"start":{"line":88,"column":9},"end":{"line":88,"column":25}},"loc":{"start":{"line":88,"column":28},"end":{"line":95,"column":null}}},"4":{"name":"showDownloadLinks","decl":{"start":{"line":100,"column":9},"end":{"line":100,"column":26}},"loc":{"start":{"line":100,"column":29},"end":{"line":103,"column":null}}},"5":{"name":"hideDownloadLinks","decl":{"start":{"line":108,"column":9},"end":{"line":108,"column":26}},"loc":{"start":{"line":108,"column":29},"end":{"line":111,"column":null}}},"6":{"name":"showDotCopyLink","decl":{"start":{"line":116,"column":9},"end":{"line":116,"column":24}},"loc":{"start":{"line":116,"column":27},"end":{"line":118,"column":null}}},"7":{"name":"hideDotCopyLink","decl":{"start":{"line":123,"column":9},"end":{"line":123,"column":24}},"loc":{"start":{"line":123,"column":27},"end":{"line":125,"column":null}}},"8":{"name":"sanitizeFilename","decl":{"start":{"line":130,"column":9},"end":{"line":130,"column":25}},"loc":{"start":{"line":130,"column":32},"end":{"line":139,"column":null}}},"9":{"name":"downloadSvg","decl":{"start":{"line":144,"column":9},"end":{"line":144,"column":20}},"loc":{"start":{"line":144,"column":28},"end":{"line":166,"column":null}}},"10":{"name":"downloadPng","decl":{"start":{"line":171,"column":9},"end":{"line":171,"column":20}},"loc":{"start":{"line":171,"column":28},"end":{"line":242,"column":null}}},"11":{"name":"(anonymous_11)","decl":{"start":{"line":223,"column":15},"end":{"line":223,"column":23}},"loc":{"start":{"line":223,"column":26},"end":{"line":239,"column":3}}},"12":{"name":"(anonymous_12)","decl":{"start":{"line":228,"column":18},"end":{"line":228,"column":26}},"loc":{"start":{"line":228,"column":36},"end":{"line":238,"column":5}}},"13":{"name":"generateGraph","decl":{"start":{"line":247,"column":15},"end":{"line":247,"column":28}},"loc":{"start":{"line":247,"column":31},"end":{"line":295,"column":null}}},"14":{"name":"wireGraphHandlers","decl":{"start":{"line":300,"column":16},"end":{"line":300,"column":33}},"loc":{"start":{"line":300,"column":36},"end":{"line":349,"column":null}}},"15":{"name":"(anonymous_15)","decl":{"start":{"line":305,"column":46},"end":{"line":305,"column":47}},"loc":{"start":{"line":305,"column":52},"end":{"line":309,"column":3}}},"16":{"name":"(anonymous_16)","decl":{"start":{"line":311,"column":43},"end":{"line":311,"column":44}},"loc":{"start":{"line":311,"column":49},"end":{"line":315,"column":3}}},"17":{"name":"(anonymous_17)","decl":{"start":{"line":321,"column":56},"end":{"line":321,"column":57}},"loc":{"start":{"line":321,"column":62},"end":{"line":323,"column":3}}},"18":{"name":"(anonymous_18)","decl":{"start":{"line":330,"column":44},"end":{"line":330,"column":45}},"loc":{"start":{"line":330,"column":50},"end":{"line":338,"column":3}}},"19":{"name":"(anonymous_19)","decl":{"start":{"line":335,"column":65},"end":{"line":335,"column":68}},"loc":{"start":{"line":335,"column":72},"end":{"line":337,"column":5}}},"20":{"name":"(anonymous_20)","decl":{"start":{"line":342,"column":41},"end":{"line":342,"column":42}},"loc":{"start":{"line":342,"column":47},"end":{"line":348,"column":3}}}},"branchMap":{"0":{"loc":{"start":{"line":14,"column":2},"end":{"line":16,"column":null}},"type":"if","locations":[{"start":{"line":14,"column":2},"end":{"line":16,"column":null}},{"start":{},"end":{}}]},"1":{"loc":{"start":{"line":33,"column":2},"end":{"line":35,"column":null}},"type":"if","locations":[{"start":{"line":33,"column":2},"end":{"line":35,"column":null}},{"start":{},"end":{}}]},"2":{"loc":{"start":{"line":33,"column":6},"end":{"line":33,"column":37}},"type":"binary-expr","locations":[{"start":{"line":33,"column":6},"end":{"line":33,"column":15}},{"start":{"line":33,"column":19},"end":{"line":33,"column":37}}]},"3":{"loc":{"start":{"line":47,"column":2},"end":{"line":49,"column":null}},"type":"if","locations":[{"start":{"line":47,"column":2},"end":{"line":49,"column":null}},{"start":{},"end":{}}]},"4":{"loc":{"start":{"line":61,"column":2},"end":{"line":63,"column":null}},"type":"if","locations":[{"start":{"line":61,"column":2},"end":{"line":63,"column":null}},{"start":{},"end":{}}]},"5":{"loc":{"start":{"line":61,"column":6},"end":{"line":61,"column":62}},"type":"binary-expr","locations":[{"start":{"line":61,"column":6},"end":{"line":61,"column":22}},{"start":{"line":61,"column":26},"end":{"line":61,"column":62}}]},"6":{"loc":{"start":{"line":90,"column":2},"end":{"line":94,"column":null}},"type":"if","locations":[{"start":{"line":90,"column":2},"end":{"line":94,"column":null}},{"start":{"line":92,"column":9},"end":{"line":94,"column":null}}]},"7":{"loc":{"start":{"line":131,"column":2},"end":{"line":133,"column":null}},"type":"if","locations":[{"start":{"line":131,"column":2},"end":{"line":133,"column":null}},{"start":{},"end":{}}]},"8":{"loc":{"start":{"line":135,"column":9},"end":{"line":138,"column":40}},"type":"binary-expr","locations":[{"start":{"line":135,"column":9},"end":{"line":138,"column":28}},{"start":{"line":138,"column":32},"end":{"line":138,"column":40}}]},"9":{"loc":{"start":{"line":148,"column":2},"end":{"line":150,"column":null}},"type":"if","locations":[{"start":{"line":148,"column":2},"end":{"line":150,"column":null}},{"start":{},"end":{}}]},"10":{"loc":{"start":{"line":175,"column":2},"end":{"line":177,"column":null}},"type":"if","locations":[{"start":{"line":175,"column":2},"end":{"line":177,"column":null}},{"start":{},"end":{}}]},"11":{"loc":{"start":{"line":187,"column":4},"end":{"line":205,"column":null}},"type":"if","locations":[{"start":{"line":187,"column":4},"end":{"line":205,"column":null}},{"start":{"line":193,"column":11},"end":{"line":205,"column":null}}]},"12":{"loc":{"start":{"line":187,"column":8},"end":{"line":190,"column":85}},"type":"binary-expr","locations":[{"start":{"line":187,"column":8},"end":{"line":187,"column":26}},{"start":{"line":187,"column":30},"end":{"line":187,"column":56}},{"start":{"line":188,"column":8},"end":{"line":188,"column":60}},{"start":{"line":189,"column":8},"end":{"line":189,"column":61}},{"start":{"line":190,"column":8},"end":{"line":190,"column":44}},{"start":{"line":190,"column":48},"end":{"line":190,"column":85}}]},"13":{"loc":{"start":{"line":193,"column":11},"end":{"line":205,"column":null}},"type":"if","locations":[{"start":{"line":193,"column":11},"end":{"line":205,"column":null}},{"start":{"line":200,"column":11},"end":{"line":205,"column":null}}]},"14":{"loc":{"start":{"line":193,"column":15},"end":{"line":197,"column":88}},"type":"binary-expr","locations":[{"start":{"line":193,"column":15},"end":{"line":193,"column":31}},{"start":{"line":193,"column":35},"end":{"line":193,"column":59}},{"start":{"line":194,"column":15},"end":{"line":194,"column":32}},{"start":{"line":194,"column":36},"end":{"line":194,"column":61}},{"start":{"line":195,"column":15},"end":{"line":195,"column":65}},{"start":{"line":196,"column":15},"end":{"line":196,"column":66}},{"start":{"line":197,"column":15},"end":{"line":197,"column":49}},{"start":{"line":197,"column":53},"end":{"line":197,"column":88}}]},"15":{"loc":{"start":{"line":203,"column":17},"end":{"line":203,"column":37}},"type":"binary-expr","locations":[{"start":{"line":203,"column":17},"end":{"line":203,"column":30}},{"start":{"line":203,"column":34},"end":{"line":203,"column":37}}]},"16":{"loc":{"start":{"line":204,"column":18},"end":{"line":204,"column":39}},"type":"binary-expr","locations":[{"start":{"line":204,"column":18},"end":{"line":204,"column":32}},{"start":{"line":204,"column":36},"end":{"line":204,"column":39}}]},"17":{"loc":{"start":{"line":209,"column":15},"end":{"line":209,"column":35}},"type":"binary-expr","locations":[{"start":{"line":209,"column":15},"end":{"line":209,"column":28}},{"start":{"line":209,"column":32},"end":{"line":209,"column":35}}]},"18":{"loc":{"start":{"line":210,"column":16},"end":{"line":210,"column":37}},"type":"binary-expr","locations":[{"start":{"line":210,"column":16},"end":{"line":210,"column":30}},{"start":{"line":210,"column":34},"end":{"line":210,"column":37}}]},"19":{"loc":{"start":{"line":249,"column":2},"end":{"line":255,"column":null}},"type":"if","locations":[{"start":{"line":249,"column":2},"end":{"line":255,"column":null}},{"start":{},"end":{}}]},"20":{"loc":{"start":{"line":249,"column":6},"end":{"line":249,"column":37}},"type":"binary-expr","locations":[{"start":{"line":249,"column":6},"end":{"line":249,"column":15}},{"start":{"line":249,"column":19},"end":{"line":249,"column":37}}]},"21":{"loc":{"start":{"line":258,"column":2},"end":{"line":264,"column":null}},"type":"if","locations":[{"start":{"line":258,"column":2},"end":{"line":264,"column":null}},{"start":{},"end":{}}]},"22":{"loc":{"start":{"line":306,"column":4},"end":{"line":308,"column":null}},"type":"if","locations":[{"start":{"line":306,"column":4},"end":{"line":308,"column":null}},{"start":{},"end":{}}]},"23":{"loc":{"start":{"line":312,"column":4},"end":{"line":314,"column":null}},"type":"if","locations":[{"start":{"line":312,"column":4},"end":{"line":314,"column":null}},{"start":{},"end":{}}]},"24":{"loc":{"start":{"line":331,"column":4},"end":{"line":334,"column":null}},"type":"if","locations":[{"start":{"line":331,"column":4},"end":{"line":334,"column":null}},{"start":{},"end":{}}]}},"s":{"0":0,"1":0,"2":0,"3":0,"4":0,"5":0,"6":0,"7":0,"8":1,"9":1,"10":1,"11":0,"12":0,"13":0,"14":0,"15":0,"16":0,"17":0,"18":0,"19":0,"20":0,"21":0,"22":0,"23":0,"24":0,"25":1,"26":1,"27":1,"28":20,"29":20,"30":20,"31":20,"32":1,"33":0,"34":0,"35":0,"36":0,"37":0,"38":0,"39":1,"40":1,"41":0,"42":1,"43":0,"44":0,"45":0,"46":0,"47":0,"48":0,"49":0,"50":0,"51":0,"52":0,"53":0,"54":0,"55":0,"56":0,"57":0,"58":0,"59":0,"60":0,"61":0,"62":0,"63":0,"64":0,"65":0,"66":0,"67":0,"68":0,"69":0,"70":0,"71":0,"72":0,"73":0,"74":0,"75":0,"76":0,"77":0,"78":0,"79":0,"80":0,"81":0,"82":0,"83":0,"84":0,"85":0,"86":0,"87":0,"88":0,"89":0,"90":0,"91":0,"92":0,"93":0,"94":0,"95":0,"96":0,"97":0,"98":0,"99":0,"100":0,"101":0,"102":0,"103":0,"104":0,"105":0,"106":0,"107":0,"108":0,"109":0,"110":0,"111":0,"112":0,"113":0,"114":0,"115":0,"116":0,"117":0,"118":0,"119":0,"120":0,"121":0,"122":0,"123":0,"124":0,"125":0,"126":0,"127":0,"128":0,"129":0,"130":0,"131":1,"132":1,"133":0,"134":0,"135":1,"136":0,"137":0,"138":1,"139":1,"140":0,"141":1,"142":1,"143":1,"144":0,"145":0,"146":0,"147":0,"148":0,"149":1,"150":1,"151":1,"152":1,"153":1,"154":1},"f":{"0":0,"1":1,"2":1,"3":0,"4":0,"5":1,"6":0,"7":1,"8":0,"9":0,"10":0,"11":0,"12":0,"13":0,"14":1,"15":0,"16":0,"17":0,"18":0,"19":0,"20":1},"b":{"0":[0,0],"1":[1,0],"2":[1,0],"3":[0,0],"4":[0,0],"5":[0,0],"6":[0,0],"7":[0,0],"8":[0,0],"9":[0,0],"10":[0,0],"11":[0,0],"12":[0,0,0,0,0,0],"13":[0,0],"14":[0,0,0,0,0,0,0,0],"15":[0,0],"16":[0,0],"17":[0,0],"18":[0,0],"19":[0,0],"20":[0,0],"21":[0,0],"22":[0,0],"23":[0,0],"24":[0,0]}}
,"/home/user/model-editor/docs/src/applications/languageApp.js": {"path":"/home/user/model-editor/docs/src/applications/languageApp.js","statementMap":{"0":{"start":{"line":8,"column":18},"end":{"line":8,"column":22}},"1":{"start":{"line":9,"column":18},"end":{"line":9,"column":22}},"2":{"start":{"line":10,"column":24},"end":{"line":10,"column":28}},"3":{"start":{"line":11,"column":25},"end":{"line":11,"column":29}},"4":{"start":{"line":12,"column":24},"end":{"line":12,"column":28}},"5":{"start":{"line":14,"column":23},"end":{"line":14,"column":26}},"6":{"start":{"line":17,"column":2},"end":{"line":17,"column":null}},"7":{"start":{"line":21,"column":2},"end":{"line":21,"column":null}},"8":{"start":{"line":27,"column":2},"end":{"line":27,"column":null}},"9":{"start":{"line":28,"column":2},"end":{"line":28,"column":null}},"10":{"start":{"line":32,"column":2},"end":{"line":32,"column":null}},"11":{"start":{"line":33,"column":2},"end":{"line":33,"column":null}},"12":{"start":{"line":34,"column":2},"end":{"line":34,"column":null}},"13":{"start":{"line":38,"column":2},"end":{"line":42,"column":null}},"14":{"start":{"line":39,"column":4},"end":{"line":39,"column":null}},"15":{"start":{"line":41,"column":4},"end":{"line":41,"column":null}},"16":{"start":{"line":46,"column":22},"end":{"line":46,"column":43}},"17":{"start":{"line":47,"column":18},"end":{"line":47,"column":81}},"18":{"start":{"line":49,"column":2},"end":{"line":55,"column":null}},"19":{"start":{"line":50,"column":4},"end":{"line":50,"column":null}},"20":{"start":{"line":51,"column":4},"end":{"line":51,"column":null}},"21":{"start":{"line":53,"column":4},"end":{"line":53,"column":null}},"22":{"start":{"line":54,"column":4},"end":{"line":54,"column":null}},"23":{"start":{"line":59,"column":2},"end":{"line":59,"column":null}},"24":{"start":{"line":60,"column":2},"end":{"line":60,"column":null}},"25":{"start":{"line":61,"column":2},"end":{"line":61,"column":null}},"26":{"start":{"line":62,"column":2},"end":{"line":62,"column":null}},"27":{"start":{"line":64,"column":2},"end":{"line":64,"column":null}},"28":{"start":{"line":65,"column":2},"end":{"line":65,"column":null}},"29":{"start":{"line":66,"column":2},"end":{"line":66,"column":39}},"30":{"start":{"line":67,"column":2},"end":{"line":67,"column":null}},"31":{"start":{"line":68,"column":2},"end":{"line":68,"column":null}},"32":{"start":{"line":69,"column":2},"end":{"line":69,"column":null}},"33":{"start":{"line":70,"column":2},"end":{"line":70,"column":null}},"34":{"start":{"line":71,"column":2},"end":{"line":71,"column":null}},"35":{"start":{"line":75,"column":2},"end":{"line":75,"column":null}},"36":{"start":{"line":76,"column":2},"end":{"line":76,"column":null}},"37":{"start":{"line":77,"column":2},"end":{"line":77,"column":null}},"38":{"start":{"line":78,"column":2},"end":{"line":78,"column":null}},"39":{"start":{"line":79,"column":2},"end":{"line":79,"column":38}},"40":{"start":{"line":80,"column":2},"end":{"line":80,"column":null}},"41":{"start":{"line":81,"column":2},"end":{"line":81,"column":null}},"42":{"start":{"line":82,"column":2},"end":{"line":82,"column":null}},"43":{"start":{"line":86,"column":2},"end":{"line":86,"column":null}},"44":{"start":{"line":86,"column":13},"end":{"line":86,"column":null}},"45":{"start":{"line":87,"column":2},"end":{"line":94,"column":null}},"46":{"start":{"line":88,"column":16},"end":{"line":88,"column":44}},"47":{"start":{"line":89,"column":16},"end":{"line":89,"column":37}},"48":{"start":{"line":90,"column":17},"end":{"line":90,"column":53}},"49":{"start":{"line":91,"column":4},"end":{"line":91,"column":null}},"50":{"start":{"line":93,"column":4},"end":{"line":93,"column":null}},"51":{"start":{"line":98,"column":2},"end":{"line":98,"column":null}},"52":{"start":{"line":99,"column":2},"end":{"line":99,"column":null}},"53":{"start":{"line":103,"column":2},"end":{"line":107,"column":null}},"54":{"start":{"line":104,"column":4},"end":{"line":104,"column":null}},"55":{"start":{"line":105,"column":4},"end":{"line":105,"column":null}},"56":{"start":{"line":106,"column":4},"end":{"line":106,"column":null}},"57":{"start":{"line":109,"column":2},"end":{"line":118,"column":null}},"58":{"start":{"line":110,"column":16},"end":{"line":110,"column":61}},"59":{"start":{"line":111,"column":16},"end":{"line":111,"column":37}},"60":{"start":{"line":112,"column":4},"end":{"line":112,"column":null}},"61":{"start":{"line":113,"column":4},"end":{"line":113,"column":null}},"62":{"start":{"line":114,"column":4},"end":{"line":114,"column":null}},"63":{"start":{"line":116,"column":4},"end":{"line":116,"column":null}},"64":{"start":{"line":117,"column":4},"end":{"line":117,"column":null}},"65":{"start":{"line":123,"column":2},"end":{"line":125,"column":null}},"66":{"start":{"line":124,"column":4},"end":{"line":124,"column":null}},"67":{"start":{"line":128,"column":2},"end":{"line":128,"column":null}},"68":{"start":{"line":131,"column":2},"end":{"line":133,"column":null}},"69":{"start":{"line":132,"column":4},"end":{"line":132,"column":null}},"70":{"start":{"line":138,"column":2},"end":{"line":140,"column":null}},"71":{"start":{"line":139,"column":4},"end":{"line":139,"column":null}},"72":{"start":{"line":142,"column":2},"end":{"line":149,"column":null}},"73":{"start":{"line":143,"column":4},"end":{"line":143,"column":null}},"74":{"start":{"line":143,"column":22},"end":{"line":143,"column":null}},"75":{"start":{"line":144,"column":16},"end":{"line":144,"column":46}},"76":{"start":{"line":145,"column":4},"end":{"line":145,"column":null}},"77":{"start":{"line":146,"column":4},"end":{"line":146,"column":null}},"78":{"start":{"line":147,"column":4},"end":{"line":147,"column":null}},"79":{"start":{"line":148,"column":4},"end":{"line":148,"column":null}},"80":{"start":{"line":151,"column":2},"end":{"line":153,"column":null}},"81":{"start":{"line":152,"column":4},"end":{"line":152,"column":null}},"82":{"start":{"line":155,"column":2},"end":{"line":165,"column":null}},"83":{"start":{"line":156,"column":17},"end":{"line":156,"column":34}},"84":{"start":{"line":157,"column":4},"end":{"line":157,"column":null}},"85":{"start":{"line":157,"column":15},"end":{"line":157,"column":null}},"86":{"start":{"line":159,"column":19},"end":{"line":159,"column":35}},"87":{"start":{"line":160,"column":4},"end":{"line":163,"column":null}},"88":{"start":{"line":161,"column":6},"end":{"line":161,"column":null}},"89":{"start":{"line":162,"column":6},"end":{"line":162,"column":null}},"90":{"start":{"line":164,"column":4},"end":{"line":164,"column":null}}},"fnMap":{"0":{"name":"getLanguageEnv","decl":{"start":{"line":16,"column":16},"end":{"line":16,"column":30}},"loc":{"start":{"line":16,"column":33},"end":{"line":18,"column":null}}},"1":{"name":"setLogText","decl":{"start":{"line":20,"column":9},"end":{"line":20,"column":19}},"loc":{"start":{"line":20,"column":23},"end":{"line":22,"column":null}}},"2":{"name":"resetModelInputs","decl":{"start":{"line":26,"column":9},"end":{"line":26,"column":25}},"loc":{"start":{"line":26,"column":28},"end":{"line":29,"column":null}}},"3":{"name":"enableControls","decl":{"start":{"line":31,"column":9},"end":{"line":31,"column":23}},"loc":{"start":{"line":31,"column":34},"end":{"line":35,"column":null}}},"4":{"name":"updateLoadedInfo","decl":{"start":{"line":37,"column":9},"end":{"line":37,"column":25}},"loc":{"start":{"line":37,"column":28},"end":{"line":43,"column":null}}},"5":{"name":"updateDirtyIndicator","decl":{"start":{"line":45,"column":9},"end":{"line":45,"column":29}},"loc":{"start":{"line":45,"column":32},"end":{"line":56,"column":null}}},"6":{"name":"commitLanguage","decl":{"start":{"line":58,"column":9},"end":{"line":58,"column":23}},"loc":{"start":{"line":58,"column":35},"end":{"line":72,"column":null}}},"7":{"name":"rejectLanguage","decl":{"start":{"line":74,"column":9},"end":{"line":74,"column":23}},"loc":{"start":{"line":74,"column":28},"end":{"line":83,"column":null}}},"8":{"name":"commitOrRejectLanguage","decl":{"start":{"line":85,"column":16},"end":{"line":85,"column":38}},"loc":{"start":{"line":85,"column":52},"end":{"line":95,"column":null}}},"9":{"name":"updateLanguageStatus","decl":{"start":{"line":97,"column":9},"end":{"line":97,"column":29}},"loc":{"start":{"line":97,"column":52},"end":{"line":100,"column":null}}},"10":{"name":"validateLanguageContent","decl":{"start":{"line":102,"column":9},"end":{"line":102,"column":32}},"loc":{"start":{"line":102,"column":39},"end":{"line":119,"column":null}}},"11":{"name":"debouncedValidateLanguage","decl":{"start":{"line":121,"column":9},"end":{"line":121,"column":34}},"loc":{"start":{"line":121,"column":41},"end":{"line":134,"column":null}}},"12":{"name":"(anonymous_12)","decl":{"start":{"line":131,"column":33},"end":{"line":131,"column":34}},"loc":{"start":{"line":131,"column":39},"end":{"line":133,"column":3}}},"13":{"name":"wireLanguageHandlers","decl":{"start":{"line":136,"column":16},"end":{"line":136,"column":36}},"loc":{"start":{"line":136,"column":39},"end":{"line":166,"column":null}}},"14":{"name":"(anonymous_14)","decl":{"start":{"line":138,"column":44},"end":{"line":138,"column":45}},"loc":{"start":{"line":138,"column":51},"end":{"line":140,"column":3}}},"15":{"name":"(anonymous_15)","decl":{"start":{"line":142,"column":48},"end":{"line":142,"column":49}},"loc":{"start":{"line":142,"column":54},"end":{"line":149,"column":3}}},"16":{"name":"(anonymous_16)","decl":{"start":{"line":151,"column":48},"end":{"line":151,"column":49}},"loc":{"start":{"line":151,"column":54},"end":{"line":153,"column":3}}},"17":{"name":"(anonymous_17)","decl":{"start":{"line":155,"column":49},"end":{"line":155,"column":50}},"loc":{"start":{"line":155,"column":56},"end":{"line":165,"column":3}}},"18":{"name":"(anonymous_18)","decl":{"start":{"line":160,"column":20},"end":{"line":160,"column":21}},"loc":{"start":{"line":160,"column":26},"end":{"line":163,"column":5}}}},"branchMap":{"0":{"loc":{"start":{"line":38,"column":2},"end":{"line":42,"column":null}},"type":"if","locations":[{"start":{"line":38,"column":2},"end":{"line":42,"column":null}},{"start":{"line":40,"column":9},"end":{"line":42,"column":null}}]},"1":{"loc":{"start":{"line":47,"column":18},"end":{"line":47,"column":81}},"type":"binary-expr","locations":[{"start":{"line":47,"column":18},"end":{"line":47,"column":44}},{"start":{"line":47,"column":48},"end":{"line":47,"column":81}}]},"2":{"loc":{"start":{"line":49,"column":2},"end":{"line":55,"column":null}},"type":"if","locations":[{"start":{"line":49,"column":2},"end":{"line":55,"column":null}},{"start":{"line":52,"column":9},"end":{"line":55,"column":null}}]},"3":{"loc":{"start":{"line":86,"column":2},"end":{"line":86,"column":null}},"type":"if","locations":[{"start":{"line":86,"column":2},"end":{"line":86,"column":null}},{"start":{},"end":{}}]},"4":{"loc":{"start":{"line":103,"column":2},"end":{"line":107,"column":null}},"type":"if","locations":[{"start":{"line":103,"column":2},"end":{"line":107,"column":null}},{"start":{},"end":{}}]},"5":{"loc":{"start":{"line":123,"column":2},"end":{"line":125,"column":null}},"type":"if","locations":[{"start":{"line":123,"column":2},"end":{"line":125,"column":null}},{"start":{},"end":{}}]},"6":{"loc":{"start":{"line":143,"column":4},"end":{"line":143,"column":null}},"type":"if","locations":[{"start":{"line":143,"column":4},"end":{"line":143,"column":null}},{"start":{},"end":{}}]},"7":{"loc":{"start":{"line":157,"column":4},"end":{"line":157,"column":null}},"type":"if","locations":[{"start":{"line":157,"column":4},"end":{"line":157,"column":null}},{"start":{},"end":{}}]}},"s":{"0":2,"1":2,"2":2,"3":2,"4":2,"5":2,"6":0,"7":0,"8":0,"9":0,"10":0,"11":0,"12":0,"13":0,"14":0,"15":0,"16":0,"17":0,"18":0,"19":0,"20":0,"21":0,"22":0,"23":0,"24":0,"25":0,"26":0,"27":0,"28":0,"29":0,"30":0,"31":0,"32":0,"33":0,"34":0,"35":0,"36":0,"37":0,"38":0,"39":0,"40":0,"41":0,"42":0,"43":0,"44":0,"45":0,"46":0,"47":0,"48":0,"49":0,"50":0,"51":0,"52":0,"53":0,"54":0,"55":0,"56":0,"57":0,"58":0,"59":0,"60":0,"61":0,"62":0,"63":0,"64":0,"65":0,"66":0,"67":0,"68":0,"69":0,"70":0,"71":0,"72":0,"73":0,"74":0,"75":0,"76":0,"77":0,"78":0,"79":0,"80":0,"81":0,"82":0,"83":0,"84":0,"85":0,"86":0,"87":0,"88":0,"89":0,"90":0},"f":{"0":0,"1":0,"2":0,"3":0,"4":0,"5":0,"6":0,"7":0,"8":0,"9":0,"10":0,"11":0,"12":0,"13":0,"14":0,"15":0,"16":0,"17":0,"18":0},"b":{"0":[0,0],"1":[0,0],"2":[0,0],"3":[0,0],"4":[0,0],"5":[0,0],"6":[0,0],"7":[0,0]}}
,"/home/user/model-editor/docs/src/applications/modelApp.js": {"path":"/home/user/model-editor/docs/src/applications/modelApp.js","statementMap":{"0":{"start":{"line":12,"column":15},"end":{"line":12,"column":19}},"1":{"start":{"line":13,"column":29},"end":{"line":13,"column":33}},"2":{"start":{"line":14,"column":24},"end":{"line":14,"column":28}},"3":{"start":{"line":15,"column":22},"end":{"line":15,"column":26}},"4":{"start":{"line":16,"column":24},"end":{"line":16,"column":28}},"5":{"start":{"line":17,"column":28},"end":{"line":17,"column":29}},"6":{"start":{"line":20,"column":23},"end":{"line":20,"column":26}},"7":{"start":{"line":23,"column":2},"end":{"line":23,"column":null}},"8":{"start":{"line":27,"column":2},"end":{"line":27,"column":null}},"9":{"start":{"line":28,"column":2},"end":{"line":28,"column":null}},"10":{"start":{"line":29,"column":2},"end":{"line":29,"column":null}},"11":{"start":{"line":32,"column":2},"end":{"line":32,"column":null}},"12":{"start":{"line":36,"column":2},"end":{"line":36,"column":null}},"13":{"start":{"line":40,"column":2},"end":{"line":43,"column":null}},"14":{"start":{"line":41,"column":4},"end":{"line":41,"column":null}},"15":{"start":{"line":42,"column":4},"end":{"line":42,"column":null}},"16":{"start":{"line":44,"column":2},"end":{"line":44,"column":null}},"17":{"start":{"line":48,"column":2},"end":{"line":52,"column":null}},"18":{"start":{"line":49,"column":4},"end":{"line":49,"column":null}},"19":{"start":{"line":51,"column":4},"end":{"line":51,"column":null}},"20":{"start":{"line":56,"column":22},"end":{"line":56,"column":47}},"21":{"start":{"line":57,"column":18},"end":{"line":57,"column":81}},"22":{"start":{"line":59,"column":2},"end":{"line":65,"column":null}},"23":{"start":{"line":60,"column":4},"end":{"line":60,"column":null}},"24":{"start":{"line":61,"column":4},"end":{"line":61,"column":null}},"25":{"start":{"line":63,"column":4},"end":{"line":63,"column":null}},"26":{"start":{"line":64,"column":4},"end":{"line":64,"column":null}},"27":{"start":{"line":69,"column":2},"end":{"line":104,"column":null}},"28":{"start":{"line":70,"column":4},"end":{"line":70,"column":null}},"29":{"start":{"line":71,"column":19},"end":{"line":71,"column":58}},"30":{"start":{"line":72,"column":4},"end":{"line":72,"column":null}},"31":{"start":{"line":73,"column":4},"end":{"line":73,"column":null}},"32":{"start":{"line":74,"column":4},"end":{"line":74,"column":null}},"33":{"start":{"line":75,"column":4},"end":{"line":75,"column":null}},"34":{"start":{"line":76,"column":4},"end":{"line":76,"column":38}},"35":{"start":{"line":77,"column":4},"end":{"line":77,"column":44}},"36":{"start":{"line":78,"column":4},"end":{"line":78,"column":39}},"37":{"start":{"line":79,"column":4},"end":{"line":79,"column":null}},"38":{"start":{"line":80,"column":4},"end":{"line":80,"column":null}},"39":{"start":{"line":81,"column":4},"end":{"line":81,"column":null}},"40":{"start":{"line":84,"column":4},"end":{"line":91,"column":null}},"41":{"start":{"line":85,"column":18},"end":{"line":85,"column":72}},"42":{"start":{"line":86,"column":6},"end":{"line":86,"column":null}},"43":{"start":{"line":87,"column":6},"end":{"line":87,"column":null}},"44":{"start":{"line":89,"column":6},"end":{"line":89,"column":null}},"45":{"start":{"line":90,"column":6},"end":{"line":90,"column":null}},"46":{"start":{"line":94,"column":4},"end":{"line":94,"column":null}},"47":{"start":{"line":96,"column":4},"end":{"line":96,"column":null}},"48":{"start":{"line":97,"column":4},"end":{"line":97,"column":null}},"49":{"start":{"line":98,"column":4},"end":{"line":98,"column":37}},"50":{"start":{"line":99,"column":4},"end":{"line":99,"column":43}},"51":{"start":{"line":100,"column":4},"end":{"line":100,"column":38}},"52":{"start":{"line":101,"column":4},"end":{"line":101,"column":null}},"53":{"start":{"line":102,"column":4},"end":{"line":102,"column":null}},"54":{"start":{"line":103,"column":4},"end":{"line":103,"column":27}},"55":{"start":{"line":107,"column":2},"end":{"line":111,"column":null}},"56":{"start":{"line":108,"column":4},"end":{"line":108,"column":null}},"57":{"start":{"line":109,"column":4},"end":{"line":109,"column":null}},"58":{"start":{"line":110,"column":4},"end":{"line":110,"column":null}},"59":{"start":{"line":112,"column":2},"end":{"line":123,"column":null}},"60":{"start":{"line":113,"column":19},"end":{"line":113,"column":69}},"61":{"start":{"line":114,"column":4},"end":{"line":114,"column":null}},"62":{"start":{"line":115,"column":4},"end":{"line":115,"column":null}},"63":{"start":{"line":117,"column":4},"end":{"line":117,"column":null}},"64":{"start":{"line":119,"column":4},"end":{"line":119,"column":55}},"65":{"start":{"line":120,"column":4},"end":{"line":120,"column":null}},"66":{"start":{"line":122,"column":4},"end":{"line":122,"column":null}},"67":{"start":{"line":127,"column":2},"end":{"line":127,"column":null}},"68":{"start":{"line":128,"column":2},"end":{"line":128,"column":null}},"69":{"start":{"line":133,"column":2},"end":{"line":135,"column":null}},"70":{"start":{"line":134,"column":4},"end":{"line":134,"column":null}},"71":{"start":{"line":138,"column":2},"end":{"line":138,"column":25}},"72":{"start":{"line":141,"column":2},"end":{"line":143,"column":null}},"73":{"start":{"line":142,"column":4},"end":{"line":142,"column":null}},"74":{"start":{"line":153,"column":2},"end":{"line":156,"column":null}},"75":{"start":{"line":154,"column":4},"end":{"line":154,"column":null}},"76":{"start":{"line":155,"column":4},"end":{"line":155,"column":null}},"77":{"start":{"line":158,"column":2},"end":{"line":180,"column":null}},"78":{"start":{"line":160,"column":16},"end":{"line":160,"column":44}},"79":{"start":{"line":161,"column":23},"end":{"line":161,"column":33}},"80":{"start":{"line":164,"column":4},"end":{"line":164,"column":null}},"81":{"start":{"line":167,"column":4},"end":{"line":167,"column":null}},"82":{"start":{"line":170,"column":4},"end":{"line":170,"column":null}},"83":{"start":{"line":171,"column":4},"end":{"line":171,"column":null}},"84":{"start":{"line":174,"column":4},"end":{"line":174,"column":null}},"85":{"start":{"line":177,"column":4},"end":{"line":177,"column":null}},"86":{"start":{"line":179,"column":4},"end":{"line":179,"column":null}},"87":{"start":{"line":184,"column":2},"end":{"line":184,"column":null}},"88":{"start":{"line":184,"column":27},"end":{"line":184,"column":null}},"89":{"start":{"line":185,"column":2},"end":{"line":185,"column":null}},"90":{"start":{"line":186,"column":2},"end":{"line":186,"column":null}},"91":{"start":{"line":191,"column":2},"end":{"line":194,"column":null}},"92":{"start":{"line":192,"column":4},"end":{"line":192,"column":null}},"93":{"start":{"line":192,"column":29},"end":{"line":192,"column":null}},"94":{"start":{"line":193,"column":4},"end":{"line":193,"column":null}},"95":{"start":{"line":198,"column":2},"end":{"line":217,"column":null}},"96":{"start":{"line":199,"column":17},"end":{"line":199,"column":null}},"97":{"start":{"line":200,"column":4},"end":{"line":200,"column":null}},"98":{"start":{"line":200,"column":15},"end":{"line":200,"column":null}},"99":{"start":{"line":201,"column":4},"end":{"line":201,"column":null}},"100":{"start":{"line":203,"column":17},"end":{"line":203,"column":null}},"101":{"start":{"line":204,"column":4},"end":{"line":204,"column":null}},"102":{"start":{"line":204,"column":32},"end":{"line":204,"column":null}},"103":{"start":{"line":206,"column":4},"end":{"line":206,"column":null}},"104":{"start":{"line":209,"column":4},"end":{"line":209,"column":null}},"105":{"start":{"line":209,"column":19},"end":{"line":209,"column":null}},"106":{"start":{"line":210,"column":4},"end":{"line":216,"column":null}},"107":{"start":{"line":211,"column":18},"end":{"line":211,"column":null}},"108":{"start":{"line":212,"column":6},"end":{"line":212,"column":null}},"109":{"start":{"line":213,"column":6},"end":{"line":213,"column":null}},"110":{"start":{"line":215,"column":6},"end":{"line":215,"column":null}},"111":{"start":{"line":220,"column":2},"end":{"line":227,"column":null}},"112":{"start":{"line":221,"column":4},"end":{"line":221,"column":null}},"113":{"start":{"line":221,"column":19},"end":{"line":221,"column":null}},"114":{"start":{"line":222,"column":16},"end":{"line":222,"column":44}},"115":{"start":{"line":223,"column":4},"end":{"line":223,"column":null}},"116":{"start":{"line":224,"column":4},"end":{"line":224,"column":null}},"117":{"start":{"line":225,"column":4},"end":{"line":225,"column":null}},"118":{"start":{"line":226,"column":4},"end":{"line":226,"column":null}},"119":{"start":{"line":229,"column":2},"end":{"line":247,"column":null}},"120":{"start":{"line":230,"column":4},"end":{"line":230,"column":null}},"121":{"start":{"line":230,"column":19},"end":{"line":230,"column":null}},"122":{"start":{"line":231,"column":4},"end":{"line":246,"column":null}},"123":{"start":{"line":232,"column":19},"end":{"line":232,"column":76}},"124":{"start":{"line":235,"column":18},"end":{"line":235,"column":43}},"125":{"start":{"line":236,"column":16},"end":{"line":236,"column":43}},"126":{"start":{"line":237,"column":6},"end":{"line":237,"column":null}},"127":{"start":{"line":238,"column":6},"end":{"line":238,"column":null}},"128":{"start":{"line":239,"column":6},"end":{"line":239,"column":null}},"129":{"start":{"line":240,"column":6},"end":{"line":240,"column":null}},"130":{"start":{"line":241,"column":6},"end":{"line":241,"column":null}},"131":{"start":{"line":242,"column":6},"end":{"line":242,"column":null}},"132":{"start":{"line":244,"column":6},"end":{"line":244,"column":null}},"133":{"start":{"line":245,"column":6},"end":{"line":245,"column":null}},"134":{"start":{"line":249,"column":2},"end":{"line":260,"column":null}},"135":{"start":{"line":250,"column":4},"end":{"line":250,"column":null}},"136":{"start":{"line":250,"column":19},"end":{"line":250,"column":null}},"137":{"start":{"line":251,"column":4},"end":{"line":259,"column":null}},"138":{"start":{"line":252,"column":19},"end":{"line":252,"column":71}},"139":{"start":{"line":253,"column":22},"end":{"line":253,"column":63}},"140":{"start":{"line":254,"column":21},"end":{"line":254,"column":36}},"141":{"start":{"line":255,"column":6},"end":{"line":255,"column":null}},"142":{"start":{"line":257,"column":6},"end":{"line":257,"column":null}},"143":{"start":{"line":258,"column":6},"end":{"line":258,"column":null}},"144":{"start":{"line":262,"column":2},"end":{"line":268,"column":null}},"145":{"start":{"line":263,"column":4},"end":{"line":263,"column":null}},"146":{"start":{"line":263,"column":29},"end":{"line":263,"column":null}},"147":{"start":{"line":264,"column":17},"end":{"line":264,"column":42}},"148":{"start":{"line":265,"column":4},"end":{"line":265,"column":null}},"149":{"start":{"line":265,"column":15},"end":{"line":265,"column":null}},"150":{"start":{"line":266,"column":4},"end":{"line":266,"column":null}},"151":{"start":{"line":267,"column":4},"end":{"line":267,"column":null}},"152":{"start":{"line":270,"column":2},"end":{"line":283,"column":null}},"153":{"start":{"line":271,"column":4},"end":{"line":271,"column":null}},"154":{"start":{"line":271,"column":29},"end":{"line":271,"column":null}},"155":{"start":{"line":273,"column":17},"end":{"line":273,"column":34}},"156":{"start":{"line":274,"column":4},"end":{"line":274,"column":null}},"157":{"start":{"line":274,"column":15},"end":{"line":274,"column":null}},"158":{"start":{"line":276,"column":19},"end":{"line":276,"column":35}},"159":{"start":{"line":277,"column":4},"end":{"line":281,"column":null}},"160":{"start":{"line":278,"column":6},"end":{"line":278,"column":null}},"161":{"start":{"line":279,"column":6},"end":{"line":279,"column":null}},"162":{"start":{"line":280,"column":6},"end":{"line":280,"column":null}},"163":{"start":{"line":282,"column":4},"end":{"line":282,"column":null}}},"fnMap":{"0":{"name":"getModelEnv","decl":{"start":{"line":22,"column":16},"end":{"line":22,"column":27}},"loc":{"start":{"line":22,"column":30},"end":{"line":24,"column":null}}},"1":{"name":"setModelEnv","decl":{"start":{"line":26,"column":16},"end":{"line":26,"column":27}},"loc":{"start":{"line":26,"column":41},"end":{"line":33,"column":null}}},"2":{"name":"setLogText","decl":{"start":{"line":35,"column":9},"end":{"line":35,"column":19}},"loc":{"start":{"line":35,"column":23},"end":{"line":37,"column":null}}},"3":{"name":"languageEnvIsSet","decl":{"start":{"line":39,"column":9},"end":{"line":39,"column":25}},"loc":{"start":{"line":39,"column":28},"end":{"line":45,"column":null}}},"4":{"name":"updateLoadedInfo","decl":{"start":{"line":47,"column":9},"end":{"line":47,"column":25}},"loc":{"start":{"line":47,"column":28},"end":{"line":53,"column":null}}},"5":{"name":"updateDirtyIndicator","decl":{"start":{"line":55,"column":9},"end":{"line":55,"column":29}},"loc":{"start":{"line":55,"column":32},"end":{"line":66,"column":null}}},"6":{"name":"validateModel","decl":{"start":{"line":68,"column":16},"end":{"line":68,"column":29}},"loc":{"start":{"line":68,"column":52},"end":{"line":105,"column":null}}},"7":{"name":"validateModelContent","decl":{"start":{"line":106,"column":9},"end":{"line":106,"column":29}},"loc":{"start":{"line":106,"column":42},"end":{"line":124,"column":null}}},"8":{"name":"updateModelStatus","decl":{"start":{"line":126,"column":9},"end":{"line":126,"column":26}},"loc":{"start":{"line":126,"column":49},"end":{"line":129,"column":null}}},"9":{"name":"debouncedValidateModel","decl":{"start":{"line":131,"column":9},"end":{"line":131,"column":31}},"loc":{"start":{"line":131,"column":44},"end":{"line":144,"column":null}}},"10":{"name":"(anonymous_10)","decl":{"start":{"line":141,"column":33},"end":{"line":141,"column":34}},"loc":{"start":{"line":141,"column":39},"end":{"line":143,"column":3}}},"11":{"name":"updateModelTextareaAndDate","decl":{"start":{"line":152,"column":16},"end":{"line":152,"column":42}},"loc":{"start":{"line":152,"column":45},"end":{"line":181,"column":null}}},"12":{"name":"loadModelFromText","decl":{"start":{"line":183,"column":16},"end":{"line":183,"column":33}},"loc":{"start":{"line":183,"column":50},"end":{"line":187,"column":null}}},"13":{"name":"wireModelHandlers","decl":{"start":{"line":189,"column":16},"end":{"line":189,"column":33}},"loc":{"start":{"line":189,"column":36},"end":{"line":284,"column":null}}},"14":{"name":"(anonymous_14)","decl":{"start":{"line":191,"column":41},"end":{"line":191,"column":42}},"loc":{"start":{"line":191,"column":48},"end":{"line":194,"column":3}}},"15":{"name":"(anonymous_15)","decl":{"start":{"line":198,"column":50},"end":{"line":198,"column":51}},"loc":{"start":{"line":198,"column":57},"end":{"line":217,"column":3}}},"16":{"name":"(anonymous_16)","decl":{"start":{"line":220,"column":45},"end":{"line":220,"column":46}},"loc":{"start":{"line":220,"column":51},"end":{"line":227,"column":3}}},"17":{"name":"(anonymous_17)","decl":{"start":{"line":229,"column":51},"end":{"line":229,"column":56}},"loc":{"start":{"line":229,"column":63},"end":{"line":247,"column":3}}},"18":{"name":"(anonymous_18)","decl":{"start":{"line":249,"column":46},"end":{"line":249,"column":47}},"loc":{"start":{"line":249,"column":52},"end":{"line":260,"column":3}}},"19":{"name":"(anonymous_19)","decl":{"start":{"line":262,"column":45},"end":{"line":262,"column":46}},"loc":{"start":{"line":262,"column":51},"end":{"line":268,"column":3}}},"20":{"name":"(anonymous_20)","decl":{"start":{"line":270,"column":46},"end":{"line":270,"column":47}},"loc":{"start":{"line":270,"column":53},"end":{"line":283,"column":3}}},"21":{"name":"(anonymous_21)","decl":{"start":{"line":277,"column":20},"end":{"line":277,"column":21}},"loc":{"start":{"line":277,"column":26},"end":{"line":281,"column":5}}}},"branchMap":{"0":{"loc":{"start":{"line":40,"column":2},"end":{"line":43,"column":null}},"type":"if","locations":[{"start":{"line":40,"column":2},"end":{"line":43,"column":null}},{"start":{},"end":{}}]},"1":{"loc":{"start":{"line":48,"column":2},"end":{"line":52,"column":null}},"type":"if","locations":[{"start":{"line":48,"column":2},"end":{"line":52,"column":null}},{"start":{"line":50,"column":9},"end":{"line":52,"column":null}}]},"2":{"loc":{"start":{"line":57,"column":18},"end":{"line":57,"column":81}},"type":"binary-expr","locations":[{"start":{"line":57,"column":18},"end":{"line":57,"column":44}},{"start":{"line":57,"column":48},"end":{"line":57,"column":81}}]},"3":{"loc":{"start":{"line":59,"column":2},"end":{"line":65,"column":null}},"type":"if","locations":[{"start":{"line":59,"column":2},"end":{"line":65,"column":null}},{"start":{"line":62,"column":9},"end":{"line":65,"column":null}}]},"4":{"loc":{"start":{"line":107,"column":2},"end":{"line":111,"column":null}},"type":"if","locations":[{"start":{"line":107,"column":2},"end":{"line":111,"column":null}},{"start":{},"end":{}}]},"5":{"loc":{"start":{"line":133,"column":2},"end":{"line":135,"column":null}},"type":"if","locations":[{"start":{"line":133,"column":2},"end":{"line":135,"column":null}},{"start":{},"end":{}}]},"6":{"loc":{"start":{"line":153,"column":2},"end":{"line":156,"column":null}},"type":"if","locations":[{"start":{"line":153,"column":2},"end":{"line":156,"column":null}},{"start":{},"end":{}}]},"7":{"loc":{"start":{"line":184,"column":2},"end":{"line":184,"column":null}},"type":"if","locations":[{"start":{"line":184,"column":2},"end":{"line":184,"column":null}},{"start":{},"end":{}}]},"8":{"loc":{"start":{"line":192,"column":4},"end":{"line":192,"column":null}},"type":"if","locations":[{"start":{"line":192,"column":4},"end":{"line":192,"column":null}},{"start":{},"end":{}}]},"9":{"loc":{"start":{"line":200,"column":4},"end":{"line":200,"column":null}},"type":"if","locations":[{"start":{"line":200,"column":4},"end":{"line":200,"column":null}},{"start":{},"end":{}}]},"10":{"loc":{"start":{"line":204,"column":4},"end":{"line":204,"column":null}},"type":"if","locations":[{"start":{"line":204,"column":4},"end":{"line":204,"column":null}},{"start":{},"end":{}}]},"11":{"loc":{"start":{"line":209,"column":4},"end":{"line":209,"column":null}},"type":"if","locations":[{"start":{"line":209,"column":4},"end":{"line":209,"column":null}},{"start":{},"end":{}}]},"12":{"loc":{"start":{"line":221,"column":4},"end":{"line":221,"column":null}},"type":"if","locations":[{"start":{"line":221,"column":4},"end":{"line":221,"column":null}},{"start":{},"end":{}}]},"13":{"loc":{"start":{"line":230,"column":4},"end":{"line":230,"column":null}},"type":"if","locations":[{"start":{"line":230,"column":4},"end":{"line":230,"column":null}},{"start":{},"end":{}}]},"14":{"loc":{"start":{"line":250,"column":4},"end":{"line":250,"column":null}},"type":"if","locations":[{"start":{"line":250,"column":4},"end":{"line":250,"column":null}},{"start":{},"end":{}}]},"15":{"loc":{"start":{"line":263,"column":4},"end":{"line":263,"column":null}},"type":"if","locations":[{"start":{"line":263,"column":4},"end":{"line":263,"column":null}},{"start":{},"end":{}}]},"16":{"loc":{"start":{"line":265,"column":4},"end":{"line":265,"column":null}},"type":"if","locations":[{"start":{"line":265,"column":4},"end":{"line":265,"column":null}},{"start":{},"end":{}}]},"17":{"loc":{"start":{"line":271,"column":4},"end":{"line":271,"column":null}},"type":"if","locations":[{"start":{"line":271,"column":4},"end":{"line":271,"column":null}},{"start":{},"end":{}}]},"18":{"loc":{"start":{"line":274,"column":4},"end":{"line":274,"column":null}},"type":"if","locations":[{"start":{"line":274,"column":4},"end":{"line":274,"column":null}},{"start":{},"end":{}}]}},"s":{"0":2,"1":2,"2":2,"3":2,"4":2,"5":2,"6":2,"7":1,"8":0,"9":0,"10":0,"11":0,"12":0,"13":0,"14":0,"15":0,"16":0,"17":0,"18":0,"19":0,"20":0,"21":0,"22":0,"23":0,"24":0,"25":0,"26":0,"27":0,"28":0,"29":0,"30":0,"31":0,"32":0,"33":0,"34":0,"35":0,"36":0,"37":0,"38":0,"39":0,"40":0,"41":0,"42":0,"43":0,"44":0,"45":0,"46":0,"47":0,"48":0,"49":0,"50":0,"51":0,"52":0,"53":0,"54":0,"55":0,"56":0,"57":0,"58":0,"59":0,"60":0,"61":0,"62":0,"63":0,"64":0,"65":0,"66":0,"67":0,"68":0,"69":0,"70":0,"71":0,"72":0,"73":0,"74":1,"75":1,"76":1,"77":0,"78":0,"79":0,"80":0,"81":0,"82":0,"83":0,"84":0,"85":0,"86":0,"87":0,"88":0,"89":0,"90":0,"91":0,"92":0,"93":0,"94":0,"95":0,"96":0,"97":0,"98":0,"99":0,"100":0,"101":0,"102":0,"103":0,"104":0,"105":0,"106":0,"107":0,"108":0,"109":0,"110":0,"111":0,"112":0,"113":0,"114":0,"115":0,"116":0,"117":0,"118":0,"119":0,"120":0,"121":0,"122":0,"123":0,"124":0,"125":0,"126":0,"127":0,"128":0,"129":0,"130":0,"131":0,"132":0,"133":0,"134":0,"135":0,"136":0,"137":0,"138":0,"139":0,"140":0,"141":0,"142":0,"143":0,"144":0,"145":0,"146":0,"147":0,"148":0,"149":0,"150":0,"151":0,"152":0,"153":0,"154":0,"155":0,"156":0,"157":0,"158":0,"159":0,"160":0,"161":0,"162":0,"163":0},"f":{"0":1,"1":0,"2":0,"3":0,"4":0,"5":0,"6":0,"7":0,"8":0,"9":0,"10":0,"11":1,"12":0,"13":0,"14":0,"15":0,"16":0,"17":0,"18":0,"19":0,"20":0,"21":0},"b":{"0":[0,0],"1":[0,0],"2":[0,0],"3":[0,0],"4":[0,0],"5":[0,0],"6":[1,0],"7":[0,0],"8":[0,0],"9":[0,0],"10":[0,0],"11":[0,0],"12":[0,0],"13":[0,0],"14":[0,0],"15":[0,0],"16":[0,0],"17":[0,0],"18":[0,0]}}
,"/home/user/model-editor/docs/src/domain/dependencyCollector.js": {"path":"/home/user/model-editor/docs/src/domain/dependencyCollector.js","statementMap":{"0":{"start":{"line":13,"column":13},"end":{"line":13,"column":55}},"1":{"start":{"line":14,"column":12},"end":{"line":14,"column":25}},"2":{"start":{"line":15,"column":2},"end":{"line":15,"column":null}},"3":{"start":{"line":15,"column":10},"end":{"line":15,"column":null}},"4":{"start":{"line":17,"column":15},"end":{"line":17,"column":19}},"5":{"start":{"line":19,"column":18},"end":{"line":19,"column":64}},"6":{"start":{"line":20,"column":18},"end":{"line":20,"column":67}},"7":{"start":{"line":22,"column":21},"end":{"line":22,"column":40}},"8":{"start":{"line":23,"column":2},"end":{"line":23,"column":null}},"9":{"start":{"line":23,"column":19},"end":{"line":23,"column":null}},"10":{"start":{"line":25,"column":15},"end":{"line":25,"column":45}},"11":{"start":{"line":26,"column":2},"end":{"line":26,"column":null}},"12":{"start":{"line":35,"column":2},"end":{"line":39,"column":null}},"13":{"start":{"line":36,"column":4},"end":{"line":36,"column":null}},"14":{"start":{"line":36,"column":13},"end":{"line":36,"column":null}},"15":{"start":{"line":37,"column":18},"end":{"line":37,"column":null}},"16":{"start":{"line":38,"column":4},"end":{"line":38,"column":null}},"17":{"start":{"line":38,"column":21},"end":{"line":38,"column":null}},"18":{"start":{"line":40,"column":2},"end":{"line":40,"column":null}},"19":{"start":{"line":49,"column":37},"end":{"line":49,"column":44}},"20":{"start":{"line":51,"column":4},"end":{"line":59,"column":null}},"21":{"start":{"line":52,"column":20},"end":{"line":52,"column":48}},"22":{"start":{"line":54,"column":6},"end":{"line":58,"column":null}},"23":{"start":{"line":62,"column":24},"end":{"line":62,"column":null}},"24":{"start":{"line":62,"column":72},"end":{"line":62,"column":77}},"25":{"start":{"line":63,"column":21},"end":{"line":63,"column":null}},"26":{"start":{"line":63,"column":70},"end":{"line":63,"column":120}},"27":{"start":{"line":64,"column":21},"end":{"line":64,"column":null}},"28":{"start":{"line":65,"column":18},"end":{"line":65,"column":null}},"29":{"start":{"line":66,"column":4},"end":{"line":66,"column":null}},"30":{"start":{"line":73,"column":20},"end":{"line":73,"column":41}},"31":{"start":{"line":74,"column":17},"end":{"line":74,"column":46}},"32":{"start":{"line":75,"column":4},"end":{"line":84,"column":null}},"33":{"start":{"line":76,"column":18},"end":{"line":76,"column":33}},"34":{"start":{"line":78,"column":6},"end":{"line":78,"column":null}},"35":{"start":{"line":78,"column":35},"end":{"line":78,"column":null}},"36":{"start":{"line":79,"column":6},"end":{"line":79,"column":null}},"37":{"start":{"line":79,"column":39},"end":{"line":79,"column":null}},"38":{"start":{"line":80,"column":6},"end":{"line":80,"column":null}},"39":{"start":{"line":80,"column":66},"end":{"line":80,"column":null}},"40":{"start":{"line":81,"column":6},"end":{"line":81,"column":null}},"41":{"start":{"line":81,"column":38},"end":{"line":81,"column":null}},"42":{"start":{"line":83,"column":6},"end":{"line":83,"column":null}},"43":{"start":{"line":92,"column":16},"end":{"line":92,"column":43}},"44":{"start":{"line":93,"column":4},"end":{"line":95,"column":null}},"45":{"start":{"line":94,"column":6},"end":{"line":94,"column":null}},"46":{"start":{"line":97,"column":19},"end":{"line":97,"column":57}},"47":{"start":{"line":98,"column":4},"end":{"line":100,"column":null}},"48":{"start":{"line":99,"column":6},"end":{"line":99,"column":null}},"49":{"start":{"line":107,"column":4},"end":{"line":107,"column":null}},"50":{"start":{"line":107,"column":14},"end":{"line":107,"column":null}},"51":{"start":{"line":109,"column":4},"end":{"line":112,"column":null}},"52":{"start":{"line":110,"column":6},"end":{"line":110,"column":null}},"53":{"start":{"line":111,"column":6},"end":{"line":111,"column":null}},"54":{"start":{"line":114,"column":4},"end":{"line":120,"column":null}},"55":{"start":{"line":115,"column":6},"end":{"line":118,"column":null}},"56":{"start":{"line":116,"column":8},"end":{"line":116,"column":null}},"57":{"start":{"line":117,"column":8},"end":{"line":117,"column":null}},"58":{"start":{"line":119,"column":6},"end":{"line":119,"column":null}},"59":{"start":{"line":122,"column":4},"end":{"line":125,"column":null}},"60":{"start":{"line":123,"column":6},"end":{"line":123,"column":null}},"61":{"start":{"line":124,"column":6},"end":{"line":124,"column":null}},"62":{"start":{"line":128,"column":2},"end":{"line":130,"column":null}}},"fnMap":{"0":{"name":"computeShift","decl":{"start":{"line":11,"column":9},"end":{"line":11,"column":21}},"loc":{"start":{"line":11,"column":42},"end":{"line":27,"column":null}}},"1":{"name":"computeShiftAny","decl":{"start":{"line":34,"column":9},"end":{"line":34,"column":24}},"loc":{"start":{"line":34,"column":46},"end":{"line":41,"column":null}}},"2":{"name":"makeDependencyCollector","decl":{"start":{"line":43,"column":16},"end":{"line":43,"column":39}},"loc":{"start":{"line":43,"column":72},"end":{"line":131,"column":null}}},"3":{"name":"addDependencyIfVariable","decl":{"start":{"line":48,"column":11},"end":{"line":48,"column":34}},"loc":{"start":{"line":48,"column":54},"end":{"line":67,"column":null}}},"4":{"name":"(anonymous_4)","decl":{"start":{"line":62,"column":67},"end":{"line":62,"column":68}},"loc":{"start":{"line":62,"column":72},"end":{"line":62,"column":77}}},"5":{"name":"(anonymous_5)","decl":{"start":{"line":63,"column":65},"end":{"line":63,"column":66}},"loc":{"start":{"line":63,"column":70},"end":{"line":63,"column":120}}},"6":{"name":"addDependenciesFromExpression","decl":{"start":{"line":72,"column":11},"end":{"line":72,"column":40}},"loc":{"start":{"line":72,"column":47},"end":{"line":86,"column":null}}},"7":{"name":"addDependenciesFromTableLookup","decl":{"start":{"line":91,"column":11},"end":{"line":91,"column":41}},"loc":{"start":{"line":91,"column":47},"end":{"line":101,"column":null}}},"8":{"name":"addDependenciesFromDefinition","decl":{"start":{"line":106,"column":11},"end":{"line":106,"column":40}},"loc":{"start":{"line":106,"column":46},"end":{"line":126,"column":null}}}},"branchMap":{"0":{"loc":{"start":{"line":15,"column":2},"end":{"line":15,"column":null}},"type":"if","locations":[{"start":{"line":15,"column":2},"end":{"line":15,"column":null}},{"start":{},"end":{}}]},"1":{"loc":{"start":{"line":23,"column":2},"end":{"line":23,"column":null}},"type":"if","locations":[{"start":{"line":23,"column":2},"end":{"line":23,"column":null}},{"start":{},"end":{}}]},"2":{"loc":{"start":{"line":25,"column":15},"end":{"line":25,"column":45}},"type":"cond-expr","locations":[{"start":{"line":25,"column":39},"end":{"line":25,"column":41}},{"start":{"line":25,"column":44},"end":{"line":25,"column":45}}]},"3":{"loc":{"start":{"line":36,"column":4},"end":{"line":36,"column":null}},"type":"if","locations":[{"start":{"line":36,"column":4},"end":{"line":36,"column":null}},{"start":{},"end":{}}]},"4":{"loc":{"start":{"line":38,"column":4},"end":{"line":38,"column":null}},"type":"if","locations":[{"start":{"line":38,"column":4},"end":{"line":38,"column":null}},{"start":{},"end":{}}]},"5":{"loc":{"start":{"line":48,"column":40},"end":{"line":48,"column":52}},"type":"default-arg","locations":[{"start":{"line":48,"column":50},"end":{"line":48,"column":52}}]},"6":{"loc":{"start":{"line":49,"column":12},"end":{"line":49,"column":22}},"type":"default-arg","locations":[{"start":{"line":49,"column":20},"end":{"line":49,"column":22}}]},"7":{"loc":{"start":{"line":51,"column":4},"end":{"line":59,"column":null}},"type":"if","locations":[{"start":{"line":51,"column":4},"end":{"line":59,"column":null}},{"start":{},"end":{}}]},"8":{"loc":{"start":{"line":52,"column":20},"end":{"line":52,"column":48}},"type":"cond-expr","locations":[{"start":{"line":52,"column":28},"end":{"line":52,"column":43}},{"start":{"line":52,"column":46},"end":{"line":52,"column":48}}]},"9":{"loc":{"start":{"line":63,"column":77},"end":{"line":63,"column":90}},"type":"binary-expr","locations":[{"start":{"line":63,"column":77},"end":{"line":63,"column":84}},{"start":{"line":63,"column":88},"end":{"line":63,"column":90}}]},"10":{"loc":{"start":{"line":65,"column":39},"end":{"line":65,"column":55}},"type":"binary-expr","locations":[{"start":{"line":65,"column":39},"end":{"line":65,"column":49}},{"start":{"line":65,"column":53},"end":{"line":65,"column":55}}]},"11":{"loc":{"start":{"line":73,"column":20},"end":{"line":73,"column":41}},"type":"binary-expr","locations":[{"start":{"line":73,"column":20},"end":{"line":73,"column":35}},{"start":{"line":73,"column":39},"end":{"line":73,"column":41}}]},"12":{"loc":{"start":{"line":78,"column":6},"end":{"line":78,"column":null}},"type":"if","locations":[{"start":{"line":78,"column":6},"end":{"line":78,"column":null}},{"start":{},"end":{}}]},"13":{"loc":{"start":{"line":79,"column":6},"end":{"line":79,"column":null}},"type":"if","locations":[{"start":{"line":79,"column":6},"end":{"line":79,"column":null}},{"start":{},"end":{}}]},"14":{"loc":{"start":{"line":80,"column":6},"end":{"line":80,"column":null}},"type":"if","locations":[{"start":{"line":80,"column":6},"end":{"line":80,"column":null}},{"start":{},"end":{}}]},"15":{"loc":{"start":{"line":80,"column":10},"end":{"line":80,"column":64}},"type":"binary-expr","locations":[{"start":{"line":80,"column":10},"end":{"line":80,"column":33}},{"start":{"line":80,"column":37},"end":{"line":80,"column":64}}]},"16":{"loc":{"start":{"line":81,"column":6},"end":{"line":81,"column":null}},"type":"if","locations":[{"start":{"line":81,"column":6},"end":{"line":81,"column":null}},{"start":{},"end":{}}]},"17":{"loc":{"start":{"line":93,"column":4},"end":{"line":95,"column":null}},"type":"if","locations":[{"start":{"line":93,"column":4},"end":{"line":95,"column":null}},{"start":{},"end":{}}]},"18":{"loc":{"start":{"line":98,"column":4},"end":{"line":100,"column":null}},"type":"if","locations":[{"start":{"line":98,"column":4},"end":{"line":100,"column":null}},{"start":{},"end":{}}]},"19":{"loc":{"start":{"line":107,"column":4},"end":{"line":107,"column":null}},"type":"if","locations":[{"start":{"line":107,"column":4},"end":{"line":107,"column":null}},{"start":{},"end":{}}]},"20":{"loc":{"start":{"line":109,"column":4},"end":{"line":112,"column":null}},"type":"if","locations":[{"start":{"line":109,"column":4},"end":{"line":112,"column":null}},{"start":{},"end":{}}]},"21":{"loc":{"start":{"line":114,"column":4},"end":{"line":120,"column":null}},"type":"if","locations":[{"start":{"line":114,"column":4},"end":{"line":120,"column":null}},{"start":{},"end":{}}]},"22":{"loc":{"start":{"line":122,"column":4},"end":{"line":125,"column":null}},"type":"if","locations":[{"start":{"line":122,"column":4},"end":{"line":125,"column":null}},{"start":{},"end":{}}]}},"s":{"0":6522,"1":6522,"2":6522,"3":2625,"4":3897,"5":3897,"6":3897,"7":3897,"8":3897,"9":3703,"10":194,"11":194,"12":2471,"13":7527,"14":1005,"15":6522,"16":6522,"17":194,"18":2277,"19":2476,"20":2476,"21":5,"22":5,"23":2471,"24":5207,"25":2471,"26":4748,"27":2471,"28":2471,"29":2471,"30":1550,"31":1550,"32":1550,"33":4186,"34":4186,"35":177,"36":4009,"37":88,"38":3921,"39":10,"40":3911,"41":1549,"42":2362,"43":57,"44":57,"45":57,"46":57,"47":57,"48":57,"49":1933,"50":0,"51":1933,"52":1000,"53":995,"54":933,"55":126,"56":275,"57":275,"58":126,"59":807,"60":57,"61":57,"62":1933},"f":{"0":6522,"1":2471,"2":1933,"3":2476,"4":5207,"5":4748,"6":1550,"7":57,"8":1933},"b":{"0":[2625,3897],"1":[3703,194],"2":[191,3],"3":[1005,6522],"4":[194,6328],"5":[0],"6":[2362],"7":[5,2471],"8":[0,5],"9":[4748,3282],"10":[2471,114],"11":[1550,0],"12":[177,4009],"13":[88,3921],"14":[10,3911],"15":[3921,10],"16":[1549,2362],"17":[57,0],"18":[57,0],"19":[0,1933],"20":[1000,933],"21":[126,807],"22":[57,750]}}
,"/home/user/model-editor/docs/src/domain/graphRelations.js": {"path":"/home/user/model-editor/docs/src/domain/graphRelations.js","statementMap":{"0":{"start":{"line":22,"column":23},"end":{"line":22,"column":49}},"1":{"start":{"line":25,"column":23},"end":{"line":25,"column":46}},"2":{"start":{"line":28,"column":2},"end":{"line":30,"column":null}},"3":{"start":{"line":29,"column":4},"end":{"line":29,"column":null}},"4":{"start":{"line":33,"column":28},"end":{"line":33,"column":51}},"5":{"start":{"line":36,"column":2},"end":{"line":69,"column":null}},"6":{"start":{"line":36,"column":15},"end":{"line":36,"column":16}},"7":{"start":{"line":37,"column":37},"end":{"line":37,"column":46}},"8":{"start":{"line":39,"column":4},"end":{"line":61,"column":null}},"9":{"start":{"line":41,"column":23},"end":{"line":41,"column":58}},"10":{"start":{"line":42,"column":6},"end":{"line":49,"column":null}},"11":{"start":{"line":43,"column":8},"end":{"line":48,"column":null}},"12":{"start":{"line":44,"column":10},"end":{"line":47,"column":null}},"13":{"start":{"line":45,"column":12},"end":{"line":45,"column":null}},"14":{"start":{"line":46,"column":12},"end":{"line":46,"column":null}},"15":{"start":{"line":52,"column":23},"end":{"line":52,"column":58}},"16":{"start":{"line":53,"column":6},"end":{"line":60,"column":null}},"17":{"start":{"line":54,"column":8},"end":{"line":59,"column":null}},"18":{"start":{"line":55,"column":10},"end":{"line":58,"column":null}},"19":{"start":{"line":56,"column":12},"end":{"line":56,"column":null}},"20":{"start":{"line":57,"column":12},"end":{"line":57,"column":null}},"21":{"start":{"line":63,"column":4},"end":{"line":63,"column":null}},"22":{"start":{"line":66,"column":4},"end":{"line":68,"column":null}},"23":{"start":{"line":67,"column":6},"end":{"line":67,"column":null}},"24":{"start":{"line":71,"column":2},"end":{"line":71,"column":null}},"25":{"start":{"line":91,"column":23},"end":{"line":91,"column":49}},"26":{"start":{"line":94,"column":20},"end":{"line":94,"column":68}},"27":{"start":{"line":97,"column":31},"end":{"line":99,"column":11}},"28":{"start":{"line":98,"column":73},"end":{"line":98,"column":100}},"29":{"start":{"line":102,"column":16},"end":{"line":102,"column":25}},"30":{"start":{"line":104,"column":2},"end":{"line":123,"column":null}},"31":{"start":{"line":105,"column":26},"end":{"line":105,"column":35}},"32":{"start":{"line":108,"column":21},"end":{"line":108,"column":56}},"33":{"start":{"line":109,"column":4},"end":{"line":120,"column":null}},"34":{"start":{"line":110,"column":6},"end":{"line":119,"column":null}},"35":{"start":{"line":112,"column":8},"end":{"line":118,"column":null}},"36":{"start":{"line":114,"column":10},"end":{"line":116,"column":null}},"37":{"start":{"line":115,"column":12},"end":{"line":115,"column":null}},"38":{"start":{"line":117,"column":10},"end":{"line":117,"column":null}},"39":{"start":{"line":122,"column":4},"end":{"line":122,"column":null}},"40":{"start":{"line":125,"column":2},"end":{"line":125,"column":null}}},"fnMap":{"0":{"name":"getRelations","decl":{"start":{"line":21,"column":16},"end":{"line":21,"column":28}},"loc":{"start":{"line":21,"column":65},"end":{"line":72,"column":null}}},"1":{"name":"getGraphOfRelations","decl":{"start":{"line":90,"column":16},"end":{"line":90,"column":35}},"loc":{"start":{"line":90,"column":72},"end":{"line":126,"column":null}}},"2":{"name":"(anonymous_2)","decl":{"start":{"line":98,"column":64},"end":{"line":98,"column":69}},"loc":{"start":{"line":98,"column":73},"end":{"line":98,"column":100}}}}
[...]
5,"column":2},"end":{"line":55,"column":null}},"17":{"start":{"line":59,"column":17},"end":{"line":59,"column":19}},"18":{"start":{"line":60,"column":2},"end":{"line":62,"column":null}},"19":{"start":{"line":61,"column":4},"end":{"line":61,"column":null}},"20":{"start":{"line":63,"column":2},"end":{"line":63,"column":null}},"21":{"start":{"line":67,"column":2},"end":{"line":67,"column":null}},"22":{"start":{"line":71,"column":2},"end":{"line":71,"column":null}},"23":{"start":{"line":72,"column":14},"end":{"line":72,"column":32}},"24":{"start":{"line":73,"column":2},"end":{"line":73,"column":null}},"25":{"start":{"line":74,"column":2},"end":{"line":74,"column":null}},"26":{"start":{"line":78,"column":2},"end":{"line":78,"column":null}},"27":{"start":{"line":80,"column":14},"end":{"line":80,"column":72}},"28":{"start":{"line":81,"column":2},"end":{"line":81,"column":null}},"29":{"start":{"line":82,"column":2},"end":{"line":84,"column":null}},"30":{"start":{"line":84,"column":64},"end":{"line":84,"column":74}},"31":{"start":{"line":86,"column":14},"end":{"line":86,"column":57}},"32":{"start":{"line":87,"column":2},"end":{"line":87,"column":null}},"33":{"start":{"line":87,"column":11},"end":{"line":87,"column":null}},"34":{"start":{"line":88,"column":2},"end":{"line":88,"column":null}},"35":{"start":{"line":93,"column":2},"end":{"line":93,"column":null}},"36":{"start":{"line":97,"column":17},"end":{"line":97,"column":19}},"37":{"start":{"line":99,"column":2},"end":{"line":99,"column":null}},"38":{"start":{"line":100,"column":2},"end":{"line":100,"column":null}},"39":{"start":{"line":102,"column":2},"end":{"line":102,"column":null}},"40":{"start":{"line":106,"column":2},"end":{"line":106,"column":null}},"41":{"start":{"line":106,"column":25},"end":{"line":106,"column":null}},"42":{"start":{"line":108,"column":2},"end":{"line":110,"column":null}},"43":{"start":{"line":109,"column":4},"end":{"line":109,"column":null}},"44":{"start":{"line":114,"column":2},"end":{"line":123,"column":null}},"45":{"start":{"line":115,"column":4},"end":{"line":117,"column":null}},"46":{"start":{"line":116,"column":6},"end":{"line":116,"column":null}},"47":{"start":{"line":119,"column":4},"end":{"line":122,"column":null}},"48":{"start":{"line":120,"column":19},"end":{"line":120,"column":41}},"49":{"start":{"line":121,"column":6},"end":{"line":121,"column":null}},"50":{"start":{"line":121,"column":16},"end":{"line":121,"column":null}},"51":{"start":{"line":127,"column":2},"end":{"line":130,"column":null}},"52":{"start":{"line":128,"column":4},"end":{"line":128,"column":null}},"53":{"start":{"line":129,"column":4},"end":{"line":129,"column":null}},"54":{"start":{"line":132,"column":2},"end":{"line":134,"column":null}},"55":{"start":{"line":133,"column":4},"end":{"line":133,"column":null}},"56":{"start":{"line":136,"column":2},"end":{"line":136,"column":null}},"57":{"start":{"line":140,"column":2},"end":{"line":140,"column":null}},"58":{"start":{"line":144,"column":2},"end":{"line":144,"column":null}}},"fnMap":{"0":{"name":"sanitizeFilename","decl":{"start":{"line":4,"column":16},"end":{"line":4,"column":32}},"loc":{"start":{"line":4,"column":39},"end":{"line":10,"column":null}}},"1":{"name":"escapeHtml","decl":{"start":{"line":13,"column":16},"end":{"line":13,"column":26}},"loc":{"start":{"line":13,"column":33},"end":{"line":26,"column":null}}},"2":{"name":"setElementContent","decl":{"start":{"line":28,"column":16},"end":{"line":28,"column":33}},"loc":{"start":{"line":28,"column":48},"end":{"line":39,"column":null}}},"3":{"name":"asArray","decl":{"start":{"line":41,"column":16},"end":{"line":41,"column":23}},"loc":{"start":{"line":41,"column":27},"end":{"line":44,"column":null}}},"4":{"name":"enableElement","decl":{"start":{"line":46,"column":16},"end":{"line":46,"column":29}},"loc":{"start":{"line":46,"column":45},"end":{"line":48,"column":null}}},"5":{"name":"getStringfromObject","decl":{"start":{"line":50,"column":16},"end":{"line":50,"column":35}},"loc":{"start":{"line":50,"column":41},"end":{"line":52,"column":null}}},"6":{"name":"getObjectFromMap","decl":{"start":{"line":54,"column":16},"end":{"line":54,"column":32}},"loc":{"start":{"line":54,"column":38},"end":{"line":56,"column":null}}},"7":{"name":"getObjectFromMapOfSets","decl":{"start":{"line":58,"column":16},"end":{"line":58,"column":38}},"loc":{"start":{"line":58,"column":44},"end":{"line":64,"column":null}}},"8":{"name":"removeStringLiterals","decl":{"start":{"line":66,"column":16},"end":{"line":66,"column":36}},"loc":{"start":{"line":66,"column":43},"end":{"line":68,"column":null}}},"9":{"name":"throwModelError","decl":{"start":{"line":70,"column":16},"end":{"line":70,"column":31}},"loc":{"start":{"line":70,"column":55},"end":{"line":75,"column":null}}},"10":{"name":"parseXmlOrThrow","decl":{"start":{"line":77,"column":16},"end":{"line":77,"column":31}},"loc":{"start":{"line":77,"column":45},"end":{"line":89,"column":null}}},"11":{"name":"(anonymous_11)","decl":{"start":{"line":84,"column":59},"end":{"line":84,"column":60}},"loc":{"start":{"line":84,"column":64},"end":{"line":84,"column":74}}},"12":{"name":"getObjectFromXML","decl":{"start":{"line":92,"column":16},"end":{"line":92,"column":32}},"loc":{"start":{"line":92,"column":38},"end":{"line":94,"column":null}}},"13":{"name":"buildNodeObject","decl":{"start":{"line":96,"column":9},"end":{"line":96,"column":24}},"loc":{"start":{"line":96,"column":31},"end":{"line":103,"column":null}}},"14":{"name":"copyAttributes","decl":{"start":{"line":105,"column":9},"end":{"line":105,"column":23}},"loc":{"start":{"line":105,"column":38},"end":{"line":111,"column":null}}},"15":{"name":"readChildren","decl":{"start":{"line":113,"column":9},"end":{"line":113,"column":21}},"loc":{"start":{"line":113,"column":36},"end":{"line":124,"column":null}}},"16":{"name":"appendChildObject","decl":{"start":{"line":126,"column":9},"end":{"line":126,"column":26}},"loc":{"start":{"line":126,"column":48},"end":{"line":137,"column":null}}},"17":{"name":"isElement","decl":{"start":{"line":139,"column":9},"end":{"line":139,"column":18}},"loc":{"start":{"line":139,"column":25},"end":{"line":141,"column":null}}},"18":{"name":"isText","decl":{"start":{"line":143,"column":9},"end":{"line":143,"column":15}},"loc":{"start":{"line":143,"column":22},"end":{"line":145,"column":null}}}},"branchMap":{"0":{"loc":{"start":{"line":5,"column":9},"end":{"line":9,"column":14}},"type":"binary-expr","locations":[{"start":{"line":5,"column":9},"end":{"line":8,"column":null}},{"start":{"line":9,"column":7},"end":{"line":9,"column":14}}]},"1":{"loc":{"start":{"line":5,"column":16},"end":{"line":5,"column":31}},"type":"binary-expr","locations":[{"start":{"line":5,"column":16},"end":{"line":5,"column":20}},{"start":{"line":5,"column":24},"end":{"line":5,"column":31}}]},"2":{"loc":{"start":{"line":14,"column":2},"end":{"line":16,"column":null}},"type":"if","locations":[{"start":{"line":14,"column":2},"end":{"line":16,"column":null}},{"start":{},"end":{}}]},"3":{"loc":{"start":{"line":17,"column":2},"end":{"line":19,"column":null}},"type":"if","locations":[{"start":{"line":17,"column":2},"end":{"line":19,"column":null}},{"start":{},"end":{}}]},"4":{"loc":{"start":{"line":30,"column":2},"end":{"line":38,"column":null}},"type":"if","locations":[{"start":{"line":30,"column":2},"end":{"line":38,"column":null}},{"start":{"line":34,"column":7},"end":{"line":38,"column":null}}]},"5":{"loc":{"start":{"line":34,"column":7},"end":{"line":38,"column":null}},"type":"if","locations":[{"start":{"line":34,"column":7},"end":{"line":38,"column":null}},{"start":{},"end":{}}]},"6":{"loc":{"start":{"line":42,"column":2},"end":{"line":42,"column":null}},"type":"if","locations":[{"start":{"line":42,"column":2},"end":{"line":42,"column":null}},{"start":{},"end":{}}]},"7":{"loc":{"start":{"line":43,"column":9},"end":{"line":43,"column":35}},"type":"cond-expr","locations":[{"start":{"line":43,"column":28},"end":{"line":43,"column":29}},{"start":{"line":43,"column":32},"end":{"line":43,"column":35}}]},"8":{"loc":{"start":{"line":51,"column":24},"end":{"line":51,"column":33}},"type":"binary-expr","locations":[{"start":{"line":51,"column":24},"end":{"line":51,"column":27}},{"start":{"line":51,"column":31},"end":{"line":51,"column":33}}]},"9":{"loc":{"start":{"line":70,"column":41},"end":{"line":70,"column":53}},"type":"default-arg","locations":[{"start":{"line":70,"column":51},"end":{"line":70,"column":53}}]},"10":{"loc":{"start":{"line":84,"column":15},"end":{"line":84,"column":53}},"type":"binary-expr","locations":[{"start":{"line":84,"column":15},"end":{"line":84,"column":47}},{"start":{"line":84,"column":51},"end":{"line":84,"column":53}}]},"11":{"loc":{"start":{"line":87,"column":2},"end":{"line":87,"column":null}},"type":"if","locations":[{"start":{"line":87,"column":2},"end":{"line":87,"column":null}},{"start":{},"end":{}}]},"12":{"loc":{"start":{"line":106,"column":2},"end":{"line":106,"column":null}},"type":"if","locations":[{"start":{"line":106,"column":2},"end":{"line":106,"column":null}},{"start":{},"end":{}}]},"13":{"loc":{"start":{"line":114,"column":33},"end":{"line":114,"column":55}},"type":"binary-expr","locations":[{"start":{"line":114,"column":33},"end":{"line":114,"column":49}},{"start":{"line":114,"column":53},"end":{"line":114,"column":55}}]},"14":{"loc":{"start":{"line":115,"column":4},"end":{"line":117,"column":null}},"type":"if","locations":[{"start":{"line":115,"column":4},"end":{"line":117,"column":null}},{"start":{},"end":{}}]},"15":{"loc":{"start":{"line":119,"column":4},"end":{"line":122,"column":null}},"type":"if","locations":[{"start":{"line":119,"column":4},"end":{"line":122,"column":null}},{"start":{},"end":{}}]},"16":{"loc":{"start":{"line":121,"column":6},"end":{"line":121,"column":null}},"type":"if","locations":[{"start":{"line":121,"column":6},"end":{"line":121,"column":null}},{"start":{},"end":{}}]},"17":{"loc":{"start":{"line":127,"column":2},"end":{"line":130,"column":null}},"type":"if","locations":[{"start":{"line":127,"column":2},"end":{"line":130,"column":null}},{"start":{},"end":{}}]},"18":{"loc":{"start":{"line":132,"column":2},"end":{"line":134,"column":null}},"type":"if","locations":[{"start":{"line":132,"column":2},"end":{"line":134,"column":null}},{"start":{},"end":{}}]}},"s":{"0":0,"1":0,"2":0,"3":0,"4":0,"5":0,"6":0,"7":0,"8":0,"9":0,"10":0,"11":2858,"12":834,"13":2024,"14":0,"15":12,"16":0,"17":0,"18":0,"19":0,"20":0,"21":1550,"22":12,"23":12,"24":12,"25":12,"26":125,"27":125,"28":125,"29":125,"30":1515,"31":125,"32":125,"33":0,"34":125,"35":116,"36":14026,"37":14026,"38":14026,"39":14026,"40":14026,"41":0,"42":14026,"43":9061,"44":14026,"45":38828,"46":13910,"47":38828,"48":24505,"49":24505,"50":5230,"51":13910,"52":10673,"53":10673,"54":3237,"55":1078,"56":3237,"57":38828,"58":38828},"f":{"0":0,"1":0,"2":0,"3":2858,"4":0,"5":12,"6":0,"7":0,"8":1550,"9":12,"10":125,"11":1515,"12":116,"13":14026,"14":14026,"15":14026,"16":13910,"17":38828,"18":38828},"b":{"0":[0,0],"1":[0,0],"2":[0,0],"3":[0,0],"4":[0,0],"5":[0,0],"6":[834,2024],"7":[1202,822],"8":[12,0],"9":[0],"10":[125,0],"11":[0,125],"12":[0,14026],"13":[14026,0],"14":[13910,24918],"15":[24505,14323],"16":[5230,19275],"17":[10673,3237],"18":[1078,2159]}}
,"/home/user/model-editor/docs/src/utils/logger.js": {"path":"/home/user/model-editor/docs/src/utils/logger.js","statementMap":{"0":{"start":{"line":6,"column":4},"end":{"line":6,"column":43}},"1":{"start":{"line":9,"column":14},"end":{"line":9,"column":54}},"2":{"start":{"line":12,"column":2},"end":{"line":12,"column":null}},"3":{"start":{"line":12,"column":39},"end":{"line":12,"column":null}},"4":{"start":{"line":13,"column":37},"end":{"line":13,"column":48}},"5":{"start":{"line":14,"column":2},"end":{"line":14,"column":null}},"6":{"start":{"line":18,"column":16},"end":{"line":18,"column":33}},"7":{"start":{"line":19,"column":2},"end":{"line":19,"column":null}},"8":{"start":{"line":19,"column":14},"end":{"line":19,"column":null}},"9":{"start":{"line":21,"column":2},"end":{"line":30,"column":null}},"10":{"start":{"line":22,"column":4},"end":{"line":22,"column":null}},"11":{"start":{"line":22,"column":38},"end":{"line":22,"column":null}},"12":{"start":{"line":25,"column":6},"end":{"line":27,"column":35}},"13":{"start":{"line":29,"column":4},"end":{"line":29,"column":null}},"14":{"start":{"line":29,"column":16},"end":{"line":29,"column":null}},"15":{"start":{"line":32,"column":2},"end":{"line":32,"column":null}},"16":{"start":{"line":36,"column":2},"end":{"line":36,"column":null}},"17":{"start":{"line":40,"column":2},"end":{"line":40,"column":null}},"18":{"start":{"line":44,"column":2},"end":{"line":44,"column":null}},"19":{"start":{"line":52,"column":2},"end":{"line":57,"column":null}},"20":{"start":{"line":62,"column":2},"end":{"line":62,"column":null}},"21":{"start":{"line":62,"column":28},"end":{"line":62,"column":null}},"22":{"start":{"line":64,"column":20},"end":{"line":64,"column":36}},"23":{"start":{"line":65,"column":2},"end":{"line":68,"column":null}},"24":{"start":{"line":73,"column":16},"end":{"line":73,"column":48}},"25":{"start":{"line":74,"column":2},"end":{"line":74,"column":null}},"26":{"start":{"line":74,"column":14},"end":{"line":74,"column":null}},"27":{"start":{"line":76,"column":2},"end":{"line":79,"column":null}},"28":{"start":{"line":84,"column":16},"end":{"line":84,"column":38}},"29":{"start":{"line":85,"column":2},"end":{"line":85,"column":null}},"30":{"start":{"line":85,"column":14},"end":{"line":85,"column":null}},"31":{"start":{"line":87,"column":2},"end":{"line":90,"column":null}}},"fnMap":{"0":{"name":"logLogLevel","decl":{"start":{"line":5,"column":16},"end":{"line":5,"column":27}},"loc":{"start":{"line":5,"column":30},"end":{"line":7,"column":null}}},"1":{"name":"log","decl":{"start":{"line":11,"column":16},"end":{"line":11,"column":19}},"loc":{"start":{"line":11,"column":36},"end":{"line":15,"column":null}}},"2":{"name":"getCaller","decl":{"start":{"line":17,"column":9},"end":{"line":17,"column":18}},"loc":{"start":{"line":17,"column":21},"end":{"line":33,"column":null}}},"3":{"name":"unknownCaller","decl":{"start":{"line":35,"column":9},"end":{"line":35,"column":22}},"loc":{"start":{"line":35,"column":25},"end":{"line":37,"column":null}}},"4":{"name":"getStackFrames","decl":{"start":{"line":39,"column":9},"end":{"line":39,"column":23}},"loc":{"start":{"line":39,"column":31},"end":{"line":41,"column":null}}},"5":{"name":"cleanFrame","decl":{"start":{"line":43,"column":9},"end":{"line":43,"column":19}},"loc":{"start":{"line":43,"column":27},"end":{"line":45,"column":null}}},"6":{"name":"isInternalLoggerFrame","decl":{"start":{"line":51,"column":9},"end":{"line":51,"column":30}},"loc":{"start":{"line":51,"column":38},"end":{"line":58,"column":null}}},"7":{"name":"readBrowserCaller","decl":{"start":{"line":61,"column":9},"end":{"line":61,"column":26}},"loc":{"start":{"line":61,"column":34},"end":{"line":69,"column":null}}},"8":{"name":"readNodeCaller","decl":{"start":{"line":72,"column":9},"end":{"line":72,"column":23}},"loc":{"start":{"line":72,"column":31},"end":{"line":80,"column":null}}},"9":{"name":"readNodeTopLevelCaller","decl":{"start":{"line":83,"column":9},"end":{"line":83,"column":31}},"loc":{"start":{"line":83,"column":39},"end":{"line":91,"column":null}}}},"branchMap":{"0":{"loc":{"start":{"line":12,"column":2},"end":{"line":12,"column":null}},"type":"if","locations":[{"start":{"line":12,"column":2},"end":{"line":12,"column":null}},{"start":{},"end":{}}]},"1":{"loc":{"start":{"line":19,"column":2},"end":{"line":19,"column":null}},"type":"if","locations":[{"start":{"line":19,"column":2},"end":{"line":19,"column":null}},{"start":{},"end":{}}]},"2":{"loc":{"start":{"line":22,"column":4},"end":{"line":22,"column":null}},"type":"if","locations":[{"start":{"line":22,"column":4},"end":{"line":22,"column":null}},{"start":{},"end":{}}]},"3":{"loc":{"start":{"line":25,"column":6},"end":{"line":27,"column":35}},"type":"binary-expr","locations":[{"start":{"line":25,"column":6},"end":{"line":25,"column":30}},{"start":{"line":26,"column":6},"end":{"line":26,"column":27}},{"start":{"line":27,"column":6},"end":{"line":27,"column":35}}]},"4":{"loc":{"start":{"line":29,"column":4},"end":{"line":29,"column":null}},"type":"if","locations":[{"start":{"line":29,"column":4},"end":{"line":29,"column":null}},{"start":{},"end":{}}]},"5":{"loc":{"start":{"line":53,"column":4},"end":{"line":56,"column":null}},"type":"binary-expr","locations":[{"start":{"line":53,"column":4},"end":{"line":53,"column":31}},{"start":{"line":54,"column":4},"end":{"line":54,"column":26}},{"start":{"line":55,"column":4},"end":{"line":55,"column":27}},{"start":{"line":56,"column":4},"end":{"line":56,"column":null}}]},"6":{"loc":{"start":{"line":62,"column":2},"end":{"line":62,"column":null}},"type":"if","locations":[{"start":{"line":62,"column":2},"end":{"line":62,"column":null}},{"start":{},"end":{}}]},"7":{"loc":{"start":{"line":66,"column":18},"end":{"line":66,"column":37}},"type":"binary-expr","locations":[{"start":{"line":66,"column":18},"end":{"line":66,"column":20}},{"start":{"line":66,"column":24},"end":{"line":66,"column":37}}]},"8":{"loc":{"start":{"line":67,"column":14},"end":{"line":67,"column":30}},"type":"binary-expr","locations":[{"start":{"line":67,"column":14},"end":{"line":67,"column":17}},{"start":{"line":67,"column":21},"end":{"line":67,"column":30}}]},"9":{"loc":{"start":{"line":74,"column":2},"end":{"line":74,"column":null}},"type":"if","locations":[{"start":{"line":74,"column":2},"end":{"line":74,"column":null}},{"start":{},"end":{}}]},"10":{"loc":{"start":{"line":85,"column":2},"end":{"line":85,"column":null}},"type":"if","locations":[{"start":{"line":85,"column":2},"end":{"line":85,"column":null}},{"start":{},"end":{}}]}},"s":{"0":0,"1":26,"2":856,"3":851,"4":5,"5":5,"6":5,"7":5,"8":0,"9":5,"10":20,"11":10,"12":10,"13":10,"14":5,"15":0,"16":0,"17":5,"18":55,"19":20,"20":10,"21":10,"22":0,"23":0,"24":10,"25":10,"26":5,"27":5,"28":5,"29":5,"30":5,"31":0},"f":{"0":0,"1":856,"2":5,"3":0,"4":5,"5":55,"6":20,"7":10,"8":10,"9":5},"b":{"0":[851,5],"1":[0,5],"2":[10,10],"3":[10,10,5],"4":[5,5],"5":[20,15,15,10],"6":[10,0],"7":[0,0],"8":[0,0],"9":[5,5],"10":[5,0]}}
,"/home/user/model-editor/tests/helpers/fixtures.ts": {"path":"/home/user/model-editor/tests/helpers/fixtures.ts","statementMap":{"0":{"start":{"line":4,"column":2},"end":{"line":4,"column":null}}},"fnMap":{"0":{"name":"getFixture","decl":{"start":{"line":3,"column":16},"end":{"line":3,"column":27}},"loc":{"start":{"line":3,"column":41},"end":{"line":5,"column":null}}}},"branchMap":{},"s":{"0":59},"f":{"0":59},"b":{}}
,"/home/user/model-editor/tests/helpers/xml.js": {"path":"/home/user/model-editor/tests/helpers/xml.js","statementMap":{"0":{"start":{"line":6,"column":0},"end":{"line":6,"column":null}},"1":{"start":{"line":10,"column":15},"end":{"line":10,"column":44}},"2":{"start":{"line":11,"column":14},"end":{"line":11,"column":35}},"3":{"start":{"line":12,"column":2},"end":{"line":12,"column":null}},"4":{"start":{"line":16,"column":14},"end":{"line":16,"column":70}},"5":{"start":{"line":19,"column":2},"end":{"line":19,"column":null}},"6":{"start":{"line":19,"column":32},"end":{"line":19,"column":78}},"7":{"start":{"line":21,"column":2},"end":{"line":21,"column":null}}},"fnMap":{"0":{"name":"loadXml","decl":{"start":{"line":9,"column":16},"end":{"line":9,"column":23}},"loc":{"start":{"line":9,"column":30},"end":{"line":13,"column":null}}},"1":{"name":"loadXmlFromText","decl":{"start":{"line":15,"column":16},"end":{"line":15,"column":31}},"loc":{"start":{"line":15,"column":38},"end":{"line":22,"column":null}}},"2":{"name":"(anonymous_2)","decl":{"start":{"line":19,"column":25},"end":{"line":19,"column":26}},"loc":{"start":{"line":19,"column":32},"end":{"line":19,"column":78}}}},"branchMap":{},"s":{"0":20,"1":24,"2":24,"3":24,"4":26,"5":26,"6":26,"7":26},"f":{"0":24,"1":26,"2":26},"b":{}}
}
