TN:
SF:docs/config.js
FNF:0
FNH:0
DA:1,26
LF:1
LH:1
BRF:0
BRH:0
end_of_record
TN:
SF:docs/src/exampleFiles.js
FNF:0
FNH:0
DA:1,2
LF:1
LH:1
BRF:0
BRH:0
end_of_record
TN:
SF:docs/src/ui.js
FNF:0
FNH:0
DA:1,2
LF:1
LH:1
BRF:0
BRH:0
end_of_record
TN:
SF:docs/src/applications/exampleApp.js
FN:6,toFetchPath
FN:12,refreshExampleVisibility
FN:13,(anonymous_2)
FN:14,(anonymous_3)
FN:17,(anonymous_4)
FN:18,(anonymous_5)
FN:21,(anonymous_6)
FN:22,(anonymous_7)
FN:35,isAvailable
FN:44,wireExampleHandlers
FN:49,(anonymous_10)
FN:64,(anonymous_11)
FNF:12
FNH:0
FNDA:0,toFetchPath
FNDA:0,refreshExampleVisibility
FNDA:0,(anonymous_2)
FNDA:0,(anonymous_3)
FNDA:0,(anonymous_4)
FNDA:0,(anonymous_5)
FNDA:0,(anonymous_6)
FNDA:0,(anonymous_7)
FNDA:0,isAvailable
FNDA:0,wireExampleHandlers
FNDA:0,(anonymous_10)
FNDA:0,(anonymous_11)
DA:7,0
DA:13,0
DA:14,0
DA:16,0
DA:17,0
DA:18,0
DA:21,0
DA:22,0
DA:24,0
DA:25,0
DA:27,0
DA:28,0
DA:30,0
DA:36,0
DA:37,0
DA:38,0
DA:40,0
DA:45,0
DA:46,0
DA:47,0
DA:49,0
DA:50,0
DA:51,0
DA:52,0
DA:53,0
DA:54,0
DA:55,0
DA:56,0
DA:57,0
DA:58,0
DA:60,0
DA:64,0
DA:65,0
DA:66,0
DA:67,0
DA:68,0
DA:69,0
DA:70,0
DA:71,0
DA:72,0
DA:74,0
LF:41
LH:0
BRDA:24,0,0,0
BRDA:24,0,1,0
BRDA:27,1,0,0
BRDA:27,1,1,0
BRDA:27,2,0,0
BRDA:27,2,1,0
BRDA:50,3,0,0
BRDA:50,3,1,0
BRDA:55,4,0,0
BRDA:55,4,1,0
BRDA:65,5,0,0
BRDA:65,5,1,0
BRDA:70,6,0,0
BRDA:70,6,1,0
BRF:14
BRH:0
end_of_record
TN:
SF:docs/src/applications/graphApp.js
FN:12,renderDotToSvg
FN:31,populateVariableDropdown
FN:73,populateDepthDropdown
FN:88,applyFitToScreen
FN:100,showDownloadLinks
FN:108,hideDownloadLinks
FN:116,showDotCopyLink
FN:123,hideDotCopyLink
FN:130,sanitizeFilename
FN:144,downloadSvg
FN:171,downloadPng
FN:223,(anonymous_11)
FN:228,(anonymous_12)
FN:247,generateGraph
FN:300,wireGraphHandlers
FN:305,(anonymous_15)
FN:311,(anonymous_16)
FN:321,(anonymous_17)
FN:330,(anonymous_18)
FN:335,(anonymous_19)
FN:342,(anonymous_20)
FNF:21
FNH:6
FNDA:0,renderDotToSvg
FNDA:1,populateVariableDropdown
FNDA:1,populateDepthDropdown
FNDA:0,applyFitToScreen
FNDA:0,showDownloadLinks
FNDA:1,hideDownloadLinks
FNDA:0,showDotCopyLink
FNDA:1,hideDotCopyLink
FNDA:0,sanitizeFilename
FNDA:0,downloadSvg
FNDA:0,downloadPng
FNDA:0,(anonymous_11)
FNDA:0,(anonymous_12)
FNDA:0,generateGraph
FNDA:1,wireGraphHandlers
FNDA:0,(anonymous_15)
FNDA:0,(anonymous_16)
FNDA:0,(anonymous_17)
FNDA:0,(anonymous_18)
FNDA:0,(anonymous_19)
FNDA:1,(anonymous_20)
DA:14,0
DA:15,0
DA:18,0
DA:19,0
DA:20,0
DA:21,0
DA:23,0
DA:24,0
DA:32,1
DA:33,1
DA:34,1
DA:38,0
DA:41,0
DA:44,0
DA:47,0
DA:48,0
DA:53,0
DA:54,0
DA:55,0
DA:56,0
DA:57,0
DA:61,0
DA:62,0
DA:66,0
DA:67,0
DA:74,1
DA:75,1
DA:76,20
DA:77,20
DA:78,20
DA:79,20
DA:82,1
DA:89,0
DA:90,0
DA:91,0
DA:93,0
DA:101,0
DA:102,0
DA:109,1
DA:110,1
DA:117,0
DA:124,1
DA:131,0
DA:132,0
DA:135,0
DA:145,0
DA:147,0
DA:148,0
DA:149,0
DA:153,0
DA:154,0
DA:155,0
DA:158,0
DA:159,0
DA:160,0
DA:161,0
DA:162,0
DA:163,0
DA:164,0
DA:165,0
DA:172,0
DA:174,0
DA:175,0
DA:176,0
DA:180,0
DA:181,0
DA:186,0
DA:187,0
DA:191,0
DA:192,0
DA:193,0
DA:198,0
DA:199,0
DA:202,0
DA:203,0
DA:204,0
DA:208,0
DA:209,0
DA:210,0
DA:214,0
DA:215,0
DA:218,0
DA:219,0
DA:220,0
DA:221,0
DA:223,0
DA:224,0
DA:225,0
DA:228,0
DA:229,0
DA:230,0
DA:231,0
DA:232,0
DA:233,0
DA:234,0
DA:235,0
DA:236,0
DA:237,0
DA:241,0
DA:248,0
DA:249,0
DA:250,0
DA:251,0
DA:252,0
DA:253,0
DA:254,0
DA:257,0
DA:258,0
DA:259,0
DA:260,0
DA:261,0
DA:262,0
DA:263,0
DA:266,0
DA:268,0
DA:270,0
DA:273,0
DA:274,0
DA:275,0
DA:278,0
DA:279,0
DA:280,0
DA:282,0
DA:284,0
DA:286,0
DA:287,0
DA:290,0
DA:291,0
DA:292,0
DA:293,0
DA:302,1
DA:305,1
DA:306,0
DA:307,0
DA:311,1
DA:312,0
DA:313,0
DA:318,1
DA:321,1
DA:322,0
DA:326,1
DA:327,1
DA:330,1
DA:331,0
DA:332,0
DA:333,0
DA:335,0
DA:336,0
DA:342,1
DA:343,1
DA:344,1
DA:345,1
DA:346,1
DA:347,1
LF:154
LH:27
BRDA:14,0,0,0
BRDA:14,0,1,0
BRDA:33,1,0,1
BRDA:33,1,1,0
BRDA:33,2,0,1
BRDA:33,2,1,0
BRDA:47,3,0,0
BRDA:47,3,1,0
BRDA:61,4,0,0
BRDA:61,4,1,0
BRDA:61,5,0,0
BRDA:61,5,1,0
BRDA:90,6,0,0
BRDA:90,6,1,0
BRDA:131,7,0,0
BRDA:131,7,1,0
BRDA:135,8,0,0
BRDA:135,8,1,0
BRDA:148,9,0,0
BRDA:148,9,1,0
BRDA:175,10,0,0
BRDA:175,10,1,0
BRDA:187,11,0,0
BRDA:187,11,1,0
BRDA:187,12,0,0
BRDA:187,12,1,0
BRDA:187,12,2,0
BRDA:187,12,3,0
BRDA:187,12,4,0
BRDA:187,12,5,0
BRDA:193,13,0,0
BRDA:193,13,1,0
BRDA:193,14,0,0
BRDA:193,14,1,0
BRDA:193,14,2,0
BRDA:193,14,3,0
BRDA:193,14,4,0
BRDA:193,14,5,0
BRDA:193,14,6,0
BRDA:193,14,7,0
BRDA:203,15,0,0
BRDA:203,15,1,0
BRDA:204,16,0,0
BRDA:204,16,1,0
BRDA:209,17,0,0
BRDA:209,17,1,0
BRDA:210,18,0,0
BRDA:210,18,1,0
BRDA:249,19,0,0
BRDA:249,19,1,0
BRDA:249,20,0,0
BRDA:249,20,1,0
BRDA:258,21,0,0
BRDA:258,21,1,0
BRDA:306,22,0,0
BRDA:306,22,1,0
BRDA:312,23,0,0
BRDA:312,23,1,0
BRDA:331,24,0,0
BRDA:331,24,1,0
BRF:60
BRH:2
end_of_record
TN:
SF:docs/src/applications/languageApp.js
FN:16,getLanguageEnv
FN:20,setLogText
FN:26,resetModelInputs
FN:31,enableControls
FN:37,updateLoadedInfo
FN:45,updateDirtyIndicator
FN:58,commitLanguage
FN:74,rejectLanguage
FN:85,commitOrRejectLanguage
FN:97,updateLanguageStatus
FN:102,validateLanguageContent
FN:121,debouncedValidateLanguage
FN:131,(anonymous_12)
FN:136,wireLanguageHandlers
FN:138,(anonymous_14)
FN:142,(anonymous_15)
FN:151,(anonymous_16)
FN:155,(anonymous_17)
FN:160,(anonymous_18)
FNF:19
FNH:0
FNDA:0,getLanguageEnv
FNDA:0,setLogText
FNDA:0,resetModelInputs
FNDA:0,enableControls
FNDA:0,updateLoadedInfo
FNDA:0,updateDirtyIndicator
FNDA:0,commitLanguage
FNDA:0,rejectLanguage
FNDA:0,commitOrRejectLanguage
FNDA:0,updateLanguageStatus
FNDA:0,validateLanguageContent
FNDA:0,debouncedValidateLanguage
FNDA:0,(anonymous_12)
FNDA:0,wireLanguageHandlers
FNDA:0,(anonymous_14)
FNDA:0,(anonymous_15)
FNDA:0,(anonymous_16)
FNDA:0,(anonymous_17)
FNDA:0,(anonymous_18)
DA:8,2
DA:9,2
DA:10,2
DA:11,2
DA:12,2
DA:14,2
DA:17,0
DA:21,0
DA:27,0
DA:28,0
DA:32,0
DA:33,0
DA:34,0
DA:38,0
DA:39,0
DA:41,0
DA:46,0
DA:47,0
DA:49,0
DA:50,0
DA:51,0
DA:53,0
DA:54,0
DA:59,0
DA:60,0
DA:61,0
DA:62,0
DA:64,0
DA:65,0
DA:66,0
DA:67,0
DA:68,0
DA:69,0
DA:70,0
DA:71,0
DA:75,0
DA:76,0
DA:77,0
DA:78,0
DA:79,0
DA:80,0
DA:81,0
DA:82,0
DA:86,0
DA:87,0
DA:88,0
DA:89,0
DA:90,0
DA:91,0
DA:93,0
DA:98,0
DA:99,0
DA:103,0
DA:104,0
DA:105,0
DA:106,0
DA:109,0
DA:110,0
DA:111,0
DA:112,0
DA:113,0
DA:114,0
DA:116,0
DA:117,0
DA:123,0
DA:124,0
DA:128,0
DA:131,0
DA:132,0
DA:138,0
DA:139,0
DA:142,0
DA:143,0
DA:144,0
DA:145,0
DA:146,0
DA:147,0
DA:148,0
DA:151,0
DA:152,0
DA:155,0
DA:156,0
DA:157,0
DA:159,0
DA:160,0
DA:161,0
DA:162,0
DA:164,0
LF:88
LH:6
BRDA:38,0,0,0
BRDA:38,0,1,0
BRDA:47,1,0,0
BRDA:47,1,1,0
BRDA:49,2,0,0
BRDA:49,2,1,0
BRDA:86,3,0,0
BRDA:86,3,1,0
BRDA:103,4,0,0
BRDA:103,4,1,0
BRDA:123,5,0,0
BRDA:123,5,1,0
BRDA:143,6,0,0
BRDA:143,6,1,0
BRDA:157,7,0,0
BRDA:157,7,1,0
BRF:16
BRH:0
end_of_record
TN:
SF:docs/src/applications/modelApp.js
FN:22,getModelEnv
FN:26,setModelEnv
FN:35,setLogText
FN:39,languageEnvIsSet
FN:47,updateLoadedInfo
FN:55,updateDirtyIndicator
FN:68,validateModel
FN:106,validateModelContent
FN:126,updateModelStatus
FN:131,debouncedValidateModel
FN:141,(anonymous_10)
FN:152,updateModelTextareaAndDate
FN:183,loadModelFromText
FN:189,wireModelHandlers
FN:191,(anonymous_14)
FN:198,(anonymous_15)
FN:220,(anonymous_16)
FN:229,(anonymous_17)
FN:249,(anonymous_18)
FN:262,(anonymous_19)
FN:270,(anonymous_20)
FN:277,(anonymous_21)
FNF:22
FNH:2
FNDA:1,getModelEnv
FNDA:0,setModelEnv
FNDA:0,setLogText
FNDA:0,languageEnvIsSet
FNDA:0,updateLoadedInfo
FNDA:0,updateDirtyIndicator
FNDA:0,validateModel
FNDA:0,validateModelContent
FNDA:0,updateModelStatus
FNDA:0,debouncedValidateModel
FNDA:0,(anonymous_10)
FNDA:1,updateModelTextareaAndDate
FNDA:0,loadModelFromText
FNDA:0,wireModelHandlers
FNDA:0,(anonymous_14)
FNDA:0,(anonymous_15)
FNDA:0,(anonymous_16)
FNDA:0,(anonymous_17)
FNDA:0,(anonymous_18)
FNDA:0,(anonymous_19)
FNDA:0,(anonymous_20)
FNDA:0,(anonymous_21)
DA:12,2
DA:13,2
DA:14,2
DA:15,2
DA:16,2
DA:17,2
DA:20,2
DA:23,1
DA:27,0
DA:28,0
DA:29,0
DA:32,0
DA:36,0
DA:40,0
DA:41,0
DA:42,0
DA:44,0
DA:48,0
DA:49,0
DA:51,0
DA:56,0
DA:57,0
DA:59,0
DA:60,0
DA:61,0
DA:63,0
DA:64,0
DA:69,0
DA:70,0
DA:71,0
DA:72,0
DA:73,0
DA:74,0
DA:75,0
DA:76,0
DA:77,0
DA:78,0
DA:79,0
DA:80,0
DA:81,0
DA:84,0
DA:85,0
DA:86,0
DA:87,0
DA:89,0
DA:90,0
DA:94,0
DA:96,0
DA:97,0
DA:98,0
DA:99,0
DA:100,0
DA:101,0
DA:102,0
DA:103,0
DA:107,0
DA:108,0
DA:109,0
DA:110,0
DA:112,0
DA:113,0
DA:114,0
DA:115,0
DA:117,0
DA:119,0
DA:120,0
DA:122,0
DA:127,0
DA:128,0
DA:133,0
DA:134,0
DA:138,0
DA:141,0
DA:142,0
DA:153,1
DA:154,1
DA:155,1
DA:158,0
DA:160,0
DA:161,0
DA:164,0
DA:167,0
DA:170,0
DA:171,0
DA:174,0
DA:177,0
DA:179,0
DA:184,0
DA:185,0
DA:186,0
DA:191,0
DA:192,0
DA:193,0
DA:198,0
DA:199,0
DA:200,0
DA:201,0
DA:203,0
DA:204,0
DA:206,0
DA:209,0
DA:210,0
DA:211,0
DA:212,0
DA:213,0
DA:215,0
DA:220,0
DA:221,0
DA:222,0
DA:223,0
DA:224,0
DA:225,0
DA:226,0
DA:229,0
DA:230,0
DA:231,0
DA:232,0
DA:235,0
DA:236,0
DA:237,0
DA:238,0
DA:239,0
DA:240,0
DA:241,0
DA:242,0
DA:244,0
DA:245,0
DA:249,0
DA:250,0
DA:251,0
DA:252,0
DA:253,0
DA:254,0
DA:255,0
DA:257,0
DA:258,0
DA:262,0
DA:263,0
DA:264,0
DA:265,0
DA:266,0
DA:267,0
DA:270,0
DA:271,0
DA:273,0
DA:274,0
DA:276,0
DA:277,0
DA:278,0
DA:279,0
DA:280,0
DA:282,0
LF:152
LH:11
BRDA:40,0,0,0
BRDA:40,0,1,0
BRDA:48,1,0,0
BRDA:48,1,1,0
BRDA:57,2,0,0
BRDA:57,2,1,0
BRDA:59,3,0,0
BRDA:59,3,1,0
BRDA:107,4,0,0
BRDA:107,4,1,0
BRDA:133,5,0,0
BRDA:133,5,1,0
BRDA:153,6,0,1
BRDA:153,6,1,0
BRDA:184,7,0,0
BRDA:184,7,1,0
BRDA:192,8,0,0
BRDA:192,8,1,0
BRDA:200,9,0,0
BRDA:200,9,1,0
BRDA:204,10,0,0
BRDA:204,10,1,0
BRDA:209,11,0,0
BRDA:209,11,1,0
BRDA:221,12,0,0
BRDA:221,12,1,0
BRDA:230,13,0,0
BRDA:230,13,1,0
BRDA:250,14,0,0
BRDA:250,14,1,0
BRDA:263,15,0,0
BRDA:263,15,1,0
BRDA:265,16,0,0
BRDA:265,16,1,0
BRDA:271,17,0,0
BRDA:271,17,1,0
BRDA:274,18,0,0
BRDA:274,18,1,0
BRF:38
BRH:1
end_of_record
TN:
SF:docs/src/domain/dependencyCollector.js
FN:11,computeShift
FN:34,computeShiftAny
FN:43,makeDependencyCollector
FN:48,addDependencyIfVariable
FN:62,(anonymous_4)
FN:63,(anonymous_5)
FN:72,addDependenciesFromExpression
FN:91,addDependenciesFromTableLookup
FN:106,addDependenciesFromDefinition
FNF:9
FNH:9
FNDA:6522,computeShift
FNDA:2471,computeShiftAny
FNDA:1933,makeDependencyCollector
FNDA:2476,addDependencyIfVariable
FNDA:5207,(anonymous_4)
FNDA:4748,(anonymous_5)
FNDA:1550,addDependenciesFromExpression
FNDA:57,addDependenciesFromTableLookup
FNDA:1933,addDependenciesFromDefinition
DA:13,6522
DA:14,6522
DA:15,6522
DA:17,3897
DA:19,3897
DA:20,3897
DA:22,3897
DA:23,3897
DA:25,194
DA:26,194
DA:35,2471
DA:36,7527
DA:37,6522
DA:38,6522
DA:40,2277
DA:49,2476
DA:51,2476
DA:52,5
DA:54,5
DA:62,5207
DA:63,4748
DA:64,2471
DA:65,2471
DA:66,2471
DA:73,1550
DA:74,1550
DA:75,1550
DA:76,4186
DA:78,4186
DA:79,4009
DA:80,3921
DA:81,3911
DA:83,2362
DA:92,57
DA:93,57
DA:94,57
DA:97,57
DA:98,57
DA:99,57
DA:107,1933
DA:109,1933
DA:110,1000
DA:111,995
DA:114,933
DA:115,126
DA:116,275
DA:117,275
DA:119,126
DA:122,807
DA:123,57
DA:124,57
DA:128,1933
LF:52
LH:52
BRDA:15,0,0,2625
BRDA:15,0,1,3897
BRDA:23,1,0,3703
BRDA:23,1,1,194
BRDA:25,2,0,191
BRDA:25,2,1,3
BRDA:36,3,0,1005
BRDA:36,3,1,6522
BRDA:38,4,0,194
BRDA:38,4,1,6328
BRDA:48,5,0,0
BRDA:49,6,0,2362
BRDA:51,7,0,5
BRDA:51,7,1,2471
BRDA:52,8,0,0
BRDA:52,8,1,5
BRDA:63,9,0,4748
BRDA:63,9,1,3282
BRDA:65,10,0,2471
BRDA:65,10,1,114
BRDA:73,11,0,1550
BRDA:73,11,1,0
BRDA:78,12,0,177
BRDA:78,12,1,4009
BRDA:79,13,0,88
BRDA:79,13,1,3921
BRDA:80,14,0,10
BRDA:80,14,1,3911
BRDA:80,15,0,3921
BRDA:80,15,1,10
BRDA:81,16,0,1549
BRDA:81,16,1,2362
BRDA:93,17,0,57
BRDA:93,17,1,0
BRDA:98,18,0,57
BRDA:98,18,1,0
BRDA:107,19,0,0
BRDA:107,19,1,1933
BRDA:109,20,0,1000
BRDA:109,20,1,933
BRDA:114,21,0,126
BRDA:114,21,1,807
BRDA:122,22,0,57
BRDA:122,22,1,750
BRF:44
BRH:38
end_of_record
TN:
SF:docs/src/domain/graphRelations.js
FN:21,getRelations
FN:90,getGraphOfRelations
FN:98,(anonymous_2)
FNF:3
FNH:3
FNDA:16,getRelations
FNDA:11,getGraphOfRelations
FNDA:9,(anonymous_2)
DA:22,16
DA:25,16
DA:28,16
DA:29,1
DA:33,15
DA:36,15
DA:37,21
DA:39,21
DA:41,27
DA:42,27
DA:43,27
DA:44,27
DA:45,22
DA:46,22
DA:52,27
DA:53,27
DA:54,27
DA:55,19
DA:56,12
DA:57,12
DA:63,21
DA:66,21
DA:67,4
DA:71,15
DA:91,11
DA:94,11
DA:97,11
DA:98,9
DA:102,11
DA:104,11
DA:105,35
DA:108,35
DA:109,35
DA:110,35
DA:112,24
DA:114,24
DA:115,0
DA:117,24
DA:122,35
DA:125,11
LF:40
LH:39
BRDA:28,0,0,1
BRDA:28,0,1,15
BRDA:42,1,0,27
BRDA:42,1,1,0
BRDA:44,2,0,22
BRDA:44,2,1,5
BRDA:44,3,0,27
BRDA:44,3,1,22
BRDA:53,4,0,27
BRDA:53,4,1,0
BRDA:55,5,0,12
BRDA:55,5,1,7
BRDA:55,6,0,19
BRDA:55,6,1,12
BRDA:66,7,0,4
BRDA:66,7,1,17
BRDA:97,8,0,11
BRDA:97,8,1,0
BRDA:109,9,0,35
BRDA:109,9,1,0
BRDA:112,10,0,24
BRDA:112,10,1,0
BRDA:114,11,0,0
BRDA:114,11,1,24
BRDA:114,12,0,24
BRDA:114,12,1,9
BRDA:114,12,2,0
BRF:27
BRH:20
end_of_record
TN:
SF:docs/src/domain/graphviz.js
FN:14,generateDot
FNF:1
FNH:1
FNDA:8,generateDot
DA:15,8
DA:16,8
DA:17,8
DA:18,8
DA:19,8
DA:22,8
DA:23,8
DA:24,8
DA:27,8
DA:28,26
DA:29,18
DA:33,8
DA:34,8
LF:13
LH:13
BRF:0
BRH:0
end_of_record
TN:
SF:docs/src/domain/language.js
FN:9,getFunctionsFromLanguage
FNF:1
FNH:1
FNDA:26,getFunctionsFromLanguage
DA:3,22
DA:10,26
DA:11,26
DA:13,26
DA:14,295
DA:15,0
DA:18,295
DA:19,295
DA:20,295
DA:21,295
DA:23,295
DA:24,295
DA:26,295
DA:27,1
DA:31,294
DA:32,1
DA:34,293
DA:35,0
DA:37,293
DA:38,0
DA:41,293
DA:44,24
LF:22
LH:19
BRDA:14,0,0,0
BRDA:14,0,1,295
BRDA:26,1,0,1
BRDA:26,1,1,294
BRDA:31,2,0,1
BRDA:31,2,1,293
BRDA:34,3,0,0
BRDA:34,3,1,293
BRDA:37,4,0,0
BRDA:37,4,1,293
BRF:10
BRH:7
end_of_record
TN:
SF:docs/src/domain/model.js
FN:6,validateModelCore
FN:16,getMapsOfModelProperties
FN:84,getVariablesWithTheirArgumentsConfirmedAsIndexSets
FN:109,getIncoming
FN:127,getOutgoing
FN:153,throwErrorForCircularExpressions
FN:183,(anonymous_6)
FN:202,(anonymous_7)
FN:218,getIdentifierTokens
FN:232,getModelFeatures
FNF:10
FNH:10
FNDA:115,validateModelCore
FNDA:115,getMapsOfModelProperties
FNDA:112,getVariablesWithTheirArgumentsConfirmedAsIndexSets
FNDA:112,getIncoming
FNDA:107,getOutgoing
FNDA:107,throwErrorForCircularExpressions
FNDA:586973,(anonymous_6)
FNDA:574698,(anonymous_7)
FNDA:1550,getIdentifierTokens
FNDA:115,getModelFeatures
DA:7,115
DA:8,115
DA:9,115
DA:11,103
DA:17,115
DA:18,115
DA:19,115
DA:20,115
DA:21,115
DA:22,254
DA:23,1
DA:25,253
DA:27,114
DA:28,276
DA:30,114
DA:31,201
DA:33,114
DA:34,1876
DA:35,1
DA:37,1875
DA:38,1
DA:40,1874
DA:45,112
DA:46,5
DA:51,5
DA:52,20
DA:58,5
DA:59,85
DA:65,5
DA:72,5
DA:73,20
DA:74,10
DA:79,112
DA:85,112
DA:86,112
DA:87,1978
DA:88,1978
DA:89,1828
DA:90,1828
DA:91,0
DA:96,1828
DA:98,1978
DA:104,112
DA:110,112
DA:112,112
DA:113,1933
DA:114,1933
DA:116,1933
DA:117,1933
DA:122,107
DA:128,107
DA:131,107
DA:132,1896
DA:137,107
DA:138,1896
DA:139,2431
DA:140,2431
DA:141,0
DA:145,2431
DA:149,107
DA:155,107
DA:159,1872
DA:160,1872
DA:162,1872
DA:163,1872
DA:166,1872
DA:167,2391
DA:168,2391
DA:169,2391
DA:172,1872
DA:175,19896
DA:176,2
DA:182,19894
DA:183,586973
DA:185,19894
DA:187,18026
DA:188,18026
DA:191,18026
DA:192,22205
DA:193,22205
DA:196,22205
DA:197,2
DA:202,574698
DA:203,4114
DA:206,18089
DA:209,18089
DA:219,1550
DA:221,1550
DA:224,1550
DA:225,4968
DA:228,1550
DA:233,115
DA:234,112
DA:235,112
DA:236,112
DA:237,112
DA:238,107
DA:239,107
DA:240,107
DA:241,107
DA:242,103
LF:101
LH:99
BRDA:22,0,0,1
BRDA:22,0,1,253
BRDA:34,1,0,1
BRDA:34,1,1,1875
BRDA:37,2,0,1
BRDA:37,2,1,1874
BRDA:45,3,0,5
BRDA:45,3,1,107
BRDA:45,4,0,112
BRDA:45,4,1,5
BRDA:54,5,0,20
BRDA:54,5,1,20
BRDA:61,6,0,85
BRDA:61,6,1,0
BRDA:90,7,0,0
BRDA:90,7,1,1828
BRDA:140,8,0,0
BRDA:140,8,1,2431
BRDA:145,9,0,2431
BRDA:145,9,1,0
BRDA:166,10,0,1872
BRDA:166,10,1,0
BRDA:167,11,0,2391
BRDA:167,11,1,0
BRDA:175,12,0,2
BRDA:175,12,1,19894
BRDA:185,13,0,1868
BRDA:185,13,1,18026
BRDA:191,14,0,18026
BRDA:191,14,1,0
BRDA:192,15,0,22205
BRDA:192,15,1,0
BRDA:196,16,0,2
BRDA:196,16,1,22203
BRDA:202,17,0,4114
BRDA:202,17,1,18089
BRDA:206,18,0,18089
BRDA:206,18,1,0
BRF:38
BRH:29
end_of_record
TN:
SF:docs/src/domain/pythonRenderer.js
FN:21,emitCacheOnlyEvaluator
FN:69,emitIterativeTemporalRecursions
FN:71,(anonymous_2)
FN:130,normalize
FN:134,escapePyString
FN:141,convertTernary
FN:167,translateExprToPython
FN:220,(anonymous_7)
FN:236,replaceBareIdOutsideStrings
FN:272,topoSortVarsForPoint
FN:296,(anonymous_10)
FN:304,(anonymous_11)
FN:311,(anonymous_12)
FN:317,pythonLiteralTableSheets
FN:343,renderModelAsPython
FN:349,(anonymous_15)
FN:350,(anonymous_16)
FN:353,(anonymous_17)
FN:359,(anonymous_18)
FN:375,(anonymous_19)
FN:401,(anonymous_20)
FN:406,(anonymous_21)
FN:414,(anonymous_22)
FNF:23
FNH:21
FNDA:14,emitCacheOnlyEvaluator
FNDA:14,emitIterativeTemporalRecursions
FNDA:770,(anonymous_2)
FNDA:1450,normalize
FNDA:197019,escapePyString
FNDA:725,convertTernary
FNDA:725,translateExprToPython
FNDA:0,(anonymous_7)
FNDA:59494,replaceBareIdOutsideStrings
FNDA:14,topoSortVarsForPoint
FNDA:531,(anonymous_10)
FNDA:619,(anonymous_11)
FNDA:0,(anonymous_12)
FNDA:14,pythonLiteralTableSheets
FNDA:14,renderModelAsPython
FNDA:531,(anonymous_15)
FNDA:2402,(anonymous_16)
FNDA:26,(anonymous_17)
FNDA:26,(anonymous_18)
FNDA:142,(anonymous_19)
FNDA:797,(anonymous_20)
FNDA:800,(anonymous_21)
FNDA:142,(anonymous_22)
DA:4,3
DA:5,0
DA:23,14
DA:24,14
DA:25,14
DA:26,14
DA:27,14
DA:28,14
DA:29,14
DA:30,14
DA:31,14
DA:36,14
DA:37,14
DA:38,14
DA:39,14
DA:40,14
DA:41,14
DA:42,14
DA:43,14
DA:44,14
DA:45,14
DA:46,14
DA:47,14
DA:48,14
DA:49,14
DA:50,14
DA:51,14
DA:52,14
DA:53,14
DA:54,14
DA:55,14
DA:56,14
DA:57,14
DA:58,14
DA:59,14
DA:60,14
DA:61,14
DA:62,14
DA:64,14
DA:65,14
DA:71,770
DA:73,14
DA:74,14
DA:75,14
DA:76,14
DA:77,14
DA:78,14
DA:79,14
DA:80,14
DA:81,14
DA:82,14
DA:83,14
DA:84,14
DA:85,14
DA:86,14
DA:87,14
DA:88,14
DA:89,14
DA:90,14
DA:91,14
DA:92,14
DA:93,14
DA:94,14
DA:95,14
DA:96,14
DA:97,14
DA:98,14
DA:99,14
DA:100,14
DA:101,14
DA:102,14
DA:103,14
DA:104,14
DA:105,14
DA:106,14
DA:107,14
DA:108,14
DA:109,14
DA:110,14
DA:111,14
DA:112,14
DA:113,14
DA:114,14
DA:115,14
DA:116,14
DA:117,14
DA:118,14
DA:119,14
DA:120,14
DA:121,14
DA:122,14
DA:123,14
DA:124,14
DA:125,14
DA:126,14
DA:127,14
DA:131,1450
DA:136,197019
DA:142,725
DA:143,725
DA:144,725
DA:145,725
DA:146,725
DA:147,22387
DA:148,22387
DA:149,21731
DA:150,21075
DA:152,725
DA:153,5
DA:154,5
DA:155,20
DA:156,20
DA:157,20
DA:158,20
DA:160,5
DA:161,5
DA:162,5
DA:163,5
DA:164,5
DA:168,725
DA:169,725
DA:172,725
DA:175,725
DA:178,725
DA:182,725
DA:186,725
DA:201,725
DA:202,59494
DA:203,59494
DA:206,59494
DA:208,25754
DA:209,25754
DA:214,33740
DA:215,33740
DA:216,33740
DA:218,675
DA:220,0
DA:226,725
DA:227,59494
DA:228,59494
DA:237,59494
DA:238,59494
DA:239,59494
DA:240,34254
DA:242,25240
DA:243,25240
DA:244,25240
DA:245,25240
DA:246,1860028
DA:247,1860028
DA:249,104498
DA:250,52249
DA:252,52249
DA:254,104498
DA:255,104498
DA:256,104498
DA:260,25240
DA:261,0
DA:262,25240
DA:265,725
DA:266,59494
DA:269,725
DA:275,14
DA:276,14
DA:277,14
DA:278,14
DA:279,531
DA:280,531
DA:282,14
DA:283,531
DA:284,797
DA:285,797
DA:286,797
DA:287,772
DA:288,736
DA:289,736
DA:290,694
DA:291,694
DA:296,531
DA:297,14
DA:298,14
DA:299,531
DA:300,531
DA:301,531
DA:302,694
DA:303,694
DA:304,619
DA:305,297
DA:306,224
DA:310,14
DA:311,0
DA:312,0
DA:314,14
DA:318,14
DA:320,14
DA:321,14
DA:322,15
DA:323,15
DA:328,14
DA:344,14
DA:345,14
DA:346,14
DA:348,14
DA:349,531
DA:350,2402
DA:353,26
DA:359,26
DA:361,14
DA:362,14
DA:365,14
DA:366,14
DA:367,14
DA:368,531
DA:369,531
DA:370,531
DA:371,531
DA:372,531
DA:373,441
DA:374,90
DA:375,142
DA:379,30
DA:380,25
DA:381,25
DA:382,5
DA:383,5
DA:384,5
DA:385,5
DA:387,531
DA:389,531
DA:390,531
DA:395,14
DA:396,14
DA:397,531
DA:398,531
DA:401,531
DA:402,797
DA:403,797
DA:404,797
DA:406,800
DA:407,531
DA:410,14
DA:411,531
DA:412,441
DA:413,90
DA:414,142
DA:421,14
DA:424,14
DA:427,14
DA:428,14
DA:429,14
DA:430,14
DA:431,14
DA:432,14
DA:433,14
DA:434,14
DA:435,14
DA:436,14
DA:437,14
DA:438,14
DA:439,14
DA:440,14
DA:441,14
DA:442,14
DA:443,14
DA:444,14
DA:445,14
DA:446,14
DA:447,14
DA:450,14
DA:451,14
DA:452,14
DA:453,14
DA:454,14
DA:455,14
DA:456,14
DA:457,14
DA:458,14
DA:459,14
DA:460,14
DA:461,14
DA:464,14
DA:465,14
DA:466,14
DA:467,14
DA:468,14
DA:469,14
DA:470,14
DA:472,14
DA:473,14
DA:474,14
DA:475,14
DA:476,14
DA:477,14
DA:478,14
DA:479,14
DA:480,14
DA:481,14
DA:482,14
DA:483,14
DA:484,14
DA:485,14
DA:486,14
DA:487,14
DA:488,14
DA:490,14
DA:491,14
DA:492,14
DA:493,14
DA:494,14
DA:495,14
DA:496,14
DA:497,14
DA:498,14
DA:499,14
DA:500,14
DA:501,14
DA:502,14
DA:503,14
DA:504,14
DA:505,14
DA:506,14
DA:507,14
DA:508,14
DA:509,14
DA:510,14
DA:511,14
DA:513,14
DA:514,14
DA:515,14
DA:516,14
DA:517,14
DA:518,14
DA:519,14
DA:520,14
DA:521,14
DA:522,14
DA:523,14
DA:524,14
DA:525,14
DA:526,14
DA:527,14
DA:528,14
DA:529,14
DA:530,14
DA:531,14
DA:532,14
DA:533,14
DA:534,14
DA:535,14
DA:536,14
DA:537,14
DA:538,14
DA:540,14
DA:541,14
DA:542,14
DA:543,14
DA:544,14
DA:545,14
DA:546,14
DA:547,14
DA:548,14
DA:549,14
DA:550,14
DA:551,14
DA:553,14
DA:554,14
DA:555,14
DA:557,14
DA:558,14
DA:559,14
DA:561,14
DA:562,14
DA:563,14
DA:564,14
DA:565,14
DA:566,14
DA:567,14
DA:569,14
DA:570,14
DA:571,14
DA:572,14
DA:573,14
DA:574,14
DA:575,14
DA:576,14
DA:577,14
DA:579,14
DA:580,14
DA:581,14
DA:582,14
DA:583,14
DA:584,14
DA:585,14
DA:586,14
DA:587,14
DA:589,14
DA:590,14
DA:591,14
DA:592,14
DA:594,14
DA:595,14
DA:596,14
DA:597,14
DA:598,14
DA:599,14
DA:600,14
DA:601,14
DA:602,14
DA:603,14
DA:604,14
DA:605,14
DA:606,14
DA:607,14
DA:608,14
DA:609,14
DA:610,14
DA:611,14
DA:612,14
DA:613,14
DA:614,14
DA:615,14
DA:616,14
DA:617,14
DA:618,14
DA:619,14
DA:620,14
DA:621,14
DA:622,14
DA:623,14
DA:625,14
DA:626,14
DA:627,14
DA:629,14
DA:630,14
DA:631,14
DA:632,14
DA:633,14
DA:634,14
DA:635,14
DA:636,14
DA:637,14
DA:638,14
DA:639,14
DA:640,14
DA:641,14
DA:642,14
DA:643,14
DA:644,14
DA:645,14
DA:646,14
DA:647,14
DA:648,14
DA:649,14
DA:650,14
DA:651,14
DA:652,14
DA:653,14
DA:654,14
DA:655,14
DA:656,14
DA:657,14
DA:658,14
DA:659,14
DA:660,14
DA:661,14
DA:662,14
DA:663,14
DA:664,14
DA:665,14
DA:666,14
DA:667,14
DA:668,14
DA:669,14
DA:670,14
DA:671,14
DA:672,14
DA:673,14
DA:674,14
DA:675,14
DA:676,14
DA:677,14
DA:679,14
DA:680,14
DA:681,14
DA:682,14
DA:683,14
DA:684,14
DA:685,14
DA:686,14
DA:687,14
DA:688,14
DA:689,14
DA:690,14
DA:691,14
DA:692,14
DA:693,14
DA:694,14
DA:695,14
DA:696,14
DA:697,14
DA:698,14
DA:699,14
DA:700,14
DA:701,14
DA:702,14
DA:703,14
DA:704,14
DA:705,14
DA:706,14
DA:707,14
DA:708,14
DA:709,14
DA:710,14
DA:711,14
DA:712,14
DA:713,14
DA:714,14
DA:715,14
DA:716,14
DA:717,14
DA:718,14
DA:719,14
DA:722,14
DA:723,14
DA:724,14
DA:725,14
DA:726,14
DA:727,14
DA:728,14
DA:729,14
DA:730,14
DA:731,14
DA:732,14
DA:733,14
DA:734,14
DA:735,14
DA:738,14
DA:739,14
DA:740,14
DA:741,14
DA:742,14
DA:743,14
DA:744,14
DA:745,14
DA:747,14
DA:748,14
DA:749,14
DA:750,14
DA:751,14
DA:752,14
DA:753,14
DA:754,14
DA:755,14
DA:756,14
DA:757,14
DA:758,14
DA:759,14
DA:761,14
DA:762,14
DA:763,14
DA:764,14
DA:765,14
DA:766,14
DA:767,14
DA:769,14
DA:770,14
DA:771,14
DA:772,14
DA:773,14
DA:774,14
DA:775,14
DA:776,14
DA:777,14
DA:778,14
DA:779,14
DA:780,14
DA:781,14
DA:782,14
DA:783,14
DA:784,14
DA:785,14
DA:786,14
DA:787,14
DA:788,14
DA:789,14
DA:790,14
DA:791,14
DA:792,14
DA:793,14
DA:794,14
DA:795,14
DA:796,14
DA:797,14
DA:798,14
DA:799,14
DA:800,14
DA:801,14
DA:802,14
DA:803,14
DA:804,14
DA:805,14
DA:806,14
DA:807,14
DA:808,14
DA:809,14
DA:810,14
DA:811,14
DA:812,14
DA:813,14
DA:814,14
DA:815,14
DA:816,14
DA:817,14
DA:819,14
DA:820,14
DA:821,14
DA:822,14
DA:823,14
DA:824,14
DA:825,14
DA:826,14
DA:828,14
DA:829,14
DA:830,14
DA:831,14
DA:832,14
DA:833,14
DA:835,14
DA:836,14
DA:837,14
DA:838,14
DA:839,14
DA:840,14
DA:841,14
DA:843,14
DA:844,14
DA:845,14
DA:846,14
DA:847,14
DA:848,14
DA:849,14
DA:850,14
DA:852,14
DA:853,14
DA:854,14
DA:855,14
DA:856,14
DA:857,14
DA:858,14
DA:859,14
DA:860,14
DA:861,14
DA:862,14
DA:863,14
DA:864,14
DA:865,14
DA:866,14
DA:867,14
DA:868,14
DA:869,14
DA:871,14
DA:872,14
DA:873,14
DA:874,14
DA:875,14
DA:876,14
DA:877,14
DA:878,14
DA:879,14
DA:880,14
DA:881,14
DA:882,14
DA:883,14
DA:884,14
DA:885,14
DA:886,14
DA:887,14
DA:888,14
DA:889,14
DA:891,14
DA:892,14
DA:893,14
DA:894,14
DA:895,14
DA:896,14
DA:897,14
DA:898,14
DA:899,14
DA:900,14
DA:901,14
DA:902,14
DA:903,14
DA:904,14
DA:905,14
DA:906,14
DA:907,14
DA:908,14
DA:909,14
DA:910,14
DA:911,14
DA:912,14
DA:913,14
DA:914,14
DA:915,14
DA:916,14
DA:917,14
DA:918,14
DA:919,14
DA:920,14
DA:921,14
DA:922,14
DA:923,14
DA:924,14
DA:925,14
DA:926,14
DA:927,14
DA:928,14
DA:929,14
DA:930,14
DA:931,14
DA:932,14
DA:933,14
DA:934,14
DA:935,14
DA:936,14
DA:937,14
DA:938,14
DA:939,14
DA:940,14
DA:941,14
DA:942,14
DA:943,14
DA:944,14
DA:945,14
DA:946,14
DA:947,14
DA:948,14
DA:949,14
DA:950,14
DA:951,14
DA:952,14
DA:953,14
DA:954,14
DA:955,14
DA:956,14
DA:957,14
DA:958,14
DA:959,14
DA:960,14
DA:961,14
DA:962,14
DA:963,14
DA:964,14
DA:965,14
DA:966,14
DA:967,14
DA:968,14
DA:969,14
DA:970,14
DA:971,14
DA:972,14
DA:973,14
DA:974,14
DA:975,14
DA:976,14
DA:977,14
DA:978,14
DA:979,14
DA:980,14
DA:981,14
DA:982,14
DA:984,14
DA:985,14
DA:986,14
DA:987,14
DA:988,14
DA:989,14
DA:990,14
DA:991,14
DA:992,14
DA:993,14
DA:994,14
DA:995,14
DA:996,14
DA:997,14
DA:998,14
DA:999,14
DA:1000,14
DA:1001,14
DA:1002,14
DA:1003,14
DA:1004,14
DA:1005,14
DA:1006,14
DA:1007,14
DA:1008,14
DA:1009,14
DA:1010,14
DA:1011,14
DA:1012,14
DA:1013,14
DA:1014,14
DA:1015,14
DA:1016,14
DA:1017,14
DA:1018,14
DA:1019,14
DA:1020,14
DA:1021,14
DA:1022,14
DA:1023,14
DA:1024,14
DA:1025,14
DA:1026,14
DA:1027,14
DA:1028,14
DA:1029,14
DA:1030,14
DA:1031,14
DA:1032,14
DA:1033,14
DA:1034,14
DA:1035,14
DA:1036,14
DA:1037,14
DA:1038,14
DA:1039,14
DA:1040,14
DA:1041,14
DA:1042,14
DA:1043,14
DA:1044,14
DA:1045,14
DA:1046,14
DA:1047,14
DA:1048,14
DA:1049,14
DA:1050,14
DA:1051,14
DA:1052,14
DA:1053,14
DA:1054,14
DA:1055,14
DA:1056,14
DA:1057,14
DA:1058,14
DA:1059,14
DA:1060,14
DA:1061,14
DA:1062,14
DA:1063,14
DA:1064,14
DA:1065,14
DA:1066,14
DA:1067,14
DA:1068,14
DA:1069,14
DA:1070,14
DA:1071,14
DA:1072,14
DA:1073,14
DA:1074,14
DA:1075,14
DA:1076,14
DA:1077,14
DA:1078,14
DA:1079,14
DA:1080,14
DA:1081,14
DA:1082,14
DA:1083,14
DA:1084,14
DA:1085,14
DA:1086,14
DA:1087,14
DA:1088,14
DA:1089,14
DA:1090,14
DA:1091,14
DA:1092,14
DA:1093,14
DA:1094,14
DA:1095,14
DA:1096,14
DA:1097,14
DA:1098,14
DA:1101,14
DA:1102,14
DA:1104,14
LF:889
LH:884
BRDA:4,0,0,0
BRDA:4,0,1,3
BRDA:4,1,0,3
BRDA:4,1,1,3
BRDA:71,2,0,0
BRDA:131,3,0,1450
BRDA:131,3,1,0
BRDA:136,4,0,197019
BRDA:136,4,1,0
BRDA:142,5,0,725
BRDA:142,5,1,0
BRDA:148,6,0,656
BRDA:148,6,1,21731
BRDA:148,7,0,22387
BRDA:148,7,1,21731
BRDA:148,7,2,21731
BRDA:149,8,0,656
BRDA:149,8,1,21075
BRDA:149,9,0,21731
BRDA:149,9,1,21075
BRDA:149,9,2,21075
BRDA:150,10,0,5
BRDA:150,10,1,21070
BRDA:150,11,0,21075
BRDA:150,11,1,5
BRDA:152,12,0,720
BRDA:152,12,1,5
BRDA:156,13,0,0
BRDA:156,13,1,20
BRDA:156,14,0,20
BRDA:156,14,1,20
BRDA:156,14,2,20
BRDA:157,15,0,0
BRDA:157,15,1,20
BRDA:157,16,0,20
BRDA:157,16,1,20
BRDA:157,16,2,20
BRDA:158,17,0,5
BRDA:158,17,1,15
BRDA:158,18,0,20
BRDA:158,18,1,5
BRDA:160,19,0,0
BRDA:160,19,1,5
BRDA:169,20,0,0
BRDA:169,20,1,725
BRDA:202,21,0,59494
BRDA:202,21,1,0
BRDA:206,22,0,25754
BRDA:206,22,1,33740
BRDA:214,23,0,33740
BRDA:214,23,1,0
BRDA:215,24,0,33740
BRDA:215,24,1,33065
BRDA:216,25,0,675
BRDA:216,25,1,33065
BRDA:216,26,0,33740
BRDA:216,26,1,675
BRDA:216,26,2,675
BRDA:239,27,0,34254
BRDA:239,27,1,25240
BRDA:247,28,0,104498
BRDA:247,28,1,1755530
BRDA:247,29,0,1860028
BRDA:247,29,1,104498
BRDA:249,30,0,52249
BRDA:249,30,1,52249
BRDA:260,31,0,25240
BRDA:260,31,1,0
BRDA:283,32,0,531
BRDA:283,32,1,0
BRDA:284,33,0,797
BRDA:284,33,1,0
BRDA:285,34,0,797
BRDA:285,34,1,0
BRDA:286,35,0,25
BRDA:286,35,1,772
BRDA:286,36,0,797
BRDA:286,36,1,797
BRDA:287,37,0,36
BRDA:287,37,1,736
BRDA:288,38,0,0
BRDA:288,38,1,736
BRDA:288,39,0,736
BRDA:288,39,1,736
BRDA:289,40,0,694
BRDA:289,40,1,42
BRDA:291,41,0,694
BRDA:291,41,1,297
BRDA:296,42,0,531
BRDA:296,42,1,234
BRDA:301,43,0,531
BRDA:301,43,1,0
BRDA:302,44,0,694
BRDA:302,44,1,0
BRDA:303,45,0,297
BRDA:303,45,1,397
BRDA:303,46,0,694
BRDA:303,46,1,297
BRDA:305,47,0,73
BRDA:305,47,1,224
BRDA:310,48,0,0
BRDA:310,48,1,14
BRDA:344,49,0,0
BRDA:344,49,1,14
BRDA:345,50,0,0
BRDA:345,50,1,14
BRDA:346,51,0,0
BRDA:346,51,1,14
BRDA:354,52,0,26
BRDA:354,52,1,0
BRDA:355,53,0,26
BRDA:355,53,1,12
BRDA:356,54,0,26
BRDA:356,54,1,0
BRDA:356,54,2,0
BRDA:361,55,0,14
BRDA:361,55,1,0
BRDA:372,56,0,441
BRDA:372,56,1,90
BRDA:372,57,0,531
BRDA:372,57,1,340
BRDA:374,58,0,60
BRDA:374,58,1,30
BRDA:376,59,0,142
BRDA:376,59,1,0
BRDA:376,59,2,0
BRDA:377,60,0,142
BRDA:377,60,1,0
BRDA:377,60,2,0
BRDA:379,61,0,25
BRDA:379,61,1,5
BRDA:380,62,0,25
BRDA:380,62,1,0
BRDA:380,62,2,0
BRDA:381,63,0,25
BRDA:381,63,1,0
BRDA:381,63,2,0
BRDA:382,64,0,5
BRDA:382,64,1,0
BRDA:383,65,0,5
BRDA:383,65,1,0
BRDA:383,65,2,0
BRDA:384,66,0,5
BRDA:384,66,1,0
BRDA:384,66,2,0
BRDA:385,67,0,5
BRDA:385,67,1,0
BRDA:385,67,2,0
BRDA:390,68,0,531
BRDA:390,68,1,0
BRDA:398,69,0,531
BRDA:398,69,1,0
BRDA:398,69,2,0
BRDA:402,70,0,797
BRDA:402,70,1,0
BRDA:403,71,0,797
BRDA:403,71,1,0
BRDA:404,72,0,797
BRDA:404,72,1,736
BRDA:406,73,0,800
BRDA:406,73,1,60
BRDA:411,74,0,441
BRDA:411,74,1,90
BRDA:411,75,0,531
BRDA:411,75,1,340
BRDA:412,76,0,441
BRDA:412,76,1,0
BRDA:413,77,0,60
BRDA:413,77,1,30
BRDA:414,78,0,60
BRDA:414,78,1,0
BRDA:415,79,0,142
BRDA:415,79,1,0
BRDA:416,80,0,142
BRDA:416,80,1,0
BRDA:431,81,0,14
BRDA:431,81,1,0
BRDA:452,82,0,14
BRDA:452,82,1,0
BRF:179
BRH:127
end_of_record
TN:
SF:docs/src/domain/renderShared.js
FN:15,getDefinitionText
FN:21,getDefinitionType
FN:31,getTemporalIndexSetId
FN:33,(anonymous_3)
FN:35,(anonymous_4)
FN:37,(anonymous_5)
FN:42,getTemporalRange
FN:46,(anonymous_7)
FN:57,getStepRange
FN:65,buildVariableMap
FN:76,buildDataTypeMap
FN:93,kindFromDataType
FN:104,buildInputConfigData
FN:115,extractTableDefinitions
FN:124,(anonymous_14)
FN:130,(anonymous_15)
FN:136,extractColumnConstraints
FN:151,resolveColumnOfConstraint
FN:154,(anonymous_18)
FN:161,determineSampleRowCount
FN:170,generateSampleValue
FN:185,buildTableSheetsData
FNF:22
FNH:19
FNDA:2223,getDefinitionText
FNDA:3127,getDefinitionType
FNDA:36,getTemporalIndexSetId
FNDA:56,(anonymous_3)
FNDA:0,(anonymous_4)
FNDA:0,(anonymous_5)
FNDA:25,getTemporalRange
FNDA:40,(anonymous_7)
FNDA:25,getStepRange
FNDA:36,buildVariableMap
FNDA:22,buildDataTypeMap
FNDA:226,kindFromDataType
FNDA:11,buildInputConfigData
FNDA:36,extractTableDefinitions
FNDA:55,(anonymous_14)
FNDA:55,(anonymous_15)
FNDA:11,extractColumnConstraints
FNDA:66,resolveColumnOfConstraint
FNDA:0,(anonymous_18)
FNDA:33,determineSampleRowCount
FNDA:385,generateSampleValue
FNDA:36,buildTableSheetsData
DA:16,2223
DA:17,2223
DA:22,3127
DA:23,3127
DA:32,36
DA:33,56
DA:34,36
DA:35,2
DA:36,2
DA:37,2
DA:38,2
DA:43,25
DA:44,25
DA:45,25
DA:46,40
DA:47,25
DA:48,24
DA:49,24
DA:50,24
DA:53,22
DA:58,25
DA:66,36
DA:67,36
DA:68,36
DA:71,1213
DA:73,36
DA:77,22
DA:78,22
DA:80,22
DA:81,682
DA:82,682
DA:83,682
DA:84,682
DA:85,682
DA:86,682
DA:89,22
DA:94,226
DA:95,226
DA:96,131
DA:97,125
DA:98,118
DA:99,46
DA:100,6
DA:105,11
DA:116,36
DA:117,36
DA:118,36
DA:119,33
DA:120,33
DA:121,33
DA:122,33
DA:123,33
DA:124,55
DA:130,55
DA:131,33
DA:133,36
DA:137,11
DA:138,11
DA:139,11
DA:140,198
DA:141,198
DA:142,11
DA:143,11
DA:144,11
DA:145,11
DA:146,11
DA:148,11
DA:152,66
DA:153,66
DA:154,66
DA:158,66
DA:162,33
DA:163,22
DA:164,22
DA:165,22
DA:167,11
DA:171,385
DA:172,385
DA:173,330
DA:174,330
DA:175,330
DA:176,330
DA:177,330
DA:178,275
DA:186,36
DA:187,36
DA:189,11
DA:190,11
DA:192,11
DA:193,33
DA:195,33
DA:196,55
DA:198,11
DA:199,11
DA:200,0
DA:203,33
DA:204,33
DA:205,22
DA:206,22
DA:207,22
DA:208,22
DA:209,55
DA:210,55
DA:211,55
DA:213,22
DA:216,33
DA:217,33
DA:218,33
DA:219,275
DA:221,275
DA:222,220
DA:224,220
DA:225,220
DA:227,220
DA:228,220
DA:230,220
DA:232,55
DA:235,275
DA:236,165
DA:237,330
DA:238,330
DA:241,330
DA:244,110
DA:245,110
DA:246,110
DA:247,110
DA:248,110
DA:249,110
DA:250,220
DA:253,220
DA:257,275
DA:260,33
DA:263,11
LF:133
LH:132
BRDA:16,0,0,0
BRDA:16,0,1,2223
BRDA:17,1,0,2223
BRDA:17,1,1,0
BRDA:22,2,0,0
BRDA:22,2,1,3127
BRDA:23,3,0,3127
BRDA:23,3,1,0
BRDA:33,4,0,56
BRDA:33,4,1,22
BRDA:34,5,0,34
BRDA:34,5,1,2
BRDA:35,6,0,0
BRDA:35,6,1,0
BRDA:36,7,0,0
BRDA:36,7,1,2
BRDA:37,8,0,0
BRDA:37,8,1,0
BRDA:38,9,0,2
BRDA:38,9,1,2
BRDA:43,10,0,25
BRDA:43,10,1,0
BRDA:45,11,0,25
BRDA:45,11,1,0
BRDA:46,12,0,40
BRDA:46,12,1,0
BRDA:47,13,0,24
BRDA:47,13,1,1
BRDA:50,14,0,3
BRDA:50,14,1,21
BRDA:50,15,0,24
BRDA:50,15,1,3
BRDA:58,16,0,25
BRDA:58,16,1,0
BRDA:67,17,0,36
BRDA:67,17,1,0
BRDA:68,18,0,36
BRDA:68,18,1,0
BRDA:78,19,0,0
BRDA:78,19,1,22
BRDA:82,20,0,682
BRDA:82,20,1,0
BRDA:83,21,0,0
BRDA:83,21,1,682
BRDA:84,22,0,682
BRDA:84,22,1,0
BRDA:84,23,0,682
BRDA:84,23,1,682
BRDA:84,24,0,682
BRDA:84,24,1,0
BRDA:86,25,0,682
BRDA:86,25,1,0
BRDA:94,26,0,226
BRDA:94,26,1,95
BRDA:95,27,0,95
BRDA:95,27,1,131
BRDA:96,28,0,6
BRDA:96,28,1,125
BRDA:96,29,0,131
BRDA:96,29,1,131
BRDA:97,30,0,7
BRDA:97,30,1,118
BRDA:97,31,0,125
BRDA:97,31,1,125
BRDA:97,31,2,118
BRDA:97,31,3,118
BRDA:98,32,0,72
BRDA:98,32,1,46
BRDA:98,33,0,118
BRDA:98,33,1,118
BRDA:99,34,0,40
BRDA:99,34,1,6
BRDA:99,35,0,46
BRDA:99,35,1,6
BRDA:99,35,2,6
BRDA:99,35,3,6
BRDA:99,35,4,6
BRDA:120,36,0,0
BRDA:120,36,1,33
BRDA:121,37,0,33
BRDA:121,37,1,0
BRDA:121,37,2,0
BRDA:122,38,0,22
BRDA:122,38,1,11
BRDA:123,39,0,22
BRDA:123,39,1,11
BRDA:128,40,0,44
BRDA:128,40,1,11
BRDA:129,41,0,44
BRDA:129,41,1,11
BRDA:141,42,0,187
BRDA:141,42,1,11
BRDA:143,43,0,0
BRDA:143,43,1,11
BRDA:144,44,0,11
BRDA:144,44,1,0
BRDA:145,45,0,0
BRDA:145,45,1,11
BRDA:153,46,0,0
BRDA:153,46,1,66
BRDA:154,47,0,0
BRDA:154,47,1,66
BRDA:162,48,0,22
BRDA:162,48,1,11
BRDA:162,49,0,33
BRDA:162,49,1,22
BRDA:164,50,0,0
BRDA:164,50,1,22
BRDA:171,51,0,385
BRDA:171,51,1,0
BRDA:172,52,0,55
BRDA:172,52,1,330
BRDA:172,53,0,385
BRDA:172,53,1,55
BRDA:173,54,0,0
BRDA:173,54,1,330
BRDA:174,55,0,0
BRDA:174,55,1,330
BRDA:174,56,0,330
BRDA:174,56,1,330
BRDA:175,57,0,275
BRDA:175,57,1,55
BRDA:175,58,0,330
BRDA:175,58,1,275
BRDA:176,59,0,275
BRDA:176,59,1,55
BRDA:176,60,0,330
BRDA:176,60,1,275
BRDA:177,61,0,55
BRDA:177,61,1,275
BRDA:177,62,0,330
BRDA:177,62,1,275
BRDA:187,63,0,25
BRDA:187,63,1,11
BRDA:195,64,0,22
BRDA:195,64,1,11
BRDA:199,65,0,11
BRDA:199,65,1,0
BRDA:204,66,0,22
BRDA:204,66,1,11
BRDA:209,67,0,55
BRDA:209,67,1,0
BRDA:210,68,0,55
BRDA:210,68,1,22
BRDA:221,69,0,220
BRDA:221,69,1,55
BRDA:221,70,0,275
BRDA:221,70,1,220
BRDA:224,71,0,0
BRDA:224,71,1,220
BRDA:225,72,0,0
BRDA:225,72,1,220
BRDA:235,73,0,165
BRDA:235,73,1,110
BRDA:238,74,0,55
BRDA:238,74,1,275
BRDA:250,75,0,220
BRDA:250,75,1,0
BRDA:250,76,0,220
BRDA:250,76,1,220
BRF:160
BRH:122
end_of_record
TN:
SF:docs/src/domain/serialize.js
FN:10,escapeXml
FN:20,serializeModel
FN:25,serializeLanguage
FN:30,buildNode
FN:80,serializeDefinition
FN:94,parseDefinitionXml
FN:114,buildDefinitionObject
FN:153,serializeVariable
FN:165,parseVariableXml
FN:194,buildElementObject
FN:199,(anonymous_10)
FN:204,(anonymous_11)
FN:205,(anonymous_12)
FNF:13
FNH:7
FNDA:6359,escapeXml
FNDA:46,serializeModel
FNDA:1,serializeLanguage
FNDA:6614,buildNode
FNDA:14,serializeDefinition
FNDA:12,parseDefinitionXml
FNDA:28,buildDefinitionObject
FNDA:0,serializeVariable
FNDA:0,parseVariableXml
FNDA:0,buildElementObject
FNDA:0,(anonymous_10)
FNDA:0,(anonymous_11)
FNDA:0,(anonymous_12)
DA:11,6359
DA:12,6359
DA:21,46
DA:26,1
DA:31,6614
DA:32,6614
DA:34,6614
DA:37,6614
DA:38,0
DA:42,6614
DA:43,1480
DA:46,5134
DA:47,5134
DA:49,5134
DA:50,9875
DA:52,9456
DA:53,672
DA:54,2231
DA:56,8784
DA:57,4324
DA:59,4460
DA:63,5134
DA:65,5134
DA:66,2227
DA:69,2907
DA:81,14
DA:82,2
DA:85,12
DA:95,12
DA:96,2
DA:99,10
DA:100,10
DA:102,10
DA:103,1
DA:106,9
DA:115,28
DA:118,28
DA:119,28
DA:120,16
DA:125,28
DA:126,59
DA:127,19
DA:128,19
DA:130,19
DA:131,17
DA:132,2
DA:133,0
DA:135,2
DA:137,40
DA:138,40
DA:139,40
DA:140,12
DA:145,28
DA:154,0
DA:156,0
DA:166,0
DA:167,0
DA:170,0
DA:171,0
DA:173,0
DA:174,0
DA:177,0
DA:180,0
DA:181,0
DA:184,0
DA:195,0
DA:198,0
DA:199,0
DA:203,0
DA:204,0
DA:205,0
DA:208,0
DA:211,0
DA:212,0
DA:215,0
DA:218,0
DA:219,0
DA:220,0
DA:225,0
DA:226,0
DA:230,0
DA:231,0
DA:232,0
DA:234,0
DA:235,0
DA:236,0
DA:237,0
DA:239,0
DA:243,0
LF:89
LH:51
BRDA:11,0,0,0
BRDA:11,0,1,6359
BRDA:34,1,0,0
BRDA:34,1,1,6614
BRDA:37,2,0,0
BRDA:37,2,1,6614
BRDA:42,3,0,1480
BRDA:42,3,1,5134
BRDA:42,4,0,6614
BRDA:42,4,1,1899
BRDA:50,5,0,419
BRDA:50,5,1,9456
BRDA:52,6,0,672
BRDA:52,6,1,8784
BRDA:56,7,0,4324
BRDA:56,7,1,4460
BRDA:63,8,0,5134
BRDA:63,8,1,4715
BRDA:65,9,0,2227
BRDA:65,9,1,2907
BRDA:65,10,0,5134
BRDA:65,10,1,2646
BRDA:70,11,0,419
BRDA:70,11,1,2488
BRDA:81,12,0,2
BRDA:81,12,1,12
BRDA:95,13,0,2
BRDA:95,13,1,10
BRDA:95,14,0,12
BRDA:95,14,1,11
BRDA:102,15,0,1
BRDA:102,15,1,9
BRDA:118,16,0,28
BRDA:118,16,1,0
BRDA:126,17,0,19
BRDA:126,17,1,40
BRDA:130,18,0,17
BRDA:130,18,1,2
BRDA:132,19,0,0
BRDA:132,19,1,2
BRDA:137,20,0,40
BRDA:137,20,1,0
BRDA:139,21,0,12
BRDA:139,21,1,28
BRDA:154,22,0,0
BRDA:154,22,1,0
BRDA:166,23,0,0
BRDA:166,23,1,0
BRDA:166,24,0,0
BRDA:166,24,1,0
BRDA:173,25,0,0
BRDA:173,25,1,0
BRDA:180,26,0,0
BRDA:180,26,1,0
BRDA:180,27,0,0
BRDA:180,27,1,0
BRDA:195,28,0,0
BRDA:195,28,1,0
BRDA:205,29,0,0
BRDA:205,29,1,0
BRDA:211,30,0,0
BRDA:211,30,1,0
BRDA:211,31,0,0
BRDA:211,31,1,0
BRDA:212,32,0,0
BRDA:212,32,1,0
BRDA:218,33,0,0
BRDA:218,33,1,0
BRDA:225,34,0,0
BRDA:225,34,1,0
BRDA:234,35,0,0
BRDA:234,35,1,0
BRDA:236,36,0,0
BRDA:236,36,1,0
BRF:74
BRH:38
end_of_record
TN:
SF:docs/src/domain/spreadsheetRenderer.js
FN:26,renderModelAsExcel
FN:140,makeRenderContext
FN:147,categorizeVariables
FN:185,addTableSheets
FN:201,determineSampleRowCount
FN:229,applyExcelColumnFormats
FN:232,(anonymous_6)
FN:270,addInputConfigSheet
FN:286,analyzeModelDiagnostics
FN:435,addReadmeSheet
FN:585,addCohortSheet
FN:643,addCohortStepSheet
FN:712,generateFormulaForVariable
FN:738,escapeRegex
FN:745,generateTableLookupFormula
FN:775,generateTableLookupFormulaAdvanced
FN:815,generatePiecewiseFormula
FN:908,convertExpressionToFormula
FN:974,(anonymous_18)
FN:989,(anonymous_19)
FN:996,(anonymous_20)
FN:1007,(anonymous_21)
FN:1014,(anonymous_22)
FN:1098,convertConstantExpressionToFormula
FN:1117,(anonymous_24)
FN:1143,convertExpressionToFormulaSimple
FN:1152,getColumnLetter
FN:1168,topologicalSort
FN:1173,visit
FN:1217,evaluateConstantsForPreview
FN:1221,(anonymous_30)
FN:1222,(anonymous_31)
FN:1228,fmt
FN:1238,numStr
FN:1242,evalVar
FN:1254,evalVarImpl
FN:1263,evalArith
FN:1275,evalExpr
FN:1291,(anonymous_38)
FN:1327,(anonymous_39)
FN:1328,(anonymous_40)
FN:1355,evaluateModelForPreview
FN:1377,(anonymous_42)
FN:1378,(anonymous_43)
FN:1383,evalVar
FN:1394,evalVarImpl
FN:1406,evalArith
FN:1429,evalExpr
FN:1442,(anonymous_48)
FN:1447,(anonymous_49)
FN:1452,(anonymous_50)
FN:1457,(anonymous_51)
FN:1462,(anonymous_52)
FN:1468,(anonymous_53)
FN:1474,(anonymous_54)
FN:1480,(anonymous_55)
FN:1485,(anonymous_56)
FN:1530,evalTableDef
FN:1543,(anonymous_58)
FN:1544,(anonymous_59)
FN:1548,(anonymous_60)
FN:1564,evalTableLookupDef
FN:1595,evalPiecewiseDef
FN:1609,fmt
FN:1620,numStr
FN:1627,(anonymous_65)
FN:1638,(anonymous_66)
FN:1657,escapeHtml
FN:1668,renderSheetAsHtml
FN:1678,(anonymous_69)
FN:1679,(anonymous_70)
FN:1681,(anonymous_71)
FN:1683,(anonymous_72)
FN:1701,(anonymous_73)
FN:1741,(anonymous_74)
FN:1746,(anonymous_75)
FN:1749,(anonymous_76)
FN:1754,(anonymous_77)
FN:1798,renderModelAsHTMLPreview
FN:1864,autoFitColumns
FN:1865,(anonymous_80)
FN:1868,(anonymous_81)
FN:1874,(anonymous_82)
FNF:83
FNH:60
FNDA:9,renderModelAsExcel
FNDA:15,makeRenderContext
FNDA:22,categorizeVariables
FNDA:0,addTableSheets
FNDA:0,determineSampleRowCount
FNDA:0,applyExcelColumnFormats
FNDA:0,(anonymous_6)
FNDA:0,addInputConfigSheet
FNDA:0,analyzeModelDiagnostics
FNDA:0,addReadmeSheet
FNDA:0,addCohortSheet
FNDA:0,addCohortStepSheet
FNDA:0,generateFormulaForVariable
FNDA:46495,escapeRegex
FNDA:4,generateTableLookupFormula
FNDA:1,generateTableLookupFormulaAdvanced
FNDA:4,generatePiecewiseFormula
FNDA:119,convertExpressionToFormula
FNDA:0,(anonymous_18)
FNDA:1,(anonymous_19)
FNDA:4,(anonymous_20)
FNDA:2,(anonymous_21)
FNDA:3,(anonymous_22)
FNDA:0,convertConstantExpressionToFormula
FNDA:0,(anonymous_24)
FNDA:0,convertExpressionToFormulaSimple
FNDA:37,getColumnLetter
FNDA:0,topologicalSort
FNDA:0,visit
FNDA:11,evaluateConstantsForPreview
FNDA:341,(anonymous_30)
FNDA:1278,(anonymous_31)
FNDA:222,fmt
FNDA:164,numStr
FNDA:386,evalVar
FNDA:222,evalVarImpl
FNDA:155,evalArith
FNDA:67,evalExpr
FNDA:164,(anonymous_38)
FNDA:222,(anonymous_39)
FNDA:222,(anonymous_40)
FNDA:11,evaluateModelForPreview
FNDA:341,(anonymous_42)
FNDA:1278,(anonymous_43)
FNDA:4515,evalVar
FNDA:1470,evalVarImpl
FNDA:130,evalArith
FNDA:1348,evalExpr
FNDA:66,(anonymous_48)
FNDA:0,(anonymous_49)
FNDA:252,(anonymous_50)
FNDA:108,(anonymous_51)
FNDA:0,(anonymous_52)
FNDA:22,(anonymous_53)
FNDA:0,(anonymous_54)
FNDA:1296,(anonymous_55)
FNDA:1403,(anonymous_56)
FNDA:48,evalTableDef
FNDA:48,(anonymous_58)
FNDA:48,(anonymous_59)
FNDA:24,(anonymous_60)
FNDA:36,evalTableLookupDef
FNDA:48,evalPiecewiseDef
FNDA:1296,fmt
FNDA:3147,numStr
FNDA:12,(anonymous_65)
FNDA:107,(anonymous_66)
FNDA:4687,escapeHtml
FNDA:53,renderSheetAsHtml
FNDA:1470,(anonymous_69)
FNDA:1527,(anonymous_70)
FNDA:243,(anonymous_71)
FNDA:226,(anonymous_72)
FNDA:2204,(anonymous_73)
FNDA:226,(anonymous_74)
FNDA:48,(anonymous_75)
FNDA:469,(anonymous_76)
FNDA:2204,(anonymous_77)
FNDA:15,renderModelAsHTMLPreview
FNDA:0,autoFitColumns
FNDA:0,(anonymous_80)
FNDA:0,(anonymous_81)
FNDA:0,(anonymous_82)
DA:27,9
DA:28,0
DA:31,9
DA:32,0
DA:36,9
DA:39,9
DA:40,9
DA:41,9
DA:43,0
DA:46,0
DA:49,0
DA:50,0
DA:53,0
DA:54,0
DA:57,0
DA:60,0
DA:63,0
DA:66,0
DA:67,0
DA:70,0
DA:71,0
DA:72,0
DA:73,0
DA:74,0
DA:77,0
DA:78,0
DA:79,0
DA:80,0
DA:81,0
DA:83,0
DA:85,0
DA:86,0
DA:89,0
DA:91,0
DA:94,0
DA:96,0
DA:97,0
DA:99,0
DA:100,0
DA:101,0
DA:102,0
DA:105,0
DA:109,0
DA:116,0
DA:119,0
DA:122,0
DA:123,0
DA:127,0
DA:128,0
DA:132,0
DA:133,0
DA:137,0
DA:141,15
DA:148,22
DA:149,22
DA:150,22
DA:151,22
DA:153,22
DA:154,22
DA:155,682
DA:156,682
DA:157,682
DA:159,682
DA:163,444
DA:164,444
DA:167,238
DA:168,24
DA:169,214
DA:171,160
DA:172,54
DA:174,54
DA:176,0
DA:180,22
DA:186,0
DA:187,0
DA:188,0
DA:189,0
DA:190,0
DA:191,0
DA:192,0
DA:204,0
DA:205,0
DA:208,0
DA:209,0
DA:214,0
DA:218,0
DA:230,0
DA:232,0
DA:233,0
DA:234,0
DA:235,0
DA:236,0
DA:238,0
DA:240,0
DA:241,0
DA:242,0
DA:243,0
DA:246,0
DA:247,0
DA:248,0
DA:249,0
DA:252,0
DA:253,0
DA:254,0
DA:255,0
DA:258,0
DA:260,0
DA:261,0
DA:262,0
DA:271,0
DA:272,0
DA:273,0
DA:274,0
DA:275,0
DA:276,0
DA:277,0
DA:287,0
DA:299,0
DA:307,0
DA:308,0
DA:309,0
DA:315,0
DA:318,0
DA:319,0
DA:323,0
DA:324,0
DA:325,0
DA:326,0
DA:332,0
DA:333,0
DA:334,0
DA:335,0
DA:337,0
DA:346,0
DA:347,0
DA:348,0
DA:349,0
DA:351,0
DA:359,0
DA:362,0
DA:363,0
DA:364,0
DA:366,0
DA:367,0
DA:368,0
DA:370,0
DA:373,0
DA:374,0
DA:375,0
DA:376,0
DA:377,0
DA:378,0
DA:380,0
DA:381,0
DA:384,0
DA:385,0
DA:389,0
DA:390,0
DA:391,0
DA:395,0
DA:399,0
DA:400,0
DA:402,0
DA:403,0
DA:404,0
DA:413,0
DA:414,0
DA:415,0
DA:416,0
DA:424,0
DA:425,0
DA:429,0
DA:436,0
DA:439,0
DA:440,0
DA:443,0
DA:444,0
DA:445,0
DA:448,0
DA:449,0
DA:450,0
DA:453,0
DA:455,0
DA:456,0
DA:457,0
DA:458,0
DA:459,0
DA:460,0
DA:461,0
DA:464,0
DA:468,0
DA:471,0
DA:472,0
DA:473,0
DA:476,0
DA:477,0
DA:478,0
DA:479,0
DA:480,0
DA:483,0
DA:484,0
DA:485,0
DA:487,0
DA:490,0
DA:491,0
DA:492,0
DA:493,0
DA:494,0
DA:496,0
DA:499,0
DA:500,0
DA:501,0
DA:502,0
DA:503,0
DA:506,0
DA:507,0
DA:508,0
DA:509,0
DA:510,0
DA:511,0
DA:512,0
DA:513,0
DA:516,0
DA:520,0
DA:521,0
DA:522,0
DA:524,0
DA:525,0
DA:526,0
DA:527,0
DA:529,0
DA:530,0
DA:532,0
DA:533,0
DA:537,0
DA:538,0
DA:539,0
DA:540,0
DA:541,0
DA:542,0
DA:543,0
DA:545,0
DA:546,0
DA:548,0
DA:549,0
DA:553,0
DA:554,0
DA:555,0
DA:556,0
DA:558,0
DA:559,0
DA:561,0
DA:562,0
DA:565,0
DA:566,0
DA:567,0
DA:571,0
DA:575,0
DA:576,0
DA:579,0
DA:586,0
DA:589,0
DA:590,0
DA:592,0
DA:593,0
DA:594,0
DA:595,0
DA:596,0
DA:597,0
DA:598,0
DA:600,0
DA:601,0
DA:604,0
DA:606,0
DA:607,0
DA:608,0
DA:609,0
DA:610,0
DA:613,0
DA:614,0
DA:616,0
DA:618,0
DA:619,0
DA:620,0
DA:622,0
DA:624,0
DA:625,0
DA:629,0
DA:632,0
DA:636,0
DA:637,0
DA:644,0
DA:647,0
DA:648,0
DA:649,0
DA:651,0
DA:652,0
DA:653,0
DA:654,0
DA:655,0
DA:656,0
DA:657,0
DA:659,0
DA:660,0
DA:664,0
DA:665,0
DA:666,0
DA:667,0
DA:668,0
DA:672,0
DA:673,0
DA:679,0
DA:680,0
DA:681,0
DA:682,0
DA:683,0
DA:685,0
DA:686,0
DA:687,0
DA:688,0
DA:689,0
DA:692,0
DA:695,0
DA:697,0
DA:698,0
DA:700,0
DA:704,0
DA:706,0
DA:713,0
DA:714,0
DA:717,0
DA:718,0
DA:719,0
DA:720,0
DA:721,0
DA:722,0
DA:723,0
DA:724,0
DA:725,0
DA:727,0
DA:729,0
DA:732,0
DA:739,46495
DA:746,4
DA:747,4
DA:748,0
DA:751,4
DA:752,4
DA:754,4
DA:755,0
DA:760,4
DA:769,4
DA:776,1
DA:777,1
DA:778,0
DA:781,1
DA:782,1
DA:783,1
DA:785,1
DA:786,0
DA:791,1
DA:794,1
DA:796,1
DA:797,1
DA:798,1
DA:806,1
DA:809,0
DA:826,4
DA:828,4
DA:829,4
DA:831,4
DA:835,4
DA:837,4
DA:838,4
DA:840,4
DA:842,51
DA:844,51
DA:846,51
DA:847,51
DA:850,51
DA:863,51
DA:864,2
DA:865,2
DA:869,49
DA:881,49
DA:882,49
DA:886,4
DA:888,4
DA:889,1
DA:896,3
DA:898,3
DA:899,28
DA:900,28
DA:903,3
DA:909,119
DA:910,0
DA:913,119
DA:914,119
DA:915,119
DA:916,119
DA:922,119
DA:923,119
DA:924,119
DA:925,119
DA:926,119
DA:933,119
DA:934,119
DA:935,0
DA:936,0
DA:937,0
DA:938,0
DA:944,119
DA:945,0
DA:946,0
DA:948,0
DA:950,0
DA:956,119
DA:957,36
DA:958,36
DA:959,36
DA:961,36
DA:973,36
DA:974,36
DA:976,0
DA:978,0
DA:981,0
DA:983,0
DA:988,36
DA:989,36
DA:990,1
DA:995,36
DA:996,36
DA:997,4
DA:998,4
DA:999,1
DA:1001,3
DA:1006,36
DA:1007,36
DA:1008,2
DA:1013,36
DA:1014,36
DA:1015,3
DA:1020,3
DA:1024,3
DA:1027,3
DA:1028,3
DA:1034,36
DA:1035,36
DA:1039,36
DA:1040,36
DA:1045,36
DA:1046,36
DA:1054,36
DA:1055,36
DA:1061,119
DA:1062,119
DA:1063,119
DA:1064,19
DA:1065,19
DA:1068,119
DA:1069,19
DA:1070,19
DA:1072,19
DA:1076,19
DA:1077,19
DA:1078,19
DA:1084,119
DA:1087,119
DA:1088,110
DA:1091,119
DA:1099,0
DA:1100,0
DA:1103,0
DA:1104,0
DA:1105,0
DA:1106,0
DA:1109,0
DA:1110,0
DA:1111,0
DA:1112,0
DA:1113,0
DA:1117,0
DA:1119,0
DA:1122,0
DA:1123,0
DA:1124,0
DA:1129,0
DA:1132,0
DA:1136,0
DA:1146,0
DA:1153,37
DA:1154,37
DA:1155,37
DA:1156,37
DA:1157,37
DA:1159,37
DA:1169,0
DA:1170,0
DA:1171,0
DA:1174,0
DA:1175,0
DA:1176,0
DA:1179,0
DA:1181,0
DA:1182,0
DA:1183,0
DA:1184,0
DA:1185,0
DA:1186,0
DA:1190,0
DA:1191,0
DA:1192,0
DA:1195,0
DA:1196,0
DA:1199,0
DA:1220,11
DA:1221,341
DA:1222,1278
DA:1225,11
DA:1229,222
DA:1230,222
DA:1231,222
DA:1232,222
DA:1233,96
DA:1235,0
DA:1239,164
DA:1243,386
DA:1244,386
DA:1245,386
DA:1246,222
DA:1247,222
DA:1248,222
DA:1249,222
DA:1250,222
DA:1251,222
DA:1255,222
DA:1256,155
DA:1257,67
DA:1258,0
DA:1264,155
DA:1265,155
DA:1266,155
DA:1267,155
DA:1268,155
DA:1269,155
DA:1271,0
DA:1276,67
DA:1277,67
DA:1280,67
DA:1281,67
DA:1282,67
DA:1283,67
DA:1286,67
DA:1287,2413
DA:1289,2413
DA:1291,164
DA:1296,67
DA:1312,67
DA:1315,67
DA:1317,67
DA:1318,67
DA:1319,67
DA:1320,0
DA:1322,0
DA:1326,11
DA:1327,222
DA:1329,222
DA:1330,222
DA:1331,222
DA:1334,222
DA:1335,222
DA:1336,222
DA:1337,222
DA:1340,222
DA:1343,11
DA:1358,11
DA:1361,11
DA:1362,11
DA:1363,9
DA:1366,11
DA:1367,11
DA:1368,11
DA:1369,11
DA:1370,11
DA:1371,11
DA:1376,11
DA:1377,341
DA:1378,1278
DA:1381,11
DA:1384,4515
DA:1385,4515
DA:1386,1470
DA:1387,1470
DA:1388,1470
DA:1389,1470
DA:1390,1470
DA:1391,1470
DA:1395,1470
DA:1396,130
DA:1397,1208
DA:1398,48
DA:1399,36
DA:1400,48
DA:1401,0
DA:1407,130
DA:1408,130
DA:1409,130
DA:1413,130
DA:1414,130
DA:1415,130
DA:1417,0
DA:1430,1348
DA:1431,1348
DA:1432,1348
DA:1433,1348
DA:1434,1348
DA:1437,1348
DA:1438,42493
DA:1440,42493
DA:1442,66
DA:1445,42493
DA:1447,0
DA:1450,42493
DA:1452,252
DA:1455,42493
DA:1457,108
DA:1460,42493
DA:1462,0
DA:1466,42493
DA:1468,22
DA:1472,42493
DA:1474,0
DA:1478,42493
DA:1480,1296
DA:1483,42493
DA:1485,1403
DA:1490,1348
DA:1491,1304
DA:1494,1348
DA:1495,919
DA:1499,1348
DA:1515,1348
DA:1519,1348
DA:1521,1348
DA:1522,1348
DA:1523,1348
DA:1524,164
DA:1526,0
DA:1531,48
DA:1532,48
DA:1533,48
DA:1534,48
DA:1536,48
DA:1537,48
DA:1539,48
DA:1540,48
DA:1542,48
DA:1543,48
DA:1544,48
DA:1546,48
DA:1548,24
DA:1549,12
DA:1551,36
DA:1553,36
DA:1554,36
DA:1555,72
DA:1556,36
DA:1558,36
DA:1560,0
DA:1565,36
DA:1566,36
DA:1567,36
DA:1568,36
DA:1569,36
DA:1571,36
DA:1572,36
DA:1575,36
DA:1576,36
DA:1578,36
DA:1579,36
DA:1580,180
DA:1581,36
DA:1583,36
DA:1585,36
DA:1586,36
DA:1587,36
DA:1588,36
DA:1589,36
DA:1591,0
DA:1596,48
DA:1597,92
DA:1598,92
DA:1599,92
DA:1600,48
DA:1603,0
DA:1610,1296
DA:1611,1296
DA:1612,1293
DA:1613,1293
DA:1614,960
DA:1616,3
DA:1621,3147
DA:1625,11
DA:1627,12
DA:1629,11
DA:1630,11
DA:1631,12
DA:1632,12
DA:1636,11
DA:1638,107
DA:1640,11
DA:1641,11
DA:1642,132
DA:1643,132
DA:1644,1284
DA:1645,1284
DA:1647,132
DA:1650,11
DA:1658,4687
DA:1670,53
DA:1671,53
DA:1673,53
DA:1674,53
DA:1675,53
DA:1676,53
DA:1678,1470
DA:1679,1527
DA:1681,243
DA:1683,53
DA:1684,226
DA:1685,226
DA:1686,226
DA:1689,226
DA:1690,226
DA:1691,226
DA:1692,226
DA:1696,101
DA:1698,87
DA:1701,53
DA:1702,2204
DA:1703,2204
DA:1706,2183
DA:1712,2183
DA:1714,1527
DA:1715,1527
DA:1717,27
DA:1718,27
DA:1721,1500
DA:1723,72
DA:1726,1428
DA:1728,1182
DA:1730,810
DA:1731,810
DA:1736,372
DA:1739,53
DA:1741,226
DA:1743,53
DA:1746,53
DA:1749,53
DA:1750,469
DA:1751,469
DA:1754,469
DA:1756,2204
DA:1757,2204
DA:1760,2204
DA:1765,2204
DA:1767,2204
DA:1768,15
DA:1769,15
DA:1772,2189
DA:1777,53
DA:1800,15
DA:1801,13
DA:1805,11
DA:1807,11
DA:1808,11
DA:1809,11
DA:1810,11
DA:1812,11
DA:1816,11
DA:1818,11
DA:1819,11
DA:1821,11
DA:1822,11
DA:1825,11
DA:1826,9
DA:1830,11
DA:1831,11
DA:1834,11
DA:1835,11
DA:1836,11
DA:1842,11
DA:1858,11
DA:1865,0
DA:1866,0
DA:1868,0
DA:1869,0
DA:1870,0
DA:1873,0
DA:1874,0
DA:1877,0
DA:1880,0
DA:1881,0
LF:803
LH:406
BRDA:27,0,0,0
BRDA:27,0,1,9
BRDA:27,1,0,9
BRDA:27,1,1,9
BRDA:31,2,0,0
BRDA:31,2,1,9
BRDA:31,3,0,9
BRDA:31,3,1,9
BRDA:36,4,0,9
BRDA:36,4,1,0
BRDA:39,5,0,9
BRDA:39,5,1,0
BRDA:39,6,0,9
BRDA:39,6,1,9
BRDA:54,7,0,0
BRDA:54,7,1,0
BRDA:66,8,0,0
BRDA:66,8,1,0
BRDA:79,9,0,0
BRDA:79,9,1,0
BRDA:83,10,0,0
BRDA:83,10,1,0
BRDA:89,11,0,0
BRDA:89,11,1,0
BRDA:97,12,0,0
BRDA:97,12,1,0
BRDA:101,13,0,0
BRDA:101,13,1,0
BRDA:122,14,0,0
BRDA:122,14,1,0
BRDA:127,15,0,0
BRDA:127,15,1,0
BRDA:140,16,0,15
BRDA:140,17,0,15
BRDA:153,18,0,22
BRDA:153,18,1,0
BRDA:156,19,0,682
BRDA:156,19,1,0
BRDA:156,20,0,682
BRDA:156,20,1,682
BRDA:159,21,0,444
BRDA:159,21,1,238
BRDA:163,22,0,444
BRDA:163,22,1,0
BRDA:163,23,0,444
BRDA:163,23,1,134
BRDA:167,24,0,24
BRDA:167,24,1,214
BRDA:167,25,0,238
BRDA:167,25,1,184
BRDA:169,26,0,160
BRDA:169,26,1,54
BRDA:169,27,0,214
BRDA:169,27,1,160
BRDA:172,28,0,54
BRDA:172,28,1,0
BRDA:172,29,0,54
BRDA:172,29,1,54
BRDA:172,29,2,54
BRDA:204,30,0,0
BRDA:204,30,1,0
BRDA:204,31,0,0
BRDA:204,31,1,0
BRDA:208,32,0,0
BRDA:208,32,1,0
BRDA:229,33,0,0
BRDA:229,34,0,0
BRDA:230,35,0,0
BRDA:230,35,1,0
BRDA:230,36,0,0
BRDA:230,36,1,0
BRDA:230,36,2,0
BRDA:233,37,0,0
BRDA:233,37,1,0
BRDA:235,38,0,0
BRDA:235,38,1,0
BRDA:235,38,2,0
BRDA:235,38,3,0
BRDA:240,39,0,0
BRDA:240,39,1,0
BRDA:246,40,0,0
BRDA:246,40,1,0
BRDA:252,41,0,0
BRDA:252,41,1,0
BRDA:258,42,0,0
BRDA:258,42,1,0
BRDA:307,43,0,0
BRDA:307,43,1,0
BRDA:308,44,0,0
BRDA:308,44,1,0
BRDA:318,45,0,0
BRDA:318,45,1,0
BRDA:319,46,0,0
BRDA:319,46,1,0
BRDA:324,47,0,0
BRDA:324,47,1,0
BRDA:325,48,0,0
BRDA:325,48,1,0
BRDA:332,49,0,0
BRDA:332,49,1,0
BRDA:334,50,0,0
BRDA:334,50,1,0
BRDA:335,51,0,0
BRDA:335,51,1,0
BRDA:339,52,0,0
BRDA:339,52,1,0
BRDA:346,53,0,0
BRDA:346,53,1,0
BRDA:348,54,0,0
BRDA:348,54,1,0
BRDA:349,55,0,0
BRDA:349,55,1,0
BRDA:353,56,0,0
BRDA:353,56,1,0
BRDA:364,57,0,0
BRDA:364,57,1,0
BRDA:366,58,0,0
BRDA:366,58,1,0
BRDA:370,59,0,0
BRDA:370,59,1,0
BRDA:370,60,0,0
BRDA:370,60,1,0
BRDA:376,61,0,0
BRDA:376,61,1,0
BRDA:377,62,0,0
BRDA:377,62,1,0
BRDA:384,63,0,0
BRDA:384,63,1,0
BRDA:390,64,0,0
BRDA:390,64,1,0
BRDA:400,65,0,0
BRDA:400,65,1,0
BRDA:400,66,0,0
BRDA:400,66,1,0
BRDA:400,66,2,0
BRDA:400,66,3,0
BRDA:402,67,0,0
BRDA:402,67,1,0
BRDA:403,68,0,0
BRDA:403,68,1,0
BRDA:415,69,0,0
BRDA:415,69,1,0
BRDA:415,70,0,0
BRDA:415,70,1,0
BRDA:418,71,0,0
BRDA:418,71,1,0
BRDA:424,72,0,0
BRDA:424,72,1,0
BRDA:424,73,0,0
BRDA:424,73,1,0
BRDA:456,74,0,0
BRDA:456,74,1,0
BRDA:461,75,0,0
BRDA:461,75,1,0
BRDA:483,76,0,0
BRDA:483,76,1,0
BRDA:499,77,0,0
BRDA:499,77,1,0
BRDA:506,78,0,0
BRDA:506,78,1,0
BRDA:508,79,0,0
BRDA:508,79,1,0
BRDA:510,80,0,0
BRDA:510,80,1,0
BRDA:512,81,0,0
BRDA:512,81,1,0
BRDA:520,82,0,0
BRDA:520,82,1,0
BRDA:529,83,0,0
BRDA:529,83,1,0
BRDA:537,84,0,0
BRDA:537,84,1,0
BRDA:545,85,0,0
BRDA:545,85,1,0
BRDA:555,86,0,0
BRDA:555,86,1,0
BRDA:558,87,0,0
BRDA:558,87,1,0
BRDA:561,88,0,0
BRDA:561,88,1,0
BRDA:565,89,0,0
BRDA:565,89,1,0
BRDA:595,90,0,0
BRDA:595,90,1,0
BRDA:608,91,0,0
BRDA:608,91,1,0
BRDA:616,92,0,0
BRDA:616,92,1,0
BRDA:619,93,0,0
BRDA:619,93,1,0
BRDA:619,93,2,0
BRDA:620,94,0,0
BRDA:620,94,1,0
BRDA:620,94,2,0
BRDA:622,95,0,0
BRDA:622,95,1,0
BRDA:622,96,0,0
BRDA:622,96,1,0
BRDA:647,97,0,0
BRDA:647,97,1,0
BRDA:654,98,0,0
BRDA:654,98,1,0
BRDA:682,99,0,0
BRDA:682,99,1,0
BRDA:687,100,0,0
BRDA:687,100,1,0
BRDA:697,101,0,0
BRDA:697,101,1,0
BRDA:717,102,0,0
BRDA:717,102,1,0
BRDA:719,103,0,0
BRDA:719,103,1,0
BRDA:721,104,0,0
BRDA:721,104,1,0
BRDA:723,105,0,0
BRDA:723,105,1,0
BRDA:725,106,0,0
BRDA:725,106,1,0
BRDA:747,107,0,0
BRDA:747,107,1,4
BRDA:747,108,0,4
BRDA:747,108,1,4
BRDA:747,108,2,4
BRDA:751,109,0,4
BRDA:751,109,1,0
BRDA:751,109,2,0
BRDA:752,110,0,4
BRDA:752,110,1,0
BRDA:752,110,2,0
BRDA:754,111,0,0
BRDA:754,111,1,4
BRDA:754,112,0,4
BRDA:754,112,1,4
BRDA:777,113,0,0
BRDA:777,113,1,1
BRDA:777,114,0,1
BRDA:777,114,1,1
BRDA:781,115,0,1
BRDA:781,115,1,0
BRDA:781,115,2,0
BRDA:782,116,0,1
BRDA:782,116,1,0
BRDA:782,116,2,0
BRDA:783,117,0,1
BRDA:783,117,1,0
BRDA:783,117,2,0
BRDA:785,118,0,0
BRDA:785,118,1,1
BRDA:794,119,0,1
BRDA:794,119,1,0
BRDA:794,120,0,1
BRDA:794,120,1,1
BRDA:798,121,0,1
BRDA:798,121,1,0
BRDA:829,122,0,0
BRDA:829,122,1,4
BRDA:829,123,0,4
BRDA:829,123,1,4
BRDA:831,124,0,4
BRDA:831,124,1,0
BRDA:835,125,0,0
BRDA:835,125,1,4
BRDA:842,126,0,51
BRDA:842,126,1,0
BRDA:842,127,0,0
BRDA:842,127,1,0
BRDA:844,128,0,51
BRDA:844,128,1,0
BRDA:844,129,0,0
BRDA:844,129,1,0
BRDA:850,130,0,51
BRDA:850,130,1,0
BRDA:863,131,0,2
BRDA:863,131,1,49
BRDA:864,132,0,2
BRDA:864,132,1,0
BRDA:881,133,0,49
BRDA:881,133,1,0
BRDA:886,134,0,0
BRDA:886,134,1,4
BRDA:886,135,0,0
BRDA:886,135,1,0
BRDA:888,136,0,1
BRDA:888,136,1,3
BRDA:896,137,0,3
BRDA:896,137,1,0
BRDA:909,138,0,0
BRDA:909,138,1,119
BRDA:909,139,0,119
BRDA:909,139,1,119
BRDA:914,140,0,119
BRDA:914,140,1,9
BRDA:916,141,0,9
BRDA:916,141,1,110
BRDA:934,142,0,0
BRDA:934,142,1,119
BRDA:944,143,0,0
BRDA:944,143,1,119
BRDA:958,144,0,36
BRDA:958,144,1,0
BRDA:978,145,0,0
BRDA:978,145,1,0
BRDA:998,146,0,1
BRDA:998,146,1,3
BRDA:1020,147,0,0
BRDA:1020,147,1,3
BRDA:1020,148,0,3
BRDA:1020,148,1,0
BRDA:1027,149,0,0
BRDA:1027,149,1,3
BRDA:1070,150,0,19
BRDA:1070,150,1,0
BRDA:1077,151,0,19
BRDA:1077,151,1,0
BRDA:1087,152,0,110
BRDA:1087,152,1,9
BRDA:1091,153,0,119
BRDA:1091,153,1,0
BRDA:1099,154,0,0
BRDA:1099,154,1,0
BRDA:1099,155,0,0
BRDA:1099,155,1,0
BRDA:1104,156,0,0
BRDA:1104,156,1,0
BRDA:1106,157,0,0
BRDA:1106,157,1,0
BRDA:1123,158,0,0
BRDA:1123,158,1,0
BRDA:1136,159,0,0
BRDA:1136,159,1,0
BRDA:1174,160,0,0
BRDA:1174,160,1,0
BRDA:1175,161,0,0
BRDA:1175,161,1,0
BRDA:1181,162,0,0
BRDA:1181,162,1,0
BRDA:1183,163,0,0
BRDA:1183,163,1,0
BRDA:1183,164,0,0
BRDA:1183,164,1,0
BRDA:1184,165,0,0
BRDA:1184,165,1,0
BRDA:1184,166,0,0
BRDA:1184,166,1,0
BRDA:1185,167,0,0
BRDA:1185,167,1,0
BRDA:1229,168,0,0
BRDA:1229,168,1,222
BRDA:1229,169,0,222
BRDA:1229,169,1,222
BRDA:1230,170,0,222
BRDA:1230,170,1,0
BRDA:1231,171,0,0
BRDA:1231,171,1,222
BRDA:1232,172,0,126
BRDA:1232,172,1,96
BRDA:1239,173,0,164
BRDA:1239,173,1,0
BRDA:1239,174,0,164
BRDA:1239,174,1,164
BRDA:1243,175,0,386
BRDA:1243,175,1,0
BRDA:1244,176,0,0
BRDA:1244,176,1,386
BRDA:1245,177,0,164
BRDA:1245,177,1,222
BRDA:1248,178,0,0
BRDA:1248,178,1,222
BRDA:1255,179,0,155
BRDA:1255,179,1,67
BRDA:1255,179,2,0
BRDA:1264,180,0,0
BRDA:1264,180,1,155
BRDA:1266,181,0,0
BRDA:1266,181,1,155
BRDA:1268,182,0,155
BRDA:1268,182,1,0
BRDA:1276,183,0,0
BRDA:1276,183,1,67
BRDA:1276,184,0,67
BRDA:1276,184,1,67
BRDA:1280,185,0,67
BRDA:1280,185,1,0
BRDA:1283,186,0,51
BRDA:1283,186,1,16
BRDA:1319,187,0,67
BRDA:1319,187,1,0
BRDA:1319,188,0,67
BRDA:1319,188,1,67
BRDA:1320,189,0,0
BRDA:1320,189,1,0
BRDA:1320,190,0,0
BRDA:1320,190,1,0
BRDA:1335,191,0,222
BRDA:1335,191,1,0
BRDA:1335,192,0,222
BRDA:1335,192,1,67
BRDA:1337,193,0,222
BRDA:1337,193,1,0
BRDA:1337,194,0,222
BRDA:1337,194,1,222
BRDA:1358,195,0,11
BRDA:1358,195,1,1
BRDA:1384,196,0,4515
BRDA:1384,196,1,1403
BRDA:1384,197,0,4515
BRDA:1384,197,1,1559
BRDA:1385,198,0,3045
BRDA:1385,198,1,1470
BRDA:1388,199,0,0
BRDA:1388,199,1,1470
BRDA:1395,200,0,130
BRDA:1395,200,1,1208
BRDA:1395,200,2,48
BRDA:1395,200,3,36
BRDA:1395,200,4,48
BRDA:1395,200,5,0
BRDA:1407,201,0,0
BRDA:1407,201,1,130
BRDA:1409,202,0,0
BRDA:1409,202,1,130
BRDA:1414,203,0,130
BRDA:1414,203,1,0
BRDA:1430,204,0,1348
BRDA:1430,204,1,0
BRDA:1432,205,0,429
BRDA:1432,205,1,919
BRDA:1433,206,0,0
BRDA:1433,206,1,1348
BRDA:1433,207,0,1348
BRDA:1433,207,1,1348
BRDA:1442,208,0,66
BRDA:1442,208,1,0
BRDA:1447,209,0,0
BRDA:1447,209,1,0
BRDA:1468,210,0,22
BRDA:1468,210,1,0
BRDA:1474,211,0,0
BRDA:1474,211,1,0
BRDA:1490,212,0,1304
BRDA:1490,212,1,44
BRDA:1490,213,0,1348
BRDA:1490,213,1,1304
BRDA:1494,214,0,919
BRDA:1494,214,1,429
BRDA:1523,215,0,1184
BRDA:1523,215,1,164
BRDA:1523,216,0,1348
BRDA:1523,216,1,1184
BRDA:1524,217,0,164
BRDA:1524,217,1,0
BRDA:1524,218,0,84
BRDA:1524,218,1,80
BRDA:1532,219,0,48
BRDA:1532,219,1,0
BRDA:1532,219,2,0
BRDA:1533,220,0,48
BRDA:1533,220,1,0
BRDA:1533,220,2,0
BRDA:1534,221,0,0
BRDA:1534,221,1,48
BRDA:1534,222,0,48
BRDA:1534,222,1,48
BRDA:1537,223,0,0
BRDA:1537,223,1,48
BRDA:1540,224,0,0
BRDA:1540,224,1,48
BRDA:1542,225,0,48
BRDA:1542,225,1,0
BRDA:1546,226,0,12
BRDA:1546,226,1,36
BRDA:1546,227,0,48
BRDA:1546,227,1,12
BRDA:1549,228,0,12
BRDA:1549,228,1,0
BRDA:1551,229,0,36
BRDA:1551,229,1,0
BRDA:1551,230,0,36
BRDA:1551,230,1,36
BRDA:1555,231,0,36
BRDA:1555,231,1,36
BRDA:1558,232,0,36
BRDA:1558,232,1,0
BRDA:1566,233,0,36
BRDA:1566,233,1,0
BRDA:1566,233,2,0
BRDA:1567,234,0,36
BRDA:1567,234,1,0
BRDA:1567,234,2,0
BRDA:1568,235,0,36
BRDA:1568,235,1,0
BRDA:1568,235,2,0
BRDA:1569,236,0,0
BRDA:1569,236,1,36
BRDA:1572,237,0,0
BRDA:1572,237,1,36
BRDA:1575,238,0,36
BRDA:1575,238,1,0
BRDA:1576,239,0,0
BRDA:1576,239,1,36
BRDA:1580,240,0,144
BRDA:1580,240,1,36
BRDA:1583,241,0,0
BRDA:1583,241,1,36
BRDA:1585,242,0,36
BRDA:1585,242,1,0
BRDA:1587,243,0,0
BRDA:1587,243,1,36
BRDA:1589,244,0,36
BRDA:1589,244,1,0
BRDA:1591,245,0,0
BRDA:1591,245,1,0
BRDA:1597,246,0,92
BRDA:1597,246,1,0
BRDA:1597,247,0,0
BRDA:1597,247,1,0
BRDA:1598,248,0,92
BRDA:1598,248,1,0
BRDA:1598,249,0,0
BRDA:1598,249,1,0
BRDA:1599,250,0,48
BRDA:1599,250,1,44
BRDA:1610,251,0,0
BRDA:1610,251,1,1296
BRDA:1610,252,0,1296
BRDA:1610,252,1,1296
BRDA:1611,253,0,1293
BRDA:1611,253,1,3
BRDA:1612,254,0,0
BRDA:1612,254,1,1293
BRDA:1613,255,0,333
BRDA:1613,255,1,960
BRDA:1621,256,0,3147
BRDA:1621,256,1,0
BRDA:1621,257,0,3147
BRDA:1621,257,1,3147
BRDA:1627,258,0,12
BRDA:1627,258,1,0
BRDA:1632,259,0,12
BRDA:1632,259,1,0
BRDA:1638,260,0,107
BRDA:1638,260,1,0
BRDA:1645,261,0,1284
BRDA:1645,261,1,0
BRDA:1658,262,0,0
BRDA:1658,262,1,4687
BRDA:1668,263,0,0
BRDA:1668,264,0,0
BRDA:1678,265,0,1470
BRDA:1678,265,1,1470
BRDA:1679,266,0,75
BRDA:1679,266,1,1452
BRDA:1679,267,0,1425
BRDA:1679,267,1,27
BRDA:1681,268,0,243
BRDA:1681,268,1,0
BRDA:1684,269,0,226
BRDA:1684,269,1,0
BRDA:1686,270,0,0
BRDA:1686,270,1,226
BRDA:1690,271,0,226
BRDA:1690,271,1,95
BRDA:1690,271,2,95
BRDA:1690,271,3,95
BRDA:1692,272,0,125
BRDA:1692,272,1,101
BRDA:1696,273,0,14
BRDA:1696,273,1,87
BRDA:1696,274,0,101
BRDA:1696,274,1,87
BRDA:1696,274,2,87
BRDA:1702,275,0,0
BRDA:1702,275,1,2204
BRDA:1703,276,0,21
BRDA:1703,276,1,2183
BRDA:1706,277,0,0
BRDA:1706,277,1,2183
BRDA:1712,278,0,656
BRDA:1712,278,1,1527
BRDA:1715,279,0,27
BRDA:1715,279,1,1500
BRDA:1715,280,0,1527
BRDA:1715,280,1,1500
BRDA:1717,281,0,0
BRDA:1717,281,1,27
BRDA:1717,282,0,27
BRDA:1717,282,1,0
BRDA:1717,283,0,0
BRDA:1717,283,1,0
BRDA:1721,284,0,72
BRDA:1721,284,1,1428
BRDA:1723,285,0,36
BRDA:1723,285,1,36
BRDA:1726,286,0,246
BRDA:1726,286,1,1182
BRDA:1728,287,0,810
BRDA:1728,287,1,372
BRDA:1731,288,0,600
BRDA:1731,288,1,210
BRDA:1743,289,0,53
BRDA:1743,289,1,50
BRDA:1743,289,2,17
BRDA:1743,290,0,53
BRDA:1743,290,1,0
BRDA:1744,291,0,50
BRDA:1744,291,1,0
BRDA:1746,292,0,48
BRDA:1746,292,1,18
BRDA:1750,293,0,15
BRDA:1750,293,1,454
BRDA:1750,294,0,469
BRDA:1750,294,1,24
BRDA:1751,295,0,3
BRDA:1751,295,1,466
BRDA:1751,296,0,469
BRDA:1751,296,1,15
BRDA:1751,296,2,15
BRDA:1756,297,0,2204
BRDA:1756,297,1,0
BRDA:1760,298,0,1464
BRDA:1760,298,1,740
BRDA:1760,299,0,2204
BRDA:1760,299,1,1385
BRDA:1760,299,2,1130
BRDA:1761,300,0,72
BRDA:1761,300,1,668
BRDA:1765,301,0,0
BRDA:1765,301,1,2204
BRDA:1767,302,0,15
BRDA:1767,302,1,2189
BRDA:1767,303,0,2204
BRDA:1767,303,1,120
BRDA:1767,303,2,24
BRDA:1798,304,0,15
BRDA:1800,305,0,2
BRDA:1800,305,1,13
BRDA:1801,306,0,2
BRDA:1801,306,1,11
BRDA:1805,307,0,11
BRDA:1805,307,1,1
BRDA:1818,308,0,11
BRDA:1818,308,1,0
BRDA:1821,309,0,11
BRDA:1821,309,1,0
BRDA:1834,310,0,11
BRDA:1834,310,1,0
BRDA:1864,311,0,0
BRDA:1864,312,0,0
BRDA:1864,313,0,0
BRDA:1870,314,0,0
BRDA:1870,314,1,0
BRDA:1873,315,0,0
BRDA:1873,315,1,0
BRDA:1873,316,0,0
BRDA:1873,316,1,0
BRF:655
BRH:296
end_of_record
TN:
SF:docs/src/domain/variableCrud.js
FN:22,createVariable
FN:95,readVariable
FN:117,(anonymous_2)
FN:138,updateVariable
FN:155,(anonymous_4)
FN:190,deleteVariable
FN:210,(anonymous_6)
FN:226,(anonymous_7)
FN:257,validateVariableId
FN:281,listVariables
FN:343,copyVariable
FNF:11
FNH:10
FNDA:14,createVariable
FNDA:62,readVariable
FNDA:507,(anonymous_2)
FNDA:14,updateVariable
FNDA:35,(anonymous_4)
FNDA:11,deleteVariable
FNDA:8,(anonymous_6)
FNDA:113,(anonymous_7)
FNDA:23,validateVariableId
FNDA:5,listVariables
FNDA:0,copyVariable
DA:24,14
DA:25,0
DA:28,14
DA:29,1
DA:33,13
DA:36,13
DA:37,13
DA:38,3
DA:42,10
DA:45,10
DA:46,0
DA:50,10
DA:56,10
DA:57,4
DA:59,10
DA:60,1
DA:62,10
DA:63,0
DA:67,10
DA:69,0
DA:70,10
DA:72,10
DA:75,0
DA:82,10
DA:83,10
DA:85,7
DA:97,62
DA:98,1
DA:102,61
DA:103,0
DA:106,61
DA:108,61
DA:109,0
DA:113,61
DA:116,61
DA:117,507
DA:121,0
DA:140,14
DA:142,14
DA:143,1
DA:147,13
DA:150,13
DA:151,13
DA:154,13
DA:155,35
DA:157,0
DA:161,13
DA:162,10
DA:164,13
DA:165,3
DA:167,13
DA:168,2
DA:170,13
DA:171,0
DA:175,13
DA:176,13
DA:178,8
DA:192,11
DA:194,11
DA:195,2
DA:198,9
DA:201,9
DA:202,9
DA:205,9
DA:206,9
DA:208,9
DA:210,8
DA:211,2
DA:212,2
DA:214,2
DA:219,7
DA:222,7
DA:224,7
DA:226,113
DA:228,7
DA:230,0
DA:231,7
DA:233,0
DA:236,7
DA:240,0
DA:244,7
DA:245,7
DA:247,7
DA:259,23
DA:260,1
DA:264,22
DA:266,5
DA:267,1
DA:269,4
DA:272,17
DA:282,5
DA:283,0
DA:287,5
DA:288,3
DA:290,3
DA:292,2
DA:293,2
DA:297,0
DA:304,3
DA:305,2
DA:308,2
DA:309,8
DA:310,8
DA:318,2
DA:319,34
DA:320,34
DA:327,2
DA:330,1
DA:345,0
DA:347,0
DA:348,0
DA:352,0
DA:355,0
DA:356,0
DA:357,0
DA:361,0
DA:367,0
DA:368,0
DA:370,0
DA:371,0
DA:373,0
DA:374,0
DA:378,0
LF:123
LH:93
BRDA:24,0,0,0
BRDA:24,0,1,14
BRDA:24,1,0,14
BRDA:24,1,1,14
BRDA:28,2,0,1
BRDA:28,2,1,13
BRDA:37,3,0,3
BRDA:37,3,1,10
BRDA:45,4,0,0
BRDA:45,4,1,10
BRDA:56,5,0,4
BRDA:56,5,1,6
BRDA:59,6,0,1
BRDA:59,6,1,9
BRDA:62,7,0,0
BRDA:62,7,1,10
BRDA:67,8,0,0
BRDA:67,8,1,10
BRDA:70,9,0,10
BRDA:70,9,1,0
BRDA:97,10,0,1
BRDA:97,10,1,61
BRDA:97,11,0,62
BRDA:97,11,1,61
BRDA:102,12,0,0
BRDA:102,12,1,61
BRDA:102,13,0,61
BRDA:102,13,1,61
BRDA:102,13,2,61
BRDA:108,14,0,0
BRDA:108,14,1,61
BRDA:116,15,0,61
BRDA:116,15,1,0
BRDA:117,16,0,61
BRDA:117,16,1,16
BRDA:121,17,0,0
BRDA:121,17,1,0
BRDA:142,18,0,1
BRDA:142,18,1,13
BRDA:154,19,0,13
BRDA:154,19,1,0
BRDA:161,20,0,10
BRDA:161,20,1,3
BRDA:164,21,0,3
BRDA:164,21,1,10
BRDA:167,22,0,2
BRDA:167,22,1,11
BRDA:170,23,0,0
BRDA:170,23,1,13
BRDA:194,24,0,2
BRDA:194,24,1,9
BRDA:205,25,0,9
BRDA:205,25,1,0
BRDA:205,26,0,9
BRDA:205,26,1,9
BRDA:208,27,0,2
BRDA:208,27,1,7
BRDA:208,28,0,9
BRDA:208,28,1,9
BRDA:212,29,0,2
BRDA:212,29,1,0
BRDA:224,30,0,7
BRDA:224,30,1,0
BRDA:228,31,0,0
BRDA:228,31,1,7
BRDA:231,32,0,0
BRDA:231,32,1,7
BRDA:259,33,0,1
BRDA:259,33,1,22
BRDA:259,34,0,23
BRDA:259,34,1,22
BRDA:264,35,0,5
BRDA:264,35,1,17
BRDA:266,36,0,1
BRDA:266,36,1,4
BRDA:282,37,0,0
BRDA:282,37,1,5
BRDA:282,38,0,5
BRDA:282,38,1,5
BRDA:287,39,0,3
BRDA:287,39,1,2
BRDA:290,40,0,2
BRDA:290,40,1,1
BRDA:292,41,0,2
BRDA:292,41,1,0
BRDA:304,42,0,2
BRDA:304,42,1,1
BRDA:304,43,0,3
BRDA:304,43,1,1
BRDA:309,44,0,8
BRDA:309,44,1,0
BRDA:312,45,0,8
BRDA:312,45,1,8
BRDA:319,46,0,34
BRDA:319,46,1,0
BRDA:322,47,0,34
BRDA:322,47,1,0
BRDA:347,48,0,0
BRDA:347,48,1,0
BRDA:356,49,0,0
BRDA:356,49,1,0
BRDA:367,50,0,0
BRDA:367,50,1,0
BRDA:370,51,0,0
BRDA:370,51,1,0
BRDA:373,52,0,0
BRDA:373,52,1,0
BRF:107
BRH:75
end_of_record
TN:
SF:docs/src/format/formatters.js
FN:8,formatError
FN:16,formatErrorNoStack
FN:24,formatLanguageLoaded
FN:31,formatModelResult
FN:36,formatModelResultText
FN:68,addListElements
FN:74,(anonymous_6)
FN:76,(anonymous_7)
FN:78,(anonymous_8)
FN:81,(anonymous_9)
FN:86,(anonymous_10)
FN:120,appendModelResultSection
FN:129,formatModelResultHTML
FNF:13
FNH:0
FNDA:0,formatError
FNDA:0,formatErrorNoStack
FNDA:0,formatLanguageLoaded
FNDA:0,formatModelResult
FNDA:0,formatModelResultText
FNDA:0,addListElements
FNDA:0,(anonymous_6)
FNDA:0,(anonymous_7)
FNDA:0,(anonymous_8)
FNDA:0,(anonymous_9)
FNDA:0,(anonymous_10)
FNDA:0,appendModelResultSection
FNDA:0,formatModelResultHTML
DA:9,0
DA:10,0
DA:11,0
DA:13,0
DA:17,0
DA:18,0
DA:19,0
DA:21,0
DA:25,0
DA:32,0
DA:43,0
DA:45,0
DA:71,0
DA:73,0
DA:74,0
DA:75,0
DA:76,0
DA:77,0
DA:78,0
DA:79,0
DA:80,0
DA:81,0
DA:83,0
DA:86,0
DA:87,0
DA:90,0
DA:94,0
DA:95,0
DA:96,0
DA:97,0
DA:98,0
DA:99,0
DA:100,0
DA:102,0
DA:105,0
DA:108,0
DA:109,0
DA:110,0
DA:113,0
DA:116,0
DA:121,0
DA:122,0
DA:123,0
DA:124,0
DA:125,0
DA:126,0
DA:136,0
DA:138,0
DA:139,0
DA:140,0
DA:141,0
DA:142,0
DA:143,0
DA:144,0
DA:145,0
DA:146,0
DA:147,0
DA:149,0
LF:58
LH:0
BRDA:10,0,0,0
BRDA:10,0,1,0
BRDA:18,1,0,0
BRDA:18,1,1,0
BRDA:49,2,0,0
BRDA:49,2,1,0
BRDA:52,3,0,0
BRDA:52,3,1,0
BRDA:68,4,0,0
BRDA:73,5,0,0
BRDA:73,5,1,0
BRDA:75,6,0,0
BRDA:75,6,1,0
BRDA:77,7,0,0
BRDA:77,7,1,0
BRDA:80,8,0,0
BRDA:80,8,1,0
BRDA:80,9,0,0
BRDA:80,9,1,0
BRDA:90,10,0,0
BRDA:90,10,1,0
BRDA:90,11,0,0
BRDA:90,11,1,0
BRDA:90,11,2,0
BRDA:90,11,3,0
BRDA:95,12,0,0
BRDA:95,12,1,0
BRDA:97,13,0,0
BRDA:97,13,1,0
BRDA:99,14,0,0
BRDA:99,14,1,0
BRF:31
BRH:0
end_of_record
TN:
SF:docs/src/utils/domParser.js
FN:3,createDOMParser
FNF:1
FNH:1
FNDA:125,createDOMParser
DA:1,23
DA:4,125
LF:2
LH:2
BRF:0
BRH:0
end_of_record
TN:
SF:docs/src/utils/export.js
FN:1,exportFile
FNF:1
FNH:0
FNDA:0,exportFile
DA:2,0
DA:3,0
DA:6,0
DA:7,0
DA:8,0
DA:11,0
DA:12,0
DA:13,0
DA:16,0
DA:17,0
DA:19,0
DA:20,0
DA:21,0
DA:23,0
DA:24,0
DA:26,0
DA:27,0
LF:17
LH:0
BRDA:1,0,0,0
BRDA:2,1,0,0
BRDA:2,1,1,0
BRDA:6,2,0,0
BRDA:6,2,1,0
BRDA:6,3,0,0
BRDA:6,3,1,0
BRDA:11,4,0,0
BRDA:11,4,1,0
BRDA:11,5,0,0
BRDA:11,5,1,0
BRF:11
BRH:0
end_of_record
TN:
SF:docs/src/utils/helpers.js
FN:4,sanitizeFilename
FN:13,escapeHtml
FN:28,setElementContent
FN:41,asArray
FN:46,enableElement
FN:50,getStringfromObject
FN:54,getObjectFromMap
FN:58,getObjectFromMapOfSets
FN:66,removeStringLiterals
FN:70,throwModelError
FN:77,parseXmlOrThrow
FN:84,(anonymous_11)
FN:92,getObjectFromXML
FN:96,buildNodeObject
FN:105,copyAttributes
FN:113,readChildren
FN:126,appendChildObject
FN:139,isElement
FN:143,isText
FNF:19
FNH:13
FNDA:0,sanitizeFilename
FNDA:0,escapeHtml
FNDA:0,setElementContent
FNDA:2858,asArray
FNDA:0,enableElement
FNDA:12,getStringfromObject
FNDA:0,getObjectFromMap
FNDA:0,getObjectFromMapOfSets
FNDA:1550,removeStringLiterals
FNDA:12,throwModelError
FNDA:125,parseXmlOrThrow
FNDA:1515,(anonymous_11)
FNDA:116,getObjectFromXML
FNDA:14026,buildNodeObject
FNDA:14026,copyAttributes
FNDA:14026,readChildren
FNDA:13910,appendChildObject
FNDA:38828,isElement
FNDA:38828,isText
DA:5,0
DA:14,0
DA:15,0
DA:17,0
DA:18,0
DA:20,0
DA:30,0
DA:31,0
DA:34,0
DA:36,0
DA:37,0
DA:42,2858
DA:43,2024
DA:47,0
DA:51,12
DA:55,0
DA:59,0
DA:60,0
DA:61,0
DA:63,0
DA:67,1550
DA:71,12
DA:72,12
DA:73,12
DA:74,12
DA:78,125
DA:80,125
DA:81,125
DA:82,125
DA:84,1515
DA:86,125
DA:87,125
DA:88,125
DA:93,116
DA:97,14026
DA:99,14026
DA:100,14026
DA:102,14026
DA:106,14026
DA:108,14026
DA:109,9061
DA:114,14026
DA:115,38828
DA:116,13910
DA:119,38828
DA:120,24505
DA:121,24505
DA:127,13910
DA:128,10673
DA:129,10673
DA:132,3237
DA:133,1078
DA:136,3237
DA:140,38828
DA:144,38828
LF:55
LH:38
BRDA:5,0,0,0
BRDA:5,0,1,0
BRDA:5,1,0,0
BRDA:5,1,1,0
BRDA:14,2,0,0
BRDA:14,2,1,0
BRDA:17,3,0,0
BRDA:17,3,1,0
BRDA:30,4,0,0
BRDA:30,4,1,0
BRDA:34,5,0,0
BRDA:34,5,1,0
BRDA:42,6,0,834
BRDA:42,6,1,2024
BRDA:43,7,0,1202
BRDA:43,7,1,822
BRDA:51,8,0,12
BRDA:51,8,1,0
BRDA:70,9,0,0
BRDA:84,10,0,125
BRDA:84,10,1,0
BRDA:87,11,0,0
BRDA:87,11,1,125
BRDA:106,12,0,0
BRDA:106,12,1,14026
BRDA:114,13,0,14026
BRDA:114,13,1,0
BRDA:115,14,0,13910
BRDA:115,14,1,24918
BRDA:119,15,0,24505
BRDA:119,15,1,14323
BRDA:121,16,0,5230
BRDA:121,16,1,19275
BRDA:127,17,0,10673
BRDA:127,17,1,3237
BRDA:132,18,0,1078
BRDA:132,18,1,2159
BRF:37
BRH:19
end_of_record
TN:
SF:docs/src/utils/logger.js
FN:5,logLogLevel
FN:11,log
FN:17,getCaller
FN:35,unknownCaller
FN:39,getStackFrames
FN:43,cleanFrame
FN:51,isInternalLoggerFrame
FN:61,readBrowserCaller
FN:72,readNodeCaller
FN:83,readNodeTopLevelCaller
FNF:10
FNH:8
FNDA:0,logLogLevel
FNDA:856,log
FNDA:5,getCaller
FNDA:0,unknownCaller
FNDA:5,getStackFrames
FNDA:55,cleanFrame
FNDA:20,isInternalLoggerFrame
FNDA:10,readBrowserCaller
FNDA:10,readNodeCaller
FNDA:5,readNodeTopLevelCaller
DA:6,0
DA:9,26
DA:12,856
DA:13,5
DA:14,5
DA:18,5
DA:19,5
DA:21,5
DA:22,20
DA:25,10
DA:29,10
DA:32,0
DA:36,0
DA:40,5
DA:44,55
DA:52,20
DA:62,10
DA:64,0
DA:65,0
DA:73,10
DA:74,10
DA:76,5
DA:84,5
DA:85,5
DA:87,0
LF:25
LH:19
BRDA:12,0,0,851
BRDA:12,0,1,5
BRDA:19,1,0,0
BRDA:19,1,1,5
BRDA:22,2,0,10
BRDA:22,2,1,10
BRDA:25,3,0,10
BRDA:25,3,1,10
BRDA:25,3,2,5
BRDA:29,4,0,5
BRDA:29,4,1,5
BRDA:53,5,0,20
BRDA:53,5,1,15
BRDA:53,5,2,15
BRDA:53,5,3,10
BRDA:62,6,0,10
BRDA:62,6,1,0
BRDA:66,7,0,0
BRDA:66,7,1,0
BRDA:67,8,0,0
BRDA:67,8,1,0
BRDA:74,9,0,5
BRDA:74,9,1,5
BRDA:85,10,0,5
BRDA:85,10,1,0
BRF:25
BRH:18
end_of_record
TN:
SF:tests/helpers/fixtures.ts
FN:3,getFixture
FNF:1
FNH:1
FNDA:59,getFixture
DA:4,59
LF:1
LH:1
BRF:0
BRH:0
end_of_record
TN:
SF:tests/helpers/xml.js
FN:9,loadXml
FN:15,loadXmlFromText
FN:19,(anonymous_2)
FNF:3
FNH:3
FNDA:24,loadXml
FNDA:26,loadXmlFromText
FNDA:26,(anonymous_2)
DA:6,20
DA:10,24
DA:11,24
DA:12,24
DA:16,26
DA:19,26
DA:21,26
LF:7
LH:7
BRF:0
BRH:0
end_of_record
